[2025-08-01T14:22:13.771+0200] {processor.py:157} INFO - Started process (PID=6580) to work on /Users/adelinerobinet/Documents/Projets Python/exam-fluzz-fraud-detection/adeline/pipelines/airflow/fraud_pipeline.py
[2025-08-01T14:22:13.773+0200] {processor.py:829} INFO - Processing file /Users/adelinerobinet/Documents/Projets Python/exam-fluzz-fraud-detection/adeline/pipelines/airflow/fraud_pipeline.py for tasks to queue
[2025-08-01T14:22:13.773+0200] {logging_mixin.py:154} INFO - [2025-08-01T14:22:13.773+0200] {dagbag.py:536} INFO - Filling up the DagBag from /Users/adelinerobinet/Documents/Projets Python/exam-fluzz-fraud-detection/adeline/pipelines/airflow/fraud_pipeline.py
[2025-08-01T14:22:13.815+0200] {processor.py:839} INFO - DAG(s) dict_keys(['fraud_detection_pipeline']) retrieved from /Users/adelinerobinet/Documents/Projets Python/exam-fluzz-fraud-detection/adeline/pipelines/airflow/fraud_pipeline.py
[2025-08-01T14:22:14.628+0200] {logging_mixin.py:154} INFO - [2025-08-01T14:22:14.628+0200] {manager.py:499} INFO - Created Permission View: %s
[2025-08-01T14:22:14.634+0200] {logging_mixin.py:154} INFO - [2025-08-01T14:22:14.633+0200] {manager.py:499} INFO - Created Permission View: %s
[2025-08-01T14:22:14.640+0200] {logging_mixin.py:154} INFO - [2025-08-01T14:22:14.640+0200] {manager.py:499} INFO - Created Permission View: %s
[2025-08-01T14:22:14.640+0200] {logging_mixin.py:154} INFO - [2025-08-01T14:22:14.640+0200] {dag.py:2941} INFO - Sync 1 DAGs
[2025-08-01T14:22:14.646+0200] {logging_mixin.py:154} INFO - [2025-08-01T14:22:14.646+0200] {dag.py:2963} INFO - Creating ORM DAG for fraud_detection_pipeline
[2025-08-01T14:22:14.649+0200] {logging_mixin.py:154} INFO - [2025-08-01T14:22:14.649+0200] {dag.py:3722} INFO - Setting next_dagrun for fraud_detection_pipeline to 2025-07-31T00:00:00+00:00, run_after=2025-08-01T00:00:00+00:00
[2025-08-01T14:22:14.659+0200] {processor.py:179} INFO - Processing /Users/adelinerobinet/Documents/Projets Python/exam-fluzz-fraud-detection/adeline/pipelines/airflow/fraud_pipeline.py took 0.889 seconds
[2025-08-01T14:22:45.884+0200] {processor.py:157} INFO - Started process (PID=6675) to work on /Users/adelinerobinet/Documents/Projets Python/exam-fluzz-fraud-detection/adeline/pipelines/airflow/fraud_pipeline.py
[2025-08-01T14:22:45.892+0200] {processor.py:829} INFO - Processing file /Users/adelinerobinet/Documents/Projets Python/exam-fluzz-fraud-detection/adeline/pipelines/airflow/fraud_pipeline.py for tasks to queue
[2025-08-01T14:22:45.892+0200] {logging_mixin.py:154} INFO - [2025-08-01T14:22:45.892+0200] {dagbag.py:536} INFO - Filling up the DagBag from /Users/adelinerobinet/Documents/Projets Python/exam-fluzz-fraud-detection/adeline/pipelines/airflow/fraud_pipeline.py
[2025-08-01T14:22:45.927+0200] {processor.py:839} INFO - DAG(s) dict_keys(['fraud_detection_pipeline']) retrieved from /Users/adelinerobinet/Documents/Projets Python/exam-fluzz-fraud-detection/adeline/pipelines/airflow/fraud_pipeline.py
[2025-08-01T14:22:46.076+0200] {logging_mixin.py:154} INFO - [2025-08-01T14:22:46.076+0200] {dag.py:2941} INFO - Sync 1 DAGs
[2025-08-01T14:22:46.083+0200] {logging_mixin.py:154} INFO - [2025-08-01T14:22:46.083+0200] {dag.py:3722} INFO - Setting next_dagrun for fraud_detection_pipeline to 2025-08-01T00:00:00+00:00, run_after=2025-08-02T00:00:00+00:00
[2025-08-01T14:22:46.093+0200] {processor.py:179} INFO - Processing /Users/adelinerobinet/Documents/Projets Python/exam-fluzz-fraud-detection/adeline/pipelines/airflow/fraud_pipeline.py took 0.210 seconds
[2025-08-01T14:23:17.532+0200] {processor.py:157} INFO - Started process (PID=6694) to work on /Users/adelinerobinet/Documents/Projets Python/exam-fluzz-fraud-detection/adeline/pipelines/airflow/fraud_pipeline.py
[2025-08-01T14:23:17.544+0200] {processor.py:829} INFO - Processing file /Users/adelinerobinet/Documents/Projets Python/exam-fluzz-fraud-detection/adeline/pipelines/airflow/fraud_pipeline.py for tasks to queue
[2025-08-01T14:23:17.545+0200] {logging_mixin.py:154} INFO - [2025-08-01T14:23:17.545+0200] {dagbag.py:536} INFO - Filling up the DagBag from /Users/adelinerobinet/Documents/Projets Python/exam-fluzz-fraud-detection/adeline/pipelines/airflow/fraud_pipeline.py
[2025-08-01T14:23:17.587+0200] {processor.py:839} INFO - DAG(s) dict_keys(['fraud_detection_pipeline']) retrieved from /Users/adelinerobinet/Documents/Projets Python/exam-fluzz-fraud-detection/adeline/pipelines/airflow/fraud_pipeline.py
[2025-08-01T14:23:17.741+0200] {logging_mixin.py:154} INFO - [2025-08-01T14:23:17.741+0200] {dag.py:2941} INFO - Sync 1 DAGs
[2025-08-01T14:23:17.748+0200] {logging_mixin.py:154} INFO - [2025-08-01T14:23:17.748+0200] {dag.py:3722} INFO - Setting next_dagrun for fraud_detection_pipeline to 2025-08-01T00:00:00+00:00, run_after=2025-08-02T00:00:00+00:00
[2025-08-01T14:23:17.766+0200] {processor.py:179} INFO - Processing /Users/adelinerobinet/Documents/Projets Python/exam-fluzz-fraud-detection/adeline/pipelines/airflow/fraud_pipeline.py took 0.235 seconds
[2025-08-01T14:23:49.956+0200] {processor.py:157} INFO - Started process (PID=6701) to work on /Users/adelinerobinet/Documents/Projets Python/exam-fluzz-fraud-detection/adeline/pipelines/airflow/fraud_pipeline.py
[2025-08-01T14:23:49.973+0200] {processor.py:829} INFO - Processing file /Users/adelinerobinet/Documents/Projets Python/exam-fluzz-fraud-detection/adeline/pipelines/airflow/fraud_pipeline.py for tasks to queue
[2025-08-01T14:23:49.974+0200] {logging_mixin.py:154} INFO - [2025-08-01T14:23:49.974+0200] {dagbag.py:536} INFO - Filling up the DagBag from /Users/adelinerobinet/Documents/Projets Python/exam-fluzz-fraud-detection/adeline/pipelines/airflow/fraud_pipeline.py
[2025-08-01T14:23:50.155+0200] {processor.py:839} INFO - DAG(s) dict_keys(['fraud_detection_pipeline']) retrieved from /Users/adelinerobinet/Documents/Projets Python/exam-fluzz-fraud-detection/adeline/pipelines/airflow/fraud_pipeline.py
[2025-08-01T14:23:50.474+0200] {logging_mixin.py:154} INFO - [2025-08-01T14:23:50.473+0200] {dag.py:2941} INFO - Sync 1 DAGs
[2025-08-01T14:23:50.485+0200] {logging_mixin.py:154} INFO - [2025-08-01T14:23:50.485+0200] {dag.py:3722} INFO - Setting next_dagrun for fraud_detection_pipeline to 2025-08-01T00:00:00+00:00, run_after=2025-08-02T00:00:00+00:00
[2025-08-01T14:23:50.505+0200] {processor.py:179} INFO - Processing /Users/adelinerobinet/Documents/Projets Python/exam-fluzz-fraud-detection/adeline/pipelines/airflow/fraud_pipeline.py took 0.550 seconds
[2025-08-01T14:24:21.997+0200] {processor.py:157} INFO - Started process (PID=6720) to work on /Users/adelinerobinet/Documents/Projets Python/exam-fluzz-fraud-detection/adeline/pipelines/airflow/fraud_pipeline.py
[2025-08-01T14:24:22.006+0200] {processor.py:829} INFO - Processing file /Users/adelinerobinet/Documents/Projets Python/exam-fluzz-fraud-detection/adeline/pipelines/airflow/fraud_pipeline.py for tasks to queue
[2025-08-01T14:24:22.006+0200] {logging_mixin.py:154} INFO - [2025-08-01T14:24:22.006+0200] {dagbag.py:536} INFO - Filling up the DagBag from /Users/adelinerobinet/Documents/Projets Python/exam-fluzz-fraud-detection/adeline/pipelines/airflow/fraud_pipeline.py
[2025-08-01T14:24:22.042+0200] {processor.py:839} INFO - DAG(s) dict_keys(['fraud_detection_pipeline']) retrieved from /Users/adelinerobinet/Documents/Projets Python/exam-fluzz-fraud-detection/adeline/pipelines/airflow/fraud_pipeline.py
[2025-08-01T14:24:22.217+0200] {logging_mixin.py:154} INFO - [2025-08-01T14:24:22.217+0200] {dag.py:2941} INFO - Sync 1 DAGs
[2025-08-01T14:24:22.224+0200] {logging_mixin.py:154} INFO - [2025-08-01T14:24:22.224+0200] {dag.py:3722} INFO - Setting next_dagrun for fraud_detection_pipeline to 2025-08-01T00:00:00+00:00, run_after=2025-08-02T00:00:00+00:00
[2025-08-01T14:24:22.241+0200] {processor.py:179} INFO - Processing /Users/adelinerobinet/Documents/Projets Python/exam-fluzz-fraud-detection/adeline/pipelines/airflow/fraud_pipeline.py took 0.245 seconds
[2025-08-01T14:24:53.722+0200] {processor.py:157} INFO - Started process (PID=6770) to work on /Users/adelinerobinet/Documents/Projets Python/exam-fluzz-fraud-detection/adeline/pipelines/airflow/fraud_pipeline.py
[2025-08-01T14:24:53.735+0200] {processor.py:829} INFO - Processing file /Users/adelinerobinet/Documents/Projets Python/exam-fluzz-fraud-detection/adeline/pipelines/airflow/fraud_pipeline.py for tasks to queue
[2025-08-01T14:24:53.735+0200] {logging_mixin.py:154} INFO - [2025-08-01T14:24:53.735+0200] {dagbag.py:536} INFO - Filling up the DagBag from /Users/adelinerobinet/Documents/Projets Python/exam-fluzz-fraud-detection/adeline/pipelines/airflow/fraud_pipeline.py
[2025-08-01T14:24:53.774+0200] {processor.py:839} INFO - DAG(s) dict_keys(['fraud_detection_pipeline']) retrieved from /Users/adelinerobinet/Documents/Projets Python/exam-fluzz-fraud-detection/adeline/pipelines/airflow/fraud_pipeline.py
[2025-08-01T14:24:53.937+0200] {logging_mixin.py:154} INFO - [2025-08-01T14:24:53.936+0200] {dag.py:2941} INFO - Sync 1 DAGs
[2025-08-01T14:24:53.943+0200] {logging_mixin.py:154} INFO - [2025-08-01T14:24:53.943+0200] {dag.py:3722} INFO - Setting next_dagrun for fraud_detection_pipeline to 2025-08-01T00:00:00+00:00, run_after=2025-08-02T00:00:00+00:00
[2025-08-01T14:24:53.959+0200] {processor.py:179} INFO - Processing /Users/adelinerobinet/Documents/Projets Python/exam-fluzz-fraud-detection/adeline/pipelines/airflow/fraud_pipeline.py took 0.237 seconds
[2025-08-01T14:25:25.299+0200] {processor.py:157} INFO - Started process (PID=6885) to work on /Users/adelinerobinet/Documents/Projets Python/exam-fluzz-fraud-detection/adeline/pipelines/airflow/fraud_pipeline.py
[2025-08-01T14:25:25.309+0200] {processor.py:829} INFO - Processing file /Users/adelinerobinet/Documents/Projets Python/exam-fluzz-fraud-detection/adeline/pipelines/airflow/fraud_pipeline.py for tasks to queue
[2025-08-01T14:25:25.309+0200] {logging_mixin.py:154} INFO - [2025-08-01T14:25:25.309+0200] {dagbag.py:536} INFO - Filling up the DagBag from /Users/adelinerobinet/Documents/Projets Python/exam-fluzz-fraud-detection/adeline/pipelines/airflow/fraud_pipeline.py
[2025-08-01T14:25:25.352+0200] {processor.py:839} INFO - DAG(s) dict_keys(['fraud_detection_pipeline']) retrieved from /Users/adelinerobinet/Documents/Projets Python/exam-fluzz-fraud-detection/adeline/pipelines/airflow/fraud_pipeline.py
[2025-08-01T14:25:25.545+0200] {logging_mixin.py:154} INFO - [2025-08-01T14:25:25.545+0200] {dag.py:2941} INFO - Sync 1 DAGs
[2025-08-01T14:25:25.552+0200] {logging_mixin.py:154} INFO - [2025-08-01T14:25:25.552+0200] {dag.py:3722} INFO - Setting next_dagrun for fraud_detection_pipeline to 2025-08-01T00:00:00+00:00, run_after=2025-08-02T00:00:00+00:00
[2025-08-01T14:25:25.571+0200] {processor.py:179} INFO - Processing /Users/adelinerobinet/Documents/Projets Python/exam-fluzz-fraud-detection/adeline/pipelines/airflow/fraud_pipeline.py took 0.273 seconds
[2025-08-01T14:25:56.848+0200] {processor.py:157} INFO - Started process (PID=6946) to work on /Users/adelinerobinet/Documents/Projets Python/exam-fluzz-fraud-detection/adeline/pipelines/airflow/fraud_pipeline.py
[2025-08-01T14:25:56.861+0200] {processor.py:829} INFO - Processing file /Users/adelinerobinet/Documents/Projets Python/exam-fluzz-fraud-detection/adeline/pipelines/airflow/fraud_pipeline.py for tasks to queue
[2025-08-01T14:25:56.861+0200] {logging_mixin.py:154} INFO - [2025-08-01T14:25:56.861+0200] {dagbag.py:536} INFO - Filling up the DagBag from /Users/adelinerobinet/Documents/Projets Python/exam-fluzz-fraud-detection/adeline/pipelines/airflow/fraud_pipeline.py
[2025-08-01T14:25:56.902+0200] {processor.py:839} INFO - DAG(s) dict_keys(['fraud_detection_pipeline']) retrieved from /Users/adelinerobinet/Documents/Projets Python/exam-fluzz-fraud-detection/adeline/pipelines/airflow/fraud_pipeline.py
[2025-08-01T14:25:57.070+0200] {logging_mixin.py:154} INFO - [2025-08-01T14:25:57.069+0200] {dag.py:2941} INFO - Sync 1 DAGs
[2025-08-01T14:25:57.077+0200] {logging_mixin.py:154} INFO - [2025-08-01T14:25:57.077+0200] {dag.py:3722} INFO - Setting next_dagrun for fraud_detection_pipeline to 2025-08-01T00:00:00+00:00, run_after=2025-08-02T00:00:00+00:00
[2025-08-01T14:25:57.095+0200] {processor.py:179} INFO - Processing /Users/adelinerobinet/Documents/Projets Python/exam-fluzz-fraud-detection/adeline/pipelines/airflow/fraud_pipeline.py took 0.248 seconds
[2025-08-01T14:26:28.349+0200] {processor.py:157} INFO - Started process (PID=7042) to work on /Users/adelinerobinet/Documents/Projets Python/exam-fluzz-fraud-detection/adeline/pipelines/airflow/fraud_pipeline.py
[2025-08-01T14:26:28.361+0200] {processor.py:829} INFO - Processing file /Users/adelinerobinet/Documents/Projets Python/exam-fluzz-fraud-detection/adeline/pipelines/airflow/fraud_pipeline.py for tasks to queue
[2025-08-01T14:26:28.362+0200] {logging_mixin.py:154} INFO - [2025-08-01T14:26:28.362+0200] {dagbag.py:536} INFO - Filling up the DagBag from /Users/adelinerobinet/Documents/Projets Python/exam-fluzz-fraud-detection/adeline/pipelines/airflow/fraud_pipeline.py
[2025-08-01T14:26:28.399+0200] {processor.py:839} INFO - DAG(s) dict_keys(['fraud_detection_pipeline']) retrieved from /Users/adelinerobinet/Documents/Projets Python/exam-fluzz-fraud-detection/adeline/pipelines/airflow/fraud_pipeline.py
[2025-08-01T14:26:28.565+0200] {logging_mixin.py:154} INFO - [2025-08-01T14:26:28.565+0200] {dag.py:2941} INFO - Sync 1 DAGs
[2025-08-01T14:26:28.571+0200] {logging_mixin.py:154} INFO - [2025-08-01T14:26:28.571+0200] {dag.py:3722} INFO - Setting next_dagrun for fraud_detection_pipeline to 2025-08-01T00:00:00+00:00, run_after=2025-08-02T00:00:00+00:00
[2025-08-01T14:26:28.588+0200] {processor.py:179} INFO - Processing /Users/adelinerobinet/Documents/Projets Python/exam-fluzz-fraud-detection/adeline/pipelines/airflow/fraud_pipeline.py took 0.239 seconds
[2025-08-01T14:26:59.952+0200] {processor.py:157} INFO - Started process (PID=7190) to work on /Users/adelinerobinet/Documents/Projets Python/exam-fluzz-fraud-detection/adeline/pipelines/airflow/fraud_pipeline.py
[2025-08-01T14:26:59.962+0200] {processor.py:829} INFO - Processing file /Users/adelinerobinet/Documents/Projets Python/exam-fluzz-fraud-detection/adeline/pipelines/airflow/fraud_pipeline.py for tasks to queue
[2025-08-01T14:26:59.962+0200] {logging_mixin.py:154} INFO - [2025-08-01T14:26:59.962+0200] {dagbag.py:536} INFO - Filling up the DagBag from /Users/adelinerobinet/Documents/Projets Python/exam-fluzz-fraud-detection/adeline/pipelines/airflow/fraud_pipeline.py
[2025-08-01T14:27:00.009+0200] {processor.py:839} INFO - DAG(s) dict_keys(['fraud_detection_pipeline']) retrieved from /Users/adelinerobinet/Documents/Projets Python/exam-fluzz-fraud-detection/adeline/pipelines/airflow/fraud_pipeline.py
[2025-08-01T14:27:00.189+0200] {logging_mixin.py:154} INFO - [2025-08-01T14:27:00.189+0200] {dag.py:2941} INFO - Sync 1 DAGs
[2025-08-01T14:27:00.196+0200] {logging_mixin.py:154} INFO - [2025-08-01T14:27:00.195+0200] {dag.py:3722} INFO - Setting next_dagrun for fraud_detection_pipeline to 2025-08-01T00:00:00+00:00, run_after=2025-08-02T00:00:00+00:00
[2025-08-01T14:27:00.213+0200] {processor.py:179} INFO - Processing /Users/adelinerobinet/Documents/Projets Python/exam-fluzz-fraud-detection/adeline/pipelines/airflow/fraud_pipeline.py took 0.261 seconds
[2025-08-01T14:27:31.775+0200] {processor.py:157} INFO - Started process (PID=7281) to work on /Users/adelinerobinet/Documents/Projets Python/exam-fluzz-fraud-detection/adeline/pipelines/airflow/fraud_pipeline.py
[2025-08-01T14:27:31.777+0200] {processor.py:829} INFO - Processing file /Users/adelinerobinet/Documents/Projets Python/exam-fluzz-fraud-detection/adeline/pipelines/airflow/fraud_pipeline.py for tasks to queue
[2025-08-01T14:27:31.777+0200] {logging_mixin.py:154} INFO - [2025-08-01T14:27:31.777+0200] {dagbag.py:536} INFO - Filling up the DagBag from /Users/adelinerobinet/Documents/Projets Python/exam-fluzz-fraud-detection/adeline/pipelines/airflow/fraud_pipeline.py
[2025-08-01T14:27:31.814+0200] {processor.py:839} INFO - DAG(s) dict_keys(['fraud_detection_pipeline']) retrieved from /Users/adelinerobinet/Documents/Projets Python/exam-fluzz-fraud-detection/adeline/pipelines/airflow/fraud_pipeline.py
[2025-08-01T14:27:31.974+0200] {logging_mixin.py:154} INFO - [2025-08-01T14:27:31.974+0200] {dag.py:2941} INFO - Sync 1 DAGs
[2025-08-01T14:27:31.981+0200] {logging_mixin.py:154} INFO - [2025-08-01T14:27:31.981+0200] {dag.py:3722} INFO - Setting next_dagrun for fraud_detection_pipeline to 2025-08-01T00:00:00+00:00, run_after=2025-08-02T00:00:00+00:00
[2025-08-01T14:27:31.999+0200] {processor.py:179} INFO - Processing /Users/adelinerobinet/Documents/Projets Python/exam-fluzz-fraud-detection/adeline/pipelines/airflow/fraud_pipeline.py took 0.225 seconds
[2025-08-01T14:28:03.119+0200] {processor.py:157} INFO - Started process (PID=7349) to work on /Users/adelinerobinet/Documents/Projets Python/exam-fluzz-fraud-detection/adeline/pipelines/airflow/fraud_pipeline.py
[2025-08-01T14:28:03.127+0200] {processor.py:829} INFO - Processing file /Users/adelinerobinet/Documents/Projets Python/exam-fluzz-fraud-detection/adeline/pipelines/airflow/fraud_pipeline.py for tasks to queue
[2025-08-01T14:28:03.127+0200] {logging_mixin.py:154} INFO - [2025-08-01T14:28:03.127+0200] {dagbag.py:536} INFO - Filling up the DagBag from /Users/adelinerobinet/Documents/Projets Python/exam-fluzz-fraud-detection/adeline/pipelines/airflow/fraud_pipeline.py
[2025-08-01T14:28:03.163+0200] {processor.py:839} INFO - DAG(s) dict_keys(['fraud_detection_pipeline']) retrieved from /Users/adelinerobinet/Documents/Projets Python/exam-fluzz-fraud-detection/adeline/pipelines/airflow/fraud_pipeline.py
[2025-08-01T14:28:03.312+0200] {logging_mixin.py:154} INFO - [2025-08-01T14:28:03.312+0200] {dag.py:2941} INFO - Sync 1 DAGs
[2025-08-01T14:28:03.318+0200] {logging_mixin.py:154} INFO - [2025-08-01T14:28:03.318+0200] {dag.py:3722} INFO - Setting next_dagrun for fraud_detection_pipeline to 2025-08-01T00:00:00+00:00, run_after=2025-08-02T00:00:00+00:00
[2025-08-01T14:28:03.336+0200] {processor.py:179} INFO - Processing /Users/adelinerobinet/Documents/Projets Python/exam-fluzz-fraud-detection/adeline/pipelines/airflow/fraud_pipeline.py took 0.218 seconds
[2025-08-01T14:28:34.495+0200] {processor.py:157} INFO - Started process (PID=7457) to work on /Users/adelinerobinet/Documents/Projets Python/exam-fluzz-fraud-detection/adeline/pipelines/airflow/fraud_pipeline.py
[2025-08-01T14:28:34.504+0200] {processor.py:829} INFO - Processing file /Users/adelinerobinet/Documents/Projets Python/exam-fluzz-fraud-detection/adeline/pipelines/airflow/fraud_pipeline.py for tasks to queue
[2025-08-01T14:28:34.504+0200] {logging_mixin.py:154} INFO - [2025-08-01T14:28:34.504+0200] {dagbag.py:536} INFO - Filling up the DagBag from /Users/adelinerobinet/Documents/Projets Python/exam-fluzz-fraud-detection/adeline/pipelines/airflow/fraud_pipeline.py
[2025-08-01T14:28:34.540+0200] {processor.py:839} INFO - DAG(s) dict_keys(['fraud_detection_pipeline']) retrieved from /Users/adelinerobinet/Documents/Projets Python/exam-fluzz-fraud-detection/adeline/pipelines/airflow/fraud_pipeline.py
[2025-08-01T14:28:34.697+0200] {logging_mixin.py:154} INFO - [2025-08-01T14:28:34.697+0200] {dag.py:2941} INFO - Sync 1 DAGs
[2025-08-01T14:28:34.704+0200] {logging_mixin.py:154} INFO - [2025-08-01T14:28:34.704+0200] {dag.py:3722} INFO - Setting next_dagrun for fraud_detection_pipeline to 2025-08-01T00:00:00+00:00, run_after=2025-08-02T00:00:00+00:00
[2025-08-01T14:28:34.721+0200] {processor.py:179} INFO - Processing /Users/adelinerobinet/Documents/Projets Python/exam-fluzz-fraud-detection/adeline/pipelines/airflow/fraud_pipeline.py took 0.226 seconds
[2025-08-01T14:29:06.212+0200] {processor.py:157} INFO - Started process (PID=7626) to work on /Users/adelinerobinet/Documents/Projets Python/exam-fluzz-fraud-detection/adeline/pipelines/airflow/fraud_pipeline.py
[2025-08-01T14:29:06.221+0200] {processor.py:829} INFO - Processing file /Users/adelinerobinet/Documents/Projets Python/exam-fluzz-fraud-detection/adeline/pipelines/airflow/fraud_pipeline.py for tasks to queue
[2025-08-01T14:29:06.221+0200] {logging_mixin.py:154} INFO - [2025-08-01T14:29:06.221+0200] {dagbag.py:536} INFO - Filling up the DagBag from /Users/adelinerobinet/Documents/Projets Python/exam-fluzz-fraud-detection/adeline/pipelines/airflow/fraud_pipeline.py
[2025-08-01T14:29:06.268+0200] {processor.py:839} INFO - DAG(s) dict_keys(['fraud_detection_pipeline']) retrieved from /Users/adelinerobinet/Documents/Projets Python/exam-fluzz-fraud-detection/adeline/pipelines/airflow/fraud_pipeline.py
[2025-08-01T14:29:06.427+0200] {logging_mixin.py:154} INFO - [2025-08-01T14:29:06.427+0200] {dag.py:2941} INFO - Sync 1 DAGs
[2025-08-01T14:29:06.434+0200] {logging_mixin.py:154} INFO - [2025-08-01T14:29:06.433+0200] {dag.py:3722} INFO - Setting next_dagrun for fraud_detection_pipeline to 2025-08-01T00:00:00+00:00, run_after=2025-08-02T00:00:00+00:00
[2025-08-01T14:29:06.451+0200] {processor.py:179} INFO - Processing /Users/adelinerobinet/Documents/Projets Python/exam-fluzz-fraud-detection/adeline/pipelines/airflow/fraud_pipeline.py took 0.239 seconds
[2025-08-01T14:29:38.345+0200] {processor.py:157} INFO - Started process (PID=7667) to work on /Users/adelinerobinet/Documents/Projets Python/exam-fluzz-fraud-detection/adeline/pipelines/airflow/fraud_pipeline.py
[2025-08-01T14:29:38.352+0200] {processor.py:829} INFO - Processing file /Users/adelinerobinet/Documents/Projets Python/exam-fluzz-fraud-detection/adeline/pipelines/airflow/fraud_pipeline.py for tasks to queue
[2025-08-01T14:29:38.352+0200] {logging_mixin.py:154} INFO - [2025-08-01T14:29:38.352+0200] {dagbag.py:536} INFO - Filling up the DagBag from /Users/adelinerobinet/Documents/Projets Python/exam-fluzz-fraud-detection/adeline/pipelines/airflow/fraud_pipeline.py
[2025-08-01T14:29:38.399+0200] {processor.py:839} INFO - DAG(s) dict_keys(['fraud_detection_pipeline']) retrieved from /Users/adelinerobinet/Documents/Projets Python/exam-fluzz-fraud-detection/adeline/pipelines/airflow/fraud_pipeline.py
[2025-08-01T14:29:38.601+0200] {logging_mixin.py:154} INFO - [2025-08-01T14:29:38.601+0200] {dag.py:2941} INFO - Sync 1 DAGs
[2025-08-01T14:29:38.610+0200] {logging_mixin.py:154} INFO - [2025-08-01T14:29:38.610+0200] {dag.py:3722} INFO - Setting next_dagrun for fraud_detection_pipeline to 2025-08-01T00:00:00+00:00, run_after=2025-08-02T00:00:00+00:00
[2025-08-01T14:29:38.627+0200] {processor.py:179} INFO - Processing /Users/adelinerobinet/Documents/Projets Python/exam-fluzz-fraud-detection/adeline/pipelines/airflow/fraud_pipeline.py took 0.282 seconds
[2025-08-01T14:30:04.002+0200] {processor.py:157} INFO - Started process (PID=7923) to work on /Users/adelinerobinet/Documents/Projets Python/exam-fluzz-fraud-detection/adeline/pipelines/airflow/fraud_pipeline.py
[2025-08-01T14:30:04.009+0200] {processor.py:829} INFO - Processing file /Users/adelinerobinet/Documents/Projets Python/exam-fluzz-fraud-detection/adeline/pipelines/airflow/fraud_pipeline.py for tasks to queue
[2025-08-01T14:30:04.009+0200] {logging_mixin.py:154} INFO - [2025-08-01T14:30:04.009+0200] {dagbag.py:536} INFO - Filling up the DagBag from /Users/adelinerobinet/Documents/Projets Python/exam-fluzz-fraud-detection/adeline/pipelines/airflow/fraud_pipeline.py
[2025-08-01T14:30:04.039+0200] {processor.py:839} INFO - DAG(s) dict_keys(['fraud_detection_pipeline']) retrieved from /Users/adelinerobinet/Documents/Projets Python/exam-fluzz-fraud-detection/adeline/pipelines/airflow/fraud_pipeline.py
[2025-08-01T14:30:04.171+0200] {logging_mixin.py:154} INFO - [2025-08-01T14:30:04.171+0200] {dag.py:2941} INFO - Sync 1 DAGs
[2025-08-01T14:30:04.179+0200] {logging_mixin.py:154} INFO - [2025-08-01T14:30:04.179+0200] {dag.py:3722} INFO - Setting next_dagrun for fraud_detection_pipeline to 2025-08-01T00:00:00+00:00, run_after=2025-08-02T00:00:00+00:00
[2025-08-01T14:30:04.196+0200] {processor.py:179} INFO - Processing /Users/adelinerobinet/Documents/Projets Python/exam-fluzz-fraud-detection/adeline/pipelines/airflow/fraud_pipeline.py took 0.194 seconds
[2025-08-01T14:30:35.703+0200] {processor.py:157} INFO - Started process (PID=7937) to work on /Users/adelinerobinet/Documents/Projets Python/exam-fluzz-fraud-detection/adeline/pipelines/airflow/fraud_pipeline.py
[2025-08-01T14:30:35.712+0200] {processor.py:829} INFO - Processing file /Users/adelinerobinet/Documents/Projets Python/exam-fluzz-fraud-detection/adeline/pipelines/airflow/fraud_pipeline.py for tasks to queue
[2025-08-01T14:30:35.712+0200] {logging_mixin.py:154} INFO - [2025-08-01T14:30:35.712+0200] {dagbag.py:536} INFO - Filling up the DagBag from /Users/adelinerobinet/Documents/Projets Python/exam-fluzz-fraud-detection/adeline/pipelines/airflow/fraud_pipeline.py
[2025-08-01T14:30:35.746+0200] {processor.py:839} INFO - DAG(s) dict_keys(['fraud_detection_pipeline']) retrieved from /Users/adelinerobinet/Documents/Projets Python/exam-fluzz-fraud-detection/adeline/pipelines/airflow/fraud_pipeline.py
[2025-08-01T14:30:35.912+0200] {logging_mixin.py:154} INFO - [2025-08-01T14:30:35.912+0200] {dag.py:2941} INFO - Sync 1 DAGs
[2025-08-01T14:30:35.922+0200] {logging_mixin.py:154} INFO - [2025-08-01T14:30:35.922+0200] {dag.py:3722} INFO - Setting next_dagrun for fraud_detection_pipeline to 2025-08-01T00:00:00+00:00, run_after=2025-08-02T00:00:00+00:00
[2025-08-01T14:30:35.940+0200] {processor.py:179} INFO - Processing /Users/adelinerobinet/Documents/Projets Python/exam-fluzz-fraud-detection/adeline/pipelines/airflow/fraud_pipeline.py took 0.237 seconds
[2025-08-01T14:31:07.128+0200] {processor.py:157} INFO - Started process (PID=7945) to work on /Users/adelinerobinet/Documents/Projets Python/exam-fluzz-fraud-detection/adeline/pipelines/airflow/fraud_pipeline.py
[2025-08-01T14:31:07.137+0200] {processor.py:829} INFO - Processing file /Users/adelinerobinet/Documents/Projets Python/exam-fluzz-fraud-detection/adeline/pipelines/airflow/fraud_pipeline.py for tasks to queue
[2025-08-01T14:31:07.138+0200] {logging_mixin.py:154} INFO - [2025-08-01T14:31:07.138+0200] {dagbag.py:536} INFO - Filling up the DagBag from /Users/adelinerobinet/Documents/Projets Python/exam-fluzz-fraud-detection/adeline/pipelines/airflow/fraud_pipeline.py
[2025-08-01T14:31:07.173+0200] {processor.py:839} INFO - DAG(s) dict_keys(['fraud_detection_pipeline']) retrieved from /Users/adelinerobinet/Documents/Projets Python/exam-fluzz-fraud-detection/adeline/pipelines/airflow/fraud_pipeline.py
[2025-08-01T14:31:07.315+0200] {logging_mixin.py:154} INFO - [2025-08-01T14:31:07.315+0200] {dag.py:2941} INFO - Sync 1 DAGs
[2025-08-01T14:31:07.322+0200] {logging_mixin.py:154} INFO - [2025-08-01T14:31:07.322+0200] {dag.py:3722} INFO - Setting next_dagrun for fraud_detection_pipeline to 2025-08-01T00:00:00+00:00, run_after=2025-08-02T00:00:00+00:00
[2025-08-01T14:31:07.341+0200] {processor.py:179} INFO - Processing /Users/adelinerobinet/Documents/Projets Python/exam-fluzz-fraud-detection/adeline/pipelines/airflow/fraud_pipeline.py took 0.213 seconds
[2025-08-01T14:31:38.455+0200] {processor.py:157} INFO - Started process (PID=7947) to work on /Users/adelinerobinet/Documents/Projets Python/exam-fluzz-fraud-detection/adeline/pipelines/airflow/fraud_pipeline.py
[2025-08-01T14:31:38.463+0200] {processor.py:829} INFO - Processing file /Users/adelinerobinet/Documents/Projets Python/exam-fluzz-fraud-detection/adeline/pipelines/airflow/fraud_pipeline.py for tasks to queue
[2025-08-01T14:31:38.464+0200] {logging_mixin.py:154} INFO - [2025-08-01T14:31:38.464+0200] {dagbag.py:536} INFO - Filling up the DagBag from /Users/adelinerobinet/Documents/Projets Python/exam-fluzz-fraud-detection/adeline/pipelines/airflow/fraud_pipeline.py
[2025-08-01T14:31:38.501+0200] {processor.py:839} INFO - DAG(s) dict_keys(['fraud_detection_pipeline']) retrieved from /Users/adelinerobinet/Documents/Projets Python/exam-fluzz-fraud-detection/adeline/pipelines/airflow/fraud_pipeline.py
[2025-08-01T14:31:38.643+0200] {logging_mixin.py:154} INFO - [2025-08-01T14:31:38.643+0200] {dag.py:2941} INFO - Sync 1 DAGs
[2025-08-01T14:31:38.649+0200] {logging_mixin.py:154} INFO - [2025-08-01T14:31:38.649+0200] {dag.py:3722} INFO - Setting next_dagrun for fraud_detection_pipeline to 2025-08-01T00:00:00+00:00, run_after=2025-08-02T00:00:00+00:00
[2025-08-01T14:31:38.670+0200] {processor.py:179} INFO - Processing /Users/adelinerobinet/Documents/Projets Python/exam-fluzz-fraud-detection/adeline/pipelines/airflow/fraud_pipeline.py took 0.216 seconds
[2025-08-01T14:32:10.114+0200] {processor.py:157} INFO - Started process (PID=7965) to work on /Users/adelinerobinet/Documents/Projets Python/exam-fluzz-fraud-detection/adeline/pipelines/airflow/fraud_pipeline.py
[2025-08-01T14:32:10.121+0200] {processor.py:829} INFO - Processing file /Users/adelinerobinet/Documents/Projets Python/exam-fluzz-fraud-detection/adeline/pipelines/airflow/fraud_pipeline.py for tasks to queue
[2025-08-01T14:32:10.121+0200] {logging_mixin.py:154} INFO - [2025-08-01T14:32:10.121+0200] {dagbag.py:536} INFO - Filling up the DagBag from /Users/adelinerobinet/Documents/Projets Python/exam-fluzz-fraud-detection/adeline/pipelines/airflow/fraud_pipeline.py
[2025-08-01T14:32:10.160+0200] {processor.py:839} INFO - DAG(s) dict_keys(['fraud_detection_pipeline']) retrieved from /Users/adelinerobinet/Documents/Projets Python/exam-fluzz-fraud-detection/adeline/pipelines/airflow/fraud_pipeline.py
[2025-08-01T14:32:10.308+0200] {logging_mixin.py:154} INFO - [2025-08-01T14:32:10.308+0200] {dag.py:2941} INFO - Sync 1 DAGs
[2025-08-01T14:32:10.315+0200] {logging_mixin.py:154} INFO - [2025-08-01T14:32:10.315+0200] {dag.py:3722} INFO - Setting next_dagrun for fraud_detection_pipeline to 2025-08-01T00:00:00+00:00, run_after=2025-08-02T00:00:00+00:00
[2025-08-01T14:32:10.355+0200] {processor.py:179} INFO - Processing /Users/adelinerobinet/Documents/Projets Python/exam-fluzz-fraud-detection/adeline/pipelines/airflow/fraud_pipeline.py took 0.242 seconds
[2025-08-01T14:32:41.912+0200] {processor.py:157} INFO - Started process (PID=8004) to work on /Users/adelinerobinet/Documents/Projets Python/exam-fluzz-fraud-detection/adeline/pipelines/airflow/fraud_pipeline.py
[2025-08-01T14:32:41.920+0200] {processor.py:829} INFO - Processing file /Users/adelinerobinet/Documents/Projets Python/exam-fluzz-fraud-detection/adeline/pipelines/airflow/fraud_pipeline.py for tasks to queue
[2025-08-01T14:32:41.921+0200] {logging_mixin.py:154} INFO - [2025-08-01T14:32:41.921+0200] {dagbag.py:536} INFO - Filling up the DagBag from /Users/adelinerobinet/Documents/Projets Python/exam-fluzz-fraud-detection/adeline/pipelines/airflow/fraud_pipeline.py
[2025-08-01T14:32:41.961+0200] {processor.py:839} INFO - DAG(s) dict_keys(['fraud_detection_pipeline']) retrieved from /Users/adelinerobinet/Documents/Projets Python/exam-fluzz-fraud-detection/adeline/pipelines/airflow/fraud_pipeline.py
[2025-08-01T14:32:42.116+0200] {logging_mixin.py:154} INFO - [2025-08-01T14:32:42.116+0200] {dag.py:2941} INFO - Sync 1 DAGs
[2025-08-01T14:32:42.125+0200] {logging_mixin.py:154} INFO - [2025-08-01T14:32:42.125+0200] {dag.py:3722} INFO - Setting next_dagrun for fraud_detection_pipeline to 2025-08-01T00:00:00+00:00, run_after=2025-08-02T00:00:00+00:00
[2025-08-01T14:32:42.142+0200] {processor.py:179} INFO - Processing /Users/adelinerobinet/Documents/Projets Python/exam-fluzz-fraud-detection/adeline/pipelines/airflow/fraud_pipeline.py took 0.230 seconds
[2025-08-01T14:33:13.347+0200] {processor.py:157} INFO - Started process (PID=8012) to work on /Users/adelinerobinet/Documents/Projets Python/exam-fluzz-fraud-detection/adeline/pipelines/airflow/fraud_pipeline.py
[2025-08-01T14:33:13.355+0200] {processor.py:829} INFO - Processing file /Users/adelinerobinet/Documents/Projets Python/exam-fluzz-fraud-detection/adeline/pipelines/airflow/fraud_pipeline.py for tasks to queue
[2025-08-01T14:33:13.355+0200] {logging_mixin.py:154} INFO - [2025-08-01T14:33:13.355+0200] {dagbag.py:536} INFO - Filling up the DagBag from /Users/adelinerobinet/Documents/Projets Python/exam-fluzz-fraud-detection/adeline/pipelines/airflow/fraud_pipeline.py
[2025-08-01T14:33:13.389+0200] {processor.py:839} INFO - DAG(s) dict_keys(['fraud_detection_pipeline']) retrieved from /Users/adelinerobinet/Documents/Projets Python/exam-fluzz-fraud-detection/adeline/pipelines/airflow/fraud_pipeline.py
[2025-08-01T14:33:13.527+0200] {logging_mixin.py:154} INFO - [2025-08-01T14:33:13.527+0200] {dag.py:2941} INFO - Sync 1 DAGs
[2025-08-01T14:33:13.534+0200] {logging_mixin.py:154} INFO - [2025-08-01T14:33:13.533+0200] {dag.py:3722} INFO - Setting next_dagrun for fraud_detection_pipeline to 2025-08-01T00:00:00+00:00, run_after=2025-08-02T00:00:00+00:00
[2025-08-01T14:33:13.570+0200] {processor.py:179} INFO - Processing /Users/adelinerobinet/Documents/Projets Python/exam-fluzz-fraud-detection/adeline/pipelines/airflow/fraud_pipeline.py took 0.223 seconds
[2025-08-01T14:33:44.659+0200] {processor.py:157} INFO - Started process (PID=8094) to work on /Users/adelinerobinet/Documents/Projets Python/exam-fluzz-fraud-detection/adeline/pipelines/airflow/fraud_pipeline.py
[2025-08-01T14:33:44.669+0200] {processor.py:829} INFO - Processing file /Users/adelinerobinet/Documents/Projets Python/exam-fluzz-fraud-detection/adeline/pipelines/airflow/fraud_pipeline.py for tasks to queue
[2025-08-01T14:33:44.670+0200] {logging_mixin.py:154} INFO - [2025-08-01T14:33:44.669+0200] {dagbag.py:536} INFO - Filling up the DagBag from /Users/adelinerobinet/Documents/Projets Python/exam-fluzz-fraud-detection/adeline/pipelines/airflow/fraud_pipeline.py
[2025-08-01T14:33:44.702+0200] {processor.py:839} INFO - DAG(s) dict_keys(['fraud_detection_pipeline']) retrieved from /Users/adelinerobinet/Documents/Projets Python/exam-fluzz-fraud-detection/adeline/pipelines/airflow/fraud_pipeline.py
[2025-08-01T14:33:44.837+0200] {logging_mixin.py:154} INFO - [2025-08-01T14:33:44.837+0200] {dag.py:2941} INFO - Sync 1 DAGs
[2025-08-01T14:33:44.844+0200] {logging_mixin.py:154} INFO - [2025-08-01T14:33:44.844+0200] {dag.py:3722} INFO - Setting next_dagrun for fraud_detection_pipeline to 2025-08-01T00:00:00+00:00, run_after=2025-08-02T00:00:00+00:00
[2025-08-01T14:33:44.888+0200] {processor.py:179} INFO - Processing /Users/adelinerobinet/Documents/Projets Python/exam-fluzz-fraud-detection/adeline/pipelines/airflow/fraud_pipeline.py took 0.230 seconds
[2025-08-01T14:34:16.183+0200] {processor.py:157} INFO - Started process (PID=8104) to work on /Users/adelinerobinet/Documents/Projets Python/exam-fluzz-fraud-detection/adeline/pipelines/airflow/fraud_pipeline.py
[2025-08-01T14:34:16.194+0200] {processor.py:829} INFO - Processing file /Users/adelinerobinet/Documents/Projets Python/exam-fluzz-fraud-detection/adeline/pipelines/airflow/fraud_pipeline.py for tasks to queue
[2025-08-01T14:34:16.195+0200] {logging_mixin.py:154} INFO - [2025-08-01T14:34:16.195+0200] {dagbag.py:536} INFO - Filling up the DagBag from /Users/adelinerobinet/Documents/Projets Python/exam-fluzz-fraud-detection/adeline/pipelines/airflow/fraud_pipeline.py
[2025-08-01T14:34:16.232+0200] {processor.py:839} INFO - DAG(s) dict_keys(['fraud_detection_pipeline']) retrieved from /Users/adelinerobinet/Documents/Projets Python/exam-fluzz-fraud-detection/adeline/pipelines/airflow/fraud_pipeline.py
[2025-08-01T14:34:16.378+0200] {logging_mixin.py:154} INFO - [2025-08-01T14:34:16.378+0200] {dag.py:2941} INFO - Sync 1 DAGs
[2025-08-01T14:34:16.385+0200] {logging_mixin.py:154} INFO - [2025-08-01T14:34:16.385+0200] {dag.py:3722} INFO - Setting next_dagrun for fraud_detection_pipeline to 2025-08-01T00:00:00+00:00, run_after=2025-08-02T00:00:00+00:00
[2025-08-01T14:34:16.401+0200] {processor.py:179} INFO - Processing /Users/adelinerobinet/Documents/Projets Python/exam-fluzz-fraud-detection/adeline/pipelines/airflow/fraud_pipeline.py took 0.218 seconds
[2025-08-01T14:34:47.545+0200] {processor.py:157} INFO - Started process (PID=8141) to work on /Users/adelinerobinet/Documents/Projets Python/exam-fluzz-fraud-detection/adeline/pipelines/airflow/fraud_pipeline.py
[2025-08-01T14:34:47.556+0200] {processor.py:829} INFO - Processing file /Users/adelinerobinet/Documents/Projets Python/exam-fluzz-fraud-detection/adeline/pipelines/airflow/fraud_pipeline.py for tasks to queue
[2025-08-01T14:34:47.556+0200] {logging_mixin.py:154} INFO - [2025-08-01T14:34:47.556+0200] {dagbag.py:536} INFO - Filling up the DagBag from /Users/adelinerobinet/Documents/Projets Python/exam-fluzz-fraud-detection/adeline/pipelines/airflow/fraud_pipeline.py
[2025-08-01T14:34:47.610+0200] {processor.py:839} INFO - DAG(s) dict_keys(['fraud_detection_pipeline']) retrieved from /Users/adelinerobinet/Documents/Projets Python/exam-fluzz-fraud-detection/adeline/pipelines/airflow/fraud_pipeline.py
[2025-08-01T14:34:47.768+0200] {logging_mixin.py:154} INFO - [2025-08-01T14:34:47.767+0200] {dag.py:2941} INFO - Sync 1 DAGs
[2025-08-01T14:34:47.774+0200] {logging_mixin.py:154} INFO - [2025-08-01T14:34:47.774+0200] {dag.py:3722} INFO - Setting next_dagrun for fraud_detection_pipeline to 2025-08-01T00:00:00+00:00, run_after=2025-08-02T00:00:00+00:00
[2025-08-01T14:34:47.791+0200] {processor.py:179} INFO - Processing /Users/adelinerobinet/Documents/Projets Python/exam-fluzz-fraud-detection/adeline/pipelines/airflow/fraud_pipeline.py took 0.246 seconds
[2025-08-01T14:35:18.938+0200] {processor.py:157} INFO - Started process (PID=8261) to work on /Users/adelinerobinet/Documents/Projets Python/exam-fluzz-fraud-detection/adeline/pipelines/airflow/fraud_pipeline.py
[2025-08-01T14:35:18.947+0200] {processor.py:829} INFO - Processing file /Users/adelinerobinet/Documents/Projets Python/exam-fluzz-fraud-detection/adeline/pipelines/airflow/fraud_pipeline.py for tasks to queue
[2025-08-01T14:35:18.947+0200] {logging_mixin.py:154} INFO - [2025-08-01T14:35:18.947+0200] {dagbag.py:536} INFO - Filling up the DagBag from /Users/adelinerobinet/Documents/Projets Python/exam-fluzz-fraud-detection/adeline/pipelines/airflow/fraud_pipeline.py
[2025-08-01T14:35:18.980+0200] {processor.py:839} INFO - DAG(s) dict_keys(['fraud_detection_pipeline']) retrieved from /Users/adelinerobinet/Documents/Projets Python/exam-fluzz-fraud-detection/adeline/pipelines/airflow/fraud_pipeline.py
[2025-08-01T14:35:19.118+0200] {logging_mixin.py:154} INFO - [2025-08-01T14:35:19.117+0200] {dag.py:2941} INFO - Sync 1 DAGs
[2025-08-01T14:35:19.124+0200] {logging_mixin.py:154} INFO - [2025-08-01T14:35:19.124+0200] {dag.py:3722} INFO - Setting next_dagrun for fraud_detection_pipeline to 2025-08-01T00:00:00+00:00, run_after=2025-08-02T00:00:00+00:00
[2025-08-01T14:35:19.162+0200] {processor.py:179} INFO - Processing /Users/adelinerobinet/Documents/Projets Python/exam-fluzz-fraud-detection/adeline/pipelines/airflow/fraud_pipeline.py took 0.225 seconds
[2025-08-01T14:35:50.313+0200] {processor.py:157} INFO - Started process (PID=8363) to work on /Users/adelinerobinet/Documents/Projets Python/exam-fluzz-fraud-detection/adeline/pipelines/airflow/fraud_pipeline.py
[2025-08-01T14:35:50.322+0200] {processor.py:829} INFO - Processing file /Users/adelinerobinet/Documents/Projets Python/exam-fluzz-fraud-detection/adeline/pipelines/airflow/fraud_pipeline.py for tasks to queue
[2025-08-01T14:35:50.322+0200] {logging_mixin.py:154} INFO - [2025-08-01T14:35:50.322+0200] {dagbag.py:536} INFO - Filling up the DagBag from /Users/adelinerobinet/Documents/Projets Python/exam-fluzz-fraud-detection/adeline/pipelines/airflow/fraud_pipeline.py
[2025-08-01T14:35:50.361+0200] {processor.py:839} INFO - DAG(s) dict_keys(['fraud_detection_pipeline']) retrieved from /Users/adelinerobinet/Documents/Projets Python/exam-fluzz-fraud-detection/adeline/pipelines/airflow/fraud_pipeline.py
[2025-08-01T14:35:50.511+0200] {logging_mixin.py:154} INFO - [2025-08-01T14:35:50.511+0200] {dag.py:2941} INFO - Sync 1 DAGs
[2025-08-01T14:35:50.518+0200] {logging_mixin.py:154} INFO - [2025-08-01T14:35:50.518+0200] {dag.py:3722} INFO - Setting next_dagrun for fraud_detection_pipeline to 2025-08-01T00:00:00+00:00, run_after=2025-08-02T00:00:00+00:00
[2025-08-01T14:35:50.564+0200] {processor.py:179} INFO - Processing /Users/adelinerobinet/Documents/Projets Python/exam-fluzz-fraud-detection/adeline/pipelines/airflow/fraud_pipeline.py took 0.251 seconds
[2025-08-01T14:36:21.688+0200] {processor.py:157} INFO - Started process (PID=8379) to work on /Users/adelinerobinet/Documents/Projets Python/exam-fluzz-fraud-detection/adeline/pipelines/airflow/fraud_pipeline.py
[2025-08-01T14:36:21.702+0200] {processor.py:829} INFO - Processing file /Users/adelinerobinet/Documents/Projets Python/exam-fluzz-fraud-detection/adeline/pipelines/airflow/fraud_pipeline.py for tasks to queue
[2025-08-01T14:36:21.702+0200] {logging_mixin.py:154} INFO - [2025-08-01T14:36:21.702+0200] {dagbag.py:536} INFO - Filling up the DagBag from /Users/adelinerobinet/Documents/Projets Python/exam-fluzz-fraud-detection/adeline/pipelines/airflow/fraud_pipeline.py
[2025-08-01T14:36:21.739+0200] {processor.py:839} INFO - DAG(s) dict_keys(['fraud_detection_pipeline']) retrieved from /Users/adelinerobinet/Documents/Projets Python/exam-fluzz-fraud-detection/adeline/pipelines/airflow/fraud_pipeline.py
[2025-08-01T14:36:21.900+0200] {logging_mixin.py:154} INFO - [2025-08-01T14:36:21.900+0200] {dag.py:2941} INFO - Sync 1 DAGs
[2025-08-01T14:36:21.907+0200] {logging_mixin.py:154} INFO - [2025-08-01T14:36:21.907+0200] {dag.py:3722} INFO - Setting next_dagrun for fraud_detection_pipeline to 2025-08-01T00:00:00+00:00, run_after=2025-08-02T00:00:00+00:00
[2025-08-01T14:36:21.923+0200] {processor.py:179} INFO - Processing /Users/adelinerobinet/Documents/Projets Python/exam-fluzz-fraud-detection/adeline/pipelines/airflow/fraud_pipeline.py took 0.235 seconds
[2025-08-01T14:36:53.028+0200] {processor.py:157} INFO - Started process (PID=8387) to work on /Users/adelinerobinet/Documents/Projets Python/exam-fluzz-fraud-detection/adeline/pipelines/airflow/fraud_pipeline.py
[2025-08-01T14:36:53.038+0200] {processor.py:829} INFO - Processing file /Users/adelinerobinet/Documents/Projets Python/exam-fluzz-fraud-detection/adeline/pipelines/airflow/fraud_pipeline.py for tasks to queue
[2025-08-01T14:36:53.038+0200] {logging_mixin.py:154} INFO - [2025-08-01T14:36:53.038+0200] {dagbag.py:536} INFO - Filling up the DagBag from /Users/adelinerobinet/Documents/Projets Python/exam-fluzz-fraud-detection/adeline/pipelines/airflow/fraud_pipeline.py
[2025-08-01T14:36:53.075+0200] {processor.py:839} INFO - DAG(s) dict_keys(['fraud_detection_pipeline']) retrieved from /Users/adelinerobinet/Documents/Projets Python/exam-fluzz-fraud-detection/adeline/pipelines/airflow/fraud_pipeline.py
[2025-08-01T14:36:53.216+0200] {logging_mixin.py:154} INFO - [2025-08-01T14:36:53.216+0200] {dag.py:2941} INFO - Sync 1 DAGs
[2025-08-01T14:36:53.223+0200] {logging_mixin.py:154} INFO - [2025-08-01T14:36:53.223+0200] {dag.py:3722} INFO - Setting next_dagrun for fraud_detection_pipeline to 2025-08-01T00:00:00+00:00, run_after=2025-08-02T00:00:00+00:00
[2025-08-01T14:36:53.239+0200] {processor.py:179} INFO - Processing /Users/adelinerobinet/Documents/Projets Python/exam-fluzz-fraud-detection/adeline/pipelines/airflow/fraud_pipeline.py took 0.211 seconds
[2025-08-01T14:37:24.387+0200] {processor.py:157} INFO - Started process (PID=8394) to work on /Users/adelinerobinet/Documents/Projets Python/exam-fluzz-fraud-detection/adeline/pipelines/airflow/fraud_pipeline.py
[2025-08-01T14:37:24.395+0200] {processor.py:829} INFO - Processing file /Users/adelinerobinet/Documents/Projets Python/exam-fluzz-fraud-detection/adeline/pipelines/airflow/fraud_pipeline.py for tasks to queue
[2025-08-01T14:37:24.395+0200] {logging_mixin.py:154} INFO - [2025-08-01T14:37:24.395+0200] {dagbag.py:536} INFO - Filling up the DagBag from /Users/adelinerobinet/Documents/Projets Python/exam-fluzz-fraud-detection/adeline/pipelines/airflow/fraud_pipeline.py
[2025-08-01T14:37:24.435+0200] {processor.py:839} INFO - DAG(s) dict_keys(['fraud_detection_pipeline']) retrieved from /Users/adelinerobinet/Documents/Projets Python/exam-fluzz-fraud-detection/adeline/pipelines/airflow/fraud_pipeline.py
[2025-08-01T14:37:24.590+0200] {logging_mixin.py:154} INFO - [2025-08-01T14:37:24.589+0200] {dag.py:2941} INFO - Sync 1 DAGs
[2025-08-01T14:37:24.596+0200] {logging_mixin.py:154} INFO - [2025-08-01T14:37:24.596+0200] {dag.py:3722} INFO - Setting next_dagrun for fraud_detection_pipeline to 2025-08-01T00:00:00+00:00, run_after=2025-08-02T00:00:00+00:00
[2025-08-01T14:37:24.637+0200] {processor.py:179} INFO - Processing /Users/adelinerobinet/Documents/Projets Python/exam-fluzz-fraud-detection/adeline/pipelines/airflow/fraud_pipeline.py took 0.250 seconds
[2025-08-01T14:37:55.787+0200] {processor.py:157} INFO - Started process (PID=8401) to work on /Users/adelinerobinet/Documents/Projets Python/exam-fluzz-fraud-detection/adeline/pipelines/airflow/fraud_pipeline.py
[2025-08-01T14:37:55.795+0200] {processor.py:829} INFO - Processing file /Users/adelinerobinet/Documents/Projets Python/exam-fluzz-fraud-detection/adeline/pipelines/airflow/fraud_pipeline.py for tasks to queue
[2025-08-01T14:37:55.796+0200] {logging_mixin.py:154} INFO - [2025-08-01T14:37:55.796+0200] {dagbag.py:536} INFO - Filling up the DagBag from /Users/adelinerobinet/Documents/Projets Python/exam-fluzz-fraud-detection/adeline/pipelines/airflow/fraud_pipeline.py
[2025-08-01T14:37:55.839+0200] {processor.py:839} INFO - DAG(s) dict_keys(['fraud_detection_pipeline']) retrieved from /Users/adelinerobinet/Documents/Projets Python/exam-fluzz-fraud-detection/adeline/pipelines/airflow/fraud_pipeline.py
[2025-08-01T14:37:55.987+0200] {logging_mixin.py:154} INFO - [2025-08-01T14:37:55.987+0200] {dag.py:2941} INFO - Sync 1 DAGs
[2025-08-01T14:37:55.993+0200] {logging_mixin.py:154} INFO - [2025-08-01T14:37:55.993+0200] {dag.py:3722} INFO - Setting next_dagrun for fraud_detection_pipeline to 2025-08-01T00:00:00+00:00, run_after=2025-08-02T00:00:00+00:00
[2025-08-01T14:37:56.036+0200] {processor.py:179} INFO - Processing /Users/adelinerobinet/Documents/Projets Python/exam-fluzz-fraud-detection/adeline/pipelines/airflow/fraud_pipeline.py took 0.249 seconds
[2025-08-01T14:38:27.142+0200] {processor.py:157} INFO - Started process (PID=8407) to work on /Users/adelinerobinet/Documents/Projets Python/exam-fluzz-fraud-detection/adeline/pipelines/airflow/fraud_pipeline.py
[2025-08-01T14:38:27.152+0200] {processor.py:829} INFO - Processing file /Users/adelinerobinet/Documents/Projets Python/exam-fluzz-fraud-detection/adeline/pipelines/airflow/fraud_pipeline.py for tasks to queue
[2025-08-01T14:38:27.152+0200] {logging_mixin.py:154} INFO - [2025-08-01T14:38:27.152+0200] {dagbag.py:536} INFO - Filling up the DagBag from /Users/adelinerobinet/Documents/Projets Python/exam-fluzz-fraud-detection/adeline/pipelines/airflow/fraud_pipeline.py
[2025-08-01T14:38:27.188+0200] {processor.py:839} INFO - DAG(s) dict_keys(['fraud_detection_pipeline']) retrieved from /Users/adelinerobinet/Documents/Projets Python/exam-fluzz-fraud-detection/adeline/pipelines/airflow/fraud_pipeline.py
[2025-08-01T14:38:27.331+0200] {logging_mixin.py:154} INFO - [2025-08-01T14:38:27.331+0200] {dag.py:2941} INFO - Sync 1 DAGs
[2025-08-01T14:38:27.338+0200] {logging_mixin.py:154} INFO - [2025-08-01T14:38:27.338+0200] {dag.py:3722} INFO - Setting next_dagrun for fraud_detection_pipeline to 2025-08-01T00:00:00+00:00, run_after=2025-08-02T00:00:00+00:00
[2025-08-01T14:38:27.377+0200] {processor.py:179} INFO - Processing /Users/adelinerobinet/Documents/Projets Python/exam-fluzz-fraud-detection/adeline/pipelines/airflow/fraud_pipeline.py took 0.235 seconds
[2025-08-01T14:38:58.637+0200] {processor.py:157} INFO - Started process (PID=8443) to work on /Users/adelinerobinet/Documents/Projets Python/exam-fluzz-fraud-detection/adeline/pipelines/airflow/fraud_pipeline.py
[2025-08-01T14:38:58.649+0200] {processor.py:829} INFO - Processing file /Users/adelinerobinet/Documents/Projets Python/exam-fluzz-fraud-detection/adeline/pipelines/airflow/fraud_pipeline.py for tasks to queue
[2025-08-01T14:38:58.650+0200] {logging_mixin.py:154} INFO - [2025-08-01T14:38:58.650+0200] {dagbag.py:536} INFO - Filling up the DagBag from /Users/adelinerobinet/Documents/Projets Python/exam-fluzz-fraud-detection/adeline/pipelines/airflow/fraud_pipeline.py
[2025-08-01T14:38:58.703+0200] {processor.py:839} INFO - DAG(s) dict_keys(['fraud_detection_pipeline']) retrieved from /Users/adelinerobinet/Documents/Projets Python/exam-fluzz-fraud-detection/adeline/pipelines/airflow/fraud_pipeline.py
[2025-08-01T14:38:58.922+0200] {logging_mixin.py:154} INFO - [2025-08-01T14:38:58.921+0200] {dag.py:2941} INFO - Sync 1 DAGs
[2025-08-01T14:38:58.930+0200] {logging_mixin.py:154} INFO - [2025-08-01T14:38:58.930+0200] {dag.py:3722} INFO - Setting next_dagrun for fraud_detection_pipeline to 2025-08-01T00:00:00+00:00, run_after=2025-08-02T00:00:00+00:00
[2025-08-01T14:38:58.980+0200] {processor.py:179} INFO - Processing /Users/adelinerobinet/Documents/Projets Python/exam-fluzz-fraud-detection/adeline/pipelines/airflow/fraud_pipeline.py took 0.343 seconds
[2025-08-01T14:39:30.417+0200] {processor.py:157} INFO - Started process (PID=8492) to work on /Users/adelinerobinet/Documents/Projets Python/exam-fluzz-fraud-detection/adeline/pipelines/airflow/fraud_pipeline.py
[2025-08-01T14:39:30.420+0200] {processor.py:829} INFO - Processing file /Users/adelinerobinet/Documents/Projets Python/exam-fluzz-fraud-detection/adeline/pipelines/airflow/fraud_pipeline.py for tasks to queue
[2025-08-01T14:39:30.420+0200] {logging_mixin.py:154} INFO - [2025-08-01T14:39:30.420+0200] {dagbag.py:536} INFO - Filling up the DagBag from /Users/adelinerobinet/Documents/Projets Python/exam-fluzz-fraud-detection/adeline/pipelines/airflow/fraud_pipeline.py
[2025-08-01T14:39:30.467+0200] {processor.py:839} INFO - DAG(s) dict_keys(['fraud_detection_pipeline']) retrieved from /Users/adelinerobinet/Documents/Projets Python/exam-fluzz-fraud-detection/adeline/pipelines/airflow/fraud_pipeline.py
[2025-08-01T14:39:30.695+0200] {logging_mixin.py:154} INFO - [2025-08-01T14:39:30.695+0200] {dag.py:2941} INFO - Sync 1 DAGs
[2025-08-01T14:39:30.704+0200] {logging_mixin.py:154} INFO - [2025-08-01T14:39:30.704+0200] {dag.py:3722} INFO - Setting next_dagrun for fraud_detection_pipeline to 2025-08-01T00:00:00+00:00, run_after=2025-08-02T00:00:00+00:00
[2025-08-01T14:39:30.725+0200] {processor.py:179} INFO - Processing /Users/adelinerobinet/Documents/Projets Python/exam-fluzz-fraud-detection/adeline/pipelines/airflow/fraud_pipeline.py took 0.309 seconds
[2025-08-01T14:40:02.244+0200] {processor.py:157} INFO - Started process (PID=8529) to work on /Users/adelinerobinet/Documents/Projets Python/exam-fluzz-fraud-detection/adeline/pipelines/airflow/fraud_pipeline.py
[2025-08-01T14:40:02.256+0200] {processor.py:829} INFO - Processing file /Users/adelinerobinet/Documents/Projets Python/exam-fluzz-fraud-detection/adeline/pipelines/airflow/fraud_pipeline.py for tasks to queue
[2025-08-01T14:40:02.256+0200] {logging_mixin.py:154} INFO - [2025-08-01T14:40:02.256+0200] {dagbag.py:536} INFO - Filling up the DagBag from /Users/adelinerobinet/Documents/Projets Python/exam-fluzz-fraud-detection/adeline/pipelines/airflow/fraud_pipeline.py
[2025-08-01T14:40:02.308+0200] {processor.py:839} INFO - DAG(s) dict_keys(['fraud_detection_pipeline']) retrieved from /Users/adelinerobinet/Documents/Projets Python/exam-fluzz-fraud-detection/adeline/pipelines/airflow/fraud_pipeline.py
[2025-08-01T14:40:02.511+0200] {logging_mixin.py:154} INFO - [2025-08-01T14:40:02.511+0200] {dag.py:2941} INFO - Sync 1 DAGs
[2025-08-01T14:40:02.518+0200] {logging_mixin.py:154} INFO - [2025-08-01T14:40:02.518+0200] {dag.py:3722} INFO - Setting next_dagrun for fraud_detection_pipeline to 2025-08-01T00:00:00+00:00, run_after=2025-08-02T00:00:00+00:00
[2025-08-01T14:40:02.538+0200] {processor.py:179} INFO - Processing /Users/adelinerobinet/Documents/Projets Python/exam-fluzz-fraud-detection/adeline/pipelines/airflow/fraud_pipeline.py took 0.295 seconds
[2025-08-01T14:40:22.100+0200] {processor.py:157} INFO - Started process (PID=8556) to work on /Users/adelinerobinet/Documents/Projets Python/exam-fluzz-fraud-detection/adeline/pipelines/airflow/fraud_pipeline.py
[2025-08-01T14:40:22.108+0200] {processor.py:829} INFO - Processing file /Users/adelinerobinet/Documents/Projets Python/exam-fluzz-fraud-detection/adeline/pipelines/airflow/fraud_pipeline.py for tasks to queue
[2025-08-01T14:40:22.108+0200] {logging_mixin.py:154} INFO - [2025-08-01T14:40:22.108+0200] {dagbag.py:536} INFO - Filling up the DagBag from /Users/adelinerobinet/Documents/Projets Python/exam-fluzz-fraud-detection/adeline/pipelines/airflow/fraud_pipeline.py
[2025-08-01T14:40:22.146+0200] {processor.py:839} INFO - DAG(s) dict_keys(['fraud_detection_pipeline']) retrieved from /Users/adelinerobinet/Documents/Projets Python/exam-fluzz-fraud-detection/adeline/pipelines/airflow/fraud_pipeline.py
[2025-08-01T14:40:23.714+0200] {logging_mixin.py:154} INFO - [2025-08-01T14:40:23.713+0200] {dag.py:2941} INFO - Sync 1 DAGs
[2025-08-01T14:40:23.720+0200] {logging_mixin.py:154} INFO - [2025-08-01T14:40:23.720+0200] {dag.py:3722} INFO - Setting next_dagrun for fraud_detection_pipeline to 2025-08-01T00:00:00+00:00, run_after=2025-08-02T00:00:00+00:00
[2025-08-01T14:40:23.740+0200] {processor.py:179} INFO - Processing /Users/adelinerobinet/Documents/Projets Python/exam-fluzz-fraud-detection/adeline/pipelines/airflow/fraud_pipeline.py took 1.641 seconds
[2025-08-01T14:40:55.078+0200] {processor.py:157} INFO - Started process (PID=8633) to work on /Users/adelinerobinet/Documents/Projets Python/exam-fluzz-fraud-detection/adeline/pipelines/airflow/fraud_pipeline.py
[2025-08-01T14:40:55.088+0200] {processor.py:829} INFO - Processing file /Users/adelinerobinet/Documents/Projets Python/exam-fluzz-fraud-detection/adeline/pipelines/airflow/fraud_pipeline.py for tasks to queue
[2025-08-01T14:40:55.089+0200] {logging_mixin.py:154} INFO - [2025-08-01T14:40:55.089+0200] {dagbag.py:536} INFO - Filling up the DagBag from /Users/adelinerobinet/Documents/Projets Python/exam-fluzz-fraud-detection/adeline/pipelines/airflow/fraud_pipeline.py
[2025-08-01T14:40:55.127+0200] {processor.py:839} INFO - DAG(s) dict_keys(['fraud_detection_pipeline']) retrieved from /Users/adelinerobinet/Documents/Projets Python/exam-fluzz-fraud-detection/adeline/pipelines/airflow/fraud_pipeline.py
[2025-08-01T14:40:55.285+0200] {logging_mixin.py:154} INFO - [2025-08-01T14:40:55.285+0200] {dag.py:2941} INFO - Sync 1 DAGs
[2025-08-01T14:40:55.293+0200] {logging_mixin.py:154} INFO - [2025-08-01T14:40:55.293+0200] {dag.py:3722} INFO - Setting next_dagrun for fraud_detection_pipeline to 2025-08-01T00:00:00+00:00, run_after=2025-08-02T00:00:00+00:00
[2025-08-01T14:40:55.311+0200] {processor.py:179} INFO - Processing /Users/adelinerobinet/Documents/Projets Python/exam-fluzz-fraud-detection/adeline/pipelines/airflow/fraud_pipeline.py took 0.233 seconds
[2025-08-01T14:41:27.071+0200] {processor.py:157} INFO - Started process (PID=8674) to work on /Users/adelinerobinet/Documents/Projets Python/exam-fluzz-fraud-detection/adeline/pipelines/airflow/fraud_pipeline.py
[2025-08-01T14:41:27.081+0200] {processor.py:829} INFO - Processing file /Users/adelinerobinet/Documents/Projets Python/exam-fluzz-fraud-detection/adeline/pipelines/airflow/fraud_pipeline.py for tasks to queue
[2025-08-01T14:41:27.081+0200] {logging_mixin.py:154} INFO - [2025-08-01T14:41:27.081+0200] {dagbag.py:536} INFO - Filling up the DagBag from /Users/adelinerobinet/Documents/Projets Python/exam-fluzz-fraud-detection/adeline/pipelines/airflow/fraud_pipeline.py
[2025-08-01T14:41:27.122+0200] {processor.py:839} INFO - DAG(s) dict_keys(['fraud_detection_pipeline']) retrieved from /Users/adelinerobinet/Documents/Projets Python/exam-fluzz-fraud-detection/adeline/pipelines/airflow/fraud_pipeline.py
[2025-08-01T14:41:27.290+0200] {logging_mixin.py:154} INFO - [2025-08-01T14:41:27.290+0200] {dag.py:2941} INFO - Sync 1 DAGs
[2025-08-01T14:41:27.297+0200] {logging_mixin.py:154} INFO - [2025-08-01T14:41:27.297+0200] {dag.py:3722} INFO - Setting next_dagrun for fraud_detection_pipeline to 2025-08-01T00:00:00+00:00, run_after=2025-08-02T00:00:00+00:00
[2025-08-01T14:41:27.344+0200] {processor.py:179} INFO - Processing /Users/adelinerobinet/Documents/Projets Python/exam-fluzz-fraud-detection/adeline/pipelines/airflow/fraud_pipeline.py took 0.273 seconds
[2025-08-01T14:41:58.624+0200] {processor.py:157} INFO - Started process (PID=8723) to work on /Users/adelinerobinet/Documents/Projets Python/exam-fluzz-fraud-detection/adeline/pipelines/airflow/fraud_pipeline.py
[2025-08-01T14:41:58.632+0200] {processor.py:829} INFO - Processing file /Users/adelinerobinet/Documents/Projets Python/exam-fluzz-fraud-detection/adeline/pipelines/airflow/fraud_pipeline.py for tasks to queue
[2025-08-01T14:41:58.632+0200] {logging_mixin.py:154} INFO - [2025-08-01T14:41:58.632+0200] {dagbag.py:536} INFO - Filling up the DagBag from /Users/adelinerobinet/Documents/Projets Python/exam-fluzz-fraud-detection/adeline/pipelines/airflow/fraud_pipeline.py
[2025-08-01T14:41:58.671+0200] {processor.py:839} INFO - DAG(s) dict_keys(['fraud_detection_pipeline']) retrieved from /Users/adelinerobinet/Documents/Projets Python/exam-fluzz-fraud-detection/adeline/pipelines/airflow/fraud_pipeline.py
[2025-08-01T14:41:58.846+0200] {logging_mixin.py:154} INFO - [2025-08-01T14:41:58.846+0200] {dag.py:2941} INFO - Sync 1 DAGs
[2025-08-01T14:41:58.853+0200] {logging_mixin.py:154} INFO - [2025-08-01T14:41:58.853+0200] {dag.py:3722} INFO - Setting next_dagrun for fraud_detection_pipeline to 2025-08-01T00:00:00+00:00, run_after=2025-08-02T00:00:00+00:00
[2025-08-01T14:41:58.871+0200] {processor.py:179} INFO - Processing /Users/adelinerobinet/Documents/Projets Python/exam-fluzz-fraud-detection/adeline/pipelines/airflow/fraud_pipeline.py took 0.247 seconds
[2025-08-01T14:42:30.565+0200] {processor.py:157} INFO - Started process (PID=8787) to work on /Users/adelinerobinet/Documents/Projets Python/exam-fluzz-fraud-detection/adeline/pipelines/airflow/fraud_pipeline.py
[2025-08-01T14:42:30.568+0200] {processor.py:829} INFO - Processing file /Users/adelinerobinet/Documents/Projets Python/exam-fluzz-fraud-detection/adeline/pipelines/airflow/fraud_pipeline.py for tasks to queue
[2025-08-01T14:42:30.568+0200] {logging_mixin.py:154} INFO - [2025-08-01T14:42:30.568+0200] {dagbag.py:536} INFO - Filling up the DagBag from /Users/adelinerobinet/Documents/Projets Python/exam-fluzz-fraud-detection/adeline/pipelines/airflow/fraud_pipeline.py
[2025-08-01T14:42:30.626+0200] {processor.py:839} INFO - DAG(s) dict_keys(['fraud_detection_pipeline']) retrieved from /Users/adelinerobinet/Documents/Projets Python/exam-fluzz-fraud-detection/adeline/pipelines/airflow/fraud_pipeline.py
[2025-08-01T14:42:30.793+0200] {logging_mixin.py:154} INFO - [2025-08-01T14:42:30.793+0200] {dag.py:2941} INFO - Sync 1 DAGs
[2025-08-01T14:42:30.800+0200] {logging_mixin.py:154} INFO - [2025-08-01T14:42:30.800+0200] {dag.py:3722} INFO - Setting next_dagrun for fraud_detection_pipeline to 2025-08-01T00:00:00+00:00, run_after=2025-08-02T00:00:00+00:00
[2025-08-01T14:42:30.819+0200] {processor.py:179} INFO - Processing /Users/adelinerobinet/Documents/Projets Python/exam-fluzz-fraud-detection/adeline/pipelines/airflow/fraud_pipeline.py took 0.255 seconds
[2025-08-01T14:43:02.005+0200] {processor.py:157} INFO - Started process (PID=8803) to work on /Users/adelinerobinet/Documents/Projets Python/exam-fluzz-fraud-detection/adeline/pipelines/airflow/fraud_pipeline.py
[2025-08-01T14:43:02.014+0200] {processor.py:829} INFO - Processing file /Users/adelinerobinet/Documents/Projets Python/exam-fluzz-fraud-detection/adeline/pipelines/airflow/fraud_pipeline.py for tasks to queue
[2025-08-01T14:43:02.014+0200] {logging_mixin.py:154} INFO - [2025-08-01T14:43:02.014+0200] {dagbag.py:536} INFO - Filling up the DagBag from /Users/adelinerobinet/Documents/Projets Python/exam-fluzz-fraud-detection/adeline/pipelines/airflow/fraud_pipeline.py
[2025-08-01T14:43:02.052+0200] {processor.py:839} INFO - DAG(s) dict_keys(['fraud_detection_pipeline']) retrieved from /Users/adelinerobinet/Documents/Projets Python/exam-fluzz-fraud-detection/adeline/pipelines/airflow/fraud_pipeline.py
[2025-08-01T14:43:02.211+0200] {logging_mixin.py:154} INFO - [2025-08-01T14:43:02.211+0200] {dag.py:2941} INFO - Sync 1 DAGs
[2025-08-01T14:43:02.218+0200] {logging_mixin.py:154} INFO - [2025-08-01T14:43:02.218+0200] {dag.py:3722} INFO - Setting next_dagrun for fraud_detection_pipeline to 2025-08-01T00:00:00+00:00, run_after=2025-08-02T00:00:00+00:00
[2025-08-01T14:43:02.235+0200] {processor.py:179} INFO - Processing /Users/adelinerobinet/Documents/Projets Python/exam-fluzz-fraud-detection/adeline/pipelines/airflow/fraud_pipeline.py took 0.230 seconds
[2025-08-01T14:43:33.599+0200] {processor.py:157} INFO - Started process (PID=8818) to work on /Users/adelinerobinet/Documents/Projets Python/exam-fluzz-fraud-detection/adeline/pipelines/airflow/fraud_pipeline.py
[2025-08-01T14:43:33.611+0200] {processor.py:829} INFO - Processing file /Users/adelinerobinet/Documents/Projets Python/exam-fluzz-fraud-detection/adeline/pipelines/airflow/fraud_pipeline.py for tasks to queue
[2025-08-01T14:43:33.612+0200] {logging_mixin.py:154} INFO - [2025-08-01T14:43:33.611+0200] {dagbag.py:536} INFO - Filling up the DagBag from /Users/adelinerobinet/Documents/Projets Python/exam-fluzz-fraud-detection/adeline/pipelines/airflow/fraud_pipeline.py
[2025-08-01T14:43:33.659+0200] {processor.py:839} INFO - DAG(s) dict_keys(['fraud_detection_pipeline']) retrieved from /Users/adelinerobinet/Documents/Projets Python/exam-fluzz-fraud-detection/adeline/pipelines/airflow/fraud_pipeline.py
[2025-08-01T14:43:33.815+0200] {logging_mixin.py:154} INFO - [2025-08-01T14:43:33.815+0200] {dag.py:2941} INFO - Sync 1 DAGs
[2025-08-01T14:43:33.823+0200] {logging_mixin.py:154} INFO - [2025-08-01T14:43:33.823+0200] {dag.py:3722} INFO - Setting next_dagrun for fraud_detection_pipeline to 2025-08-01T00:00:00+00:00, run_after=2025-08-02T00:00:00+00:00
[2025-08-01T14:43:33.842+0200] {processor.py:179} INFO - Processing /Users/adelinerobinet/Documents/Projets Python/exam-fluzz-fraud-detection/adeline/pipelines/airflow/fraud_pipeline.py took 0.243 seconds
[2025-08-01T14:44:05.036+0200] {processor.py:157} INFO - Started process (PID=8872) to work on /Users/adelinerobinet/Documents/Projets Python/exam-fluzz-fraud-detection/adeline/pipelines/airflow/fraud_pipeline.py
[2025-08-01T14:44:05.044+0200] {processor.py:829} INFO - Processing file /Users/adelinerobinet/Documents/Projets Python/exam-fluzz-fraud-detection/adeline/pipelines/airflow/fraud_pipeline.py for tasks to queue
[2025-08-01T14:44:05.045+0200] {logging_mixin.py:154} INFO - [2025-08-01T14:44:05.045+0200] {dagbag.py:536} INFO - Filling up the DagBag from /Users/adelinerobinet/Documents/Projets Python/exam-fluzz-fraud-detection/adeline/pipelines/airflow/fraud_pipeline.py
[2025-08-01T14:44:05.085+0200] {processor.py:839} INFO - DAG(s) dict_keys(['fraud_detection_pipeline']) retrieved from /Users/adelinerobinet/Documents/Projets Python/exam-fluzz-fraud-detection/adeline/pipelines/airflow/fraud_pipeline.py
[2025-08-01T14:44:05.244+0200] {logging_mixin.py:154} INFO - [2025-08-01T14:44:05.244+0200] {dag.py:2941} INFO - Sync 1 DAGs
[2025-08-01T14:44:05.251+0200] {logging_mixin.py:154} INFO - [2025-08-01T14:44:05.250+0200] {dag.py:3722} INFO - Setting next_dagrun for fraud_detection_pipeline to 2025-08-01T00:00:00+00:00, run_after=2025-08-02T00:00:00+00:00
[2025-08-01T14:44:05.290+0200] {processor.py:179} INFO - Processing /Users/adelinerobinet/Documents/Projets Python/exam-fluzz-fraud-detection/adeline/pipelines/airflow/fraud_pipeline.py took 0.254 seconds
[2025-08-01T14:44:36.496+0200] {processor.py:157} INFO - Started process (PID=8874) to work on /Users/adelinerobinet/Documents/Projets Python/exam-fluzz-fraud-detection/adeline/pipelines/airflow/fraud_pipeline.py
[2025-08-01T14:44:36.507+0200] {processor.py:829} INFO - Processing file /Users/adelinerobinet/Documents/Projets Python/exam-fluzz-fraud-detection/adeline/pipelines/airflow/fraud_pipeline.py for tasks to queue
[2025-08-01T14:44:36.507+0200] {logging_mixin.py:154} INFO - [2025-08-01T14:44:36.507+0200] {dagbag.py:536} INFO - Filling up the DagBag from /Users/adelinerobinet/Documents/Projets Python/exam-fluzz-fraud-detection/adeline/pipelines/airflow/fraud_pipeline.py
[2025-08-01T14:44:36.549+0200] {processor.py:839} INFO - DAG(s) dict_keys(['fraud_detection_pipeline']) retrieved from /Users/adelinerobinet/Documents/Projets Python/exam-fluzz-fraud-detection/adeline/pipelines/airflow/fraud_pipeline.py
[2025-08-01T14:44:36.734+0200] {logging_mixin.py:154} INFO - [2025-08-01T14:44:36.734+0200] {dag.py:2941} INFO - Sync 1 DAGs
[2025-08-01T14:44:36.741+0200] {logging_mixin.py:154} INFO - [2025-08-01T14:44:36.741+0200] {dag.py:3722} INFO - Setting next_dagrun for fraud_detection_pipeline to 2025-08-01T00:00:00+00:00, run_after=2025-08-02T00:00:00+00:00
[2025-08-01T14:44:36.783+0200] {processor.py:179} INFO - Processing /Users/adelinerobinet/Documents/Projets Python/exam-fluzz-fraud-detection/adeline/pipelines/airflow/fraud_pipeline.py took 0.288 seconds
[2025-08-01T14:45:08.308+0200] {processor.py:157} INFO - Started process (PID=8890) to work on /Users/adelinerobinet/Documents/Projets Python/exam-fluzz-fraud-detection/adeline/pipelines/airflow/fraud_pipeline.py
[2025-08-01T14:45:08.318+0200] {processor.py:829} INFO - Processing file /Users/adelinerobinet/Documents/Projets Python/exam-fluzz-fraud-detection/adeline/pipelines/airflow/fraud_pipeline.py for tasks to queue
[2025-08-01T14:45:08.318+0200] {logging_mixin.py:154} INFO - [2025-08-01T14:45:08.318+0200] {dagbag.py:536} INFO - Filling up the DagBag from /Users/adelinerobinet/Documents/Projets Python/exam-fluzz-fraud-detection/adeline/pipelines/airflow/fraud_pipeline.py
[2025-08-01T14:45:08.358+0200] {processor.py:839} INFO - DAG(s) dict_keys(['fraud_detection_pipeline']) retrieved from /Users/adelinerobinet/Documents/Projets Python/exam-fluzz-fraud-detection/adeline/pipelines/airflow/fraud_pipeline.py
[2025-08-01T14:45:08.519+0200] {logging_mixin.py:154} INFO - [2025-08-01T14:45:08.519+0200] {dag.py:2941} INFO - Sync 1 DAGs
[2025-08-01T14:45:08.526+0200] {logging_mixin.py:154} INFO - [2025-08-01T14:45:08.526+0200] {dag.py:3722} INFO - Setting next_dagrun for fraud_detection_pipeline to 2025-08-01T00:00:00+00:00, run_after=2025-08-02T00:00:00+00:00
[2025-08-01T14:45:08.544+0200] {processor.py:179} INFO - Processing /Users/adelinerobinet/Documents/Projets Python/exam-fluzz-fraud-detection/adeline/pipelines/airflow/fraud_pipeline.py took 0.236 seconds
[2025-08-01T14:45:39.684+0200] {processor.py:157} INFO - Started process (PID=8942) to work on /Users/adelinerobinet/Documents/Projets Python/exam-fluzz-fraud-detection/adeline/pipelines/airflow/fraud_pipeline.py
[2025-08-01T14:45:39.692+0200] {processor.py:829} INFO - Processing file /Users/adelinerobinet/Documents/Projets Python/exam-fluzz-fraud-detection/adeline/pipelines/airflow/fraud_pipeline.py for tasks to queue
[2025-08-01T14:45:39.692+0200] {logging_mixin.py:154} INFO - [2025-08-01T14:45:39.692+0200] {dagbag.py:536} INFO - Filling up the DagBag from /Users/adelinerobinet/Documents/Projets Python/exam-fluzz-fraud-detection/adeline/pipelines/airflow/fraud_pipeline.py
[2025-08-01T14:45:39.731+0200] {processor.py:839} INFO - DAG(s) dict_keys(['fraud_detection_pipeline']) retrieved from /Users/adelinerobinet/Documents/Projets Python/exam-fluzz-fraud-detection/adeline/pipelines/airflow/fraud_pipeline.py
[2025-08-01T14:45:39.886+0200] {logging_mixin.py:154} INFO - [2025-08-01T14:45:39.886+0200] {dag.py:2941} INFO - Sync 1 DAGs
[2025-08-01T14:45:39.894+0200] {logging_mixin.py:154} INFO - [2025-08-01T14:45:39.894+0200] {dag.py:3722} INFO - Setting next_dagrun for fraud_detection_pipeline to 2025-08-01T00:00:00+00:00, run_after=2025-08-02T00:00:00+00:00
[2025-08-01T14:45:39.926+0200] {processor.py:179} INFO - Processing /Users/adelinerobinet/Documents/Projets Python/exam-fluzz-fraud-detection/adeline/pipelines/airflow/fraud_pipeline.py took 0.242 seconds
[2025-08-01T14:46:11.043+0200] {processor.py:157} INFO - Started process (PID=8959) to work on /Users/adelinerobinet/Documents/Projets Python/exam-fluzz-fraud-detection/adeline/pipelines/airflow/fraud_pipeline.py
[2025-08-01T14:46:11.050+0200] {processor.py:829} INFO - Processing file /Users/adelinerobinet/Documents/Projets Python/exam-fluzz-fraud-detection/adeline/pipelines/airflow/fraud_pipeline.py for tasks to queue
[2025-08-01T14:46:11.051+0200] {logging_mixin.py:154} INFO - [2025-08-01T14:46:11.050+0200] {dagbag.py:536} INFO - Filling up the DagBag from /Users/adelinerobinet/Documents/Projets Python/exam-fluzz-fraud-detection/adeline/pipelines/airflow/fraud_pipeline.py
[2025-08-01T14:46:11.088+0200] {processor.py:839} INFO - DAG(s) dict_keys(['fraud_detection_pipeline']) retrieved from /Users/adelinerobinet/Documents/Projets Python/exam-fluzz-fraud-detection/adeline/pipelines/airflow/fraud_pipeline.py
[2025-08-01T14:46:11.281+0200] {logging_mixin.py:154} INFO - [2025-08-01T14:46:11.281+0200] {dag.py:2941} INFO - Sync 1 DAGs
[2025-08-01T14:46:11.288+0200] {logging_mixin.py:154} INFO - [2025-08-01T14:46:11.288+0200] {dag.py:3722} INFO - Setting next_dagrun for fraud_detection_pipeline to 2025-08-01T00:00:00+00:00, run_after=2025-08-02T00:00:00+00:00
[2025-08-01T14:46:11.326+0200] {processor.py:179} INFO - Processing /Users/adelinerobinet/Documents/Projets Python/exam-fluzz-fraud-detection/adeline/pipelines/airflow/fraud_pipeline.py took 0.283 seconds
[2025-08-01T14:46:42.553+0200] {processor.py:157} INFO - Started process (PID=8979) to work on /Users/adelinerobinet/Documents/Projets Python/exam-fluzz-fraud-detection/adeline/pipelines/airflow/fraud_pipeline.py
[2025-08-01T14:46:42.561+0200] {processor.py:829} INFO - Processing file /Users/adelinerobinet/Documents/Projets Python/exam-fluzz-fraud-detection/adeline/pipelines/airflow/fraud_pipeline.py for tasks to queue
[2025-08-01T14:46:42.562+0200] {logging_mixin.py:154} INFO - [2025-08-01T14:46:42.562+0200] {dagbag.py:536} INFO - Filling up the DagBag from /Users/adelinerobinet/Documents/Projets Python/exam-fluzz-fraud-detection/adeline/pipelines/airflow/fraud_pipeline.py
[2025-08-01T14:46:42.610+0200] {processor.py:839} INFO - DAG(s) dict_keys(['fraud_detection_pipeline']) retrieved from /Users/adelinerobinet/Documents/Projets Python/exam-fluzz-fraud-detection/adeline/pipelines/airflow/fraud_pipeline.py
[2025-08-01T14:46:42.793+0200] {logging_mixin.py:154} INFO - [2025-08-01T14:46:42.793+0200] {dag.py:2941} INFO - Sync 1 DAGs
[2025-08-01T14:46:42.799+0200] {logging_mixin.py:154} INFO - [2025-08-01T14:46:42.799+0200] {dag.py:3722} INFO - Setting next_dagrun for fraud_detection_pipeline to 2025-08-01T00:00:00+00:00, run_after=2025-08-02T00:00:00+00:00
[2025-08-01T14:46:42.842+0200] {processor.py:179} INFO - Processing /Users/adelinerobinet/Documents/Projets Python/exam-fluzz-fraud-detection/adeline/pipelines/airflow/fraud_pipeline.py took 0.290 seconds
[2025-08-01T14:47:13.955+0200] {processor.py:157} INFO - Started process (PID=9031) to work on /Users/adelinerobinet/Documents/Projets Python/exam-fluzz-fraud-detection/adeline/pipelines/airflow/fraud_pipeline.py
[2025-08-01T14:47:13.969+0200] {processor.py:829} INFO - Processing file /Users/adelinerobinet/Documents/Projets Python/exam-fluzz-fraud-detection/adeline/pipelines/airflow/fraud_pipeline.py for tasks to queue
[2025-08-01T14:47:13.969+0200] {logging_mixin.py:154} INFO - [2025-08-01T14:47:13.969+0200] {dagbag.py:536} INFO - Filling up the DagBag from /Users/adelinerobinet/Documents/Projets Python/exam-fluzz-fraud-detection/adeline/pipelines/airflow/fraud_pipeline.py
[2025-08-01T14:47:14.008+0200] {processor.py:839} INFO - DAG(s) dict_keys(['fraud_detection_pipeline']) retrieved from /Users/adelinerobinet/Documents/Projets Python/exam-fluzz-fraud-detection/adeline/pipelines/airflow/fraud_pipeline.py
[2025-08-01T14:47:14.161+0200] {logging_mixin.py:154} INFO - [2025-08-01T14:47:14.161+0200] {dag.py:2941} INFO - Sync 1 DAGs
[2025-08-01T14:47:14.168+0200] {logging_mixin.py:154} INFO - [2025-08-01T14:47:14.168+0200] {dag.py:3722} INFO - Setting next_dagrun for fraud_detection_pipeline to 2025-08-01T00:00:00+00:00, run_after=2025-08-02T00:00:00+00:00
[2025-08-01T14:47:14.212+0200] {processor.py:179} INFO - Processing /Users/adelinerobinet/Documents/Projets Python/exam-fluzz-fraud-detection/adeline/pipelines/airflow/fraud_pipeline.py took 0.257 seconds
[2025-08-01T14:47:45.284+0200] {processor.py:157} INFO - Started process (PID=9119) to work on /Users/adelinerobinet/Documents/Projets Python/exam-fluzz-fraud-detection/adeline/pipelines/airflow/fraud_pipeline.py
[2025-08-01T14:47:45.294+0200] {processor.py:829} INFO - Processing file /Users/adelinerobinet/Documents/Projets Python/exam-fluzz-fraud-detection/adeline/pipelines/airflow/fraud_pipeline.py for tasks to queue
[2025-08-01T14:47:45.295+0200] {logging_mixin.py:154} INFO - [2025-08-01T14:47:45.295+0200] {dagbag.py:536} INFO - Filling up the DagBag from /Users/adelinerobinet/Documents/Projets Python/exam-fluzz-fraud-detection/adeline/pipelines/airflow/fraud_pipeline.py
[2025-08-01T14:47:45.330+0200] {processor.py:839} INFO - DAG(s) dict_keys(['fraud_detection_pipeline']) retrieved from /Users/adelinerobinet/Documents/Projets Python/exam-fluzz-fraud-detection/adeline/pipelines/airflow/fraud_pipeline.py
[2025-08-01T14:47:45.478+0200] {logging_mixin.py:154} INFO - [2025-08-01T14:47:45.478+0200] {dag.py:2941} INFO - Sync 1 DAGs
[2025-08-01T14:47:45.485+0200] {logging_mixin.py:154} INFO - [2025-08-01T14:47:45.485+0200] {dag.py:3722} INFO - Setting next_dagrun for fraud_detection_pipeline to 2025-08-01T00:00:00+00:00, run_after=2025-08-02T00:00:00+00:00
[2025-08-01T14:47:45.506+0200] {processor.py:179} INFO - Processing /Users/adelinerobinet/Documents/Projets Python/exam-fluzz-fraud-detection/adeline/pipelines/airflow/fraud_pipeline.py took 0.222 seconds
[2025-08-01T14:48:16.639+0200] {processor.py:157} INFO - Started process (PID=9161) to work on /Users/adelinerobinet/Documents/Projets Python/exam-fluzz-fraud-detection/adeline/pipelines/airflow/fraud_pipeline.py
[2025-08-01T14:48:16.648+0200] {processor.py:829} INFO - Processing file /Users/adelinerobinet/Documents/Projets Python/exam-fluzz-fraud-detection/adeline/pipelines/airflow/fraud_pipeline.py for tasks to queue
[2025-08-01T14:48:16.648+0200] {logging_mixin.py:154} INFO - [2025-08-01T14:48:16.648+0200] {dagbag.py:536} INFO - Filling up the DagBag from /Users/adelinerobinet/Documents/Projets Python/exam-fluzz-fraud-detection/adeline/pipelines/airflow/fraud_pipeline.py
[2025-08-01T14:48:16.689+0200] {processor.py:839} INFO - DAG(s) dict_keys(['fraud_detection_pipeline']) retrieved from /Users/adelinerobinet/Documents/Projets Python/exam-fluzz-fraud-detection/adeline/pipelines/airflow/fraud_pipeline.py
[2025-08-01T14:48:16.858+0200] {logging_mixin.py:154} INFO - [2025-08-01T14:48:16.858+0200] {dag.py:2941} INFO - Sync 1 DAGs
[2025-08-01T14:48:16.865+0200] {logging_mixin.py:154} INFO - [2025-08-01T14:48:16.865+0200] {dag.py:3722} INFO - Setting next_dagrun for fraud_detection_pipeline to 2025-08-01T00:00:00+00:00, run_after=2025-08-02T00:00:00+00:00
[2025-08-01T14:48:16.882+0200] {processor.py:179} INFO - Processing /Users/adelinerobinet/Documents/Projets Python/exam-fluzz-fraud-detection/adeline/pipelines/airflow/fraud_pipeline.py took 0.244 seconds
[2025-08-01T14:48:48.313+0200] {processor.py:157} INFO - Started process (PID=9317) to work on /Users/adelinerobinet/Documents/Projets Python/exam-fluzz-fraud-detection/adeline/pipelines/airflow/fraud_pipeline.py
[2025-08-01T14:48:48.316+0200] {processor.py:829} INFO - Processing file /Users/adelinerobinet/Documents/Projets Python/exam-fluzz-fraud-detection/adeline/pipelines/airflow/fraud_pipeline.py for tasks to queue
[2025-08-01T14:48:48.316+0200] {logging_mixin.py:154} INFO - [2025-08-01T14:48:48.316+0200] {dagbag.py:536} INFO - Filling up the DagBag from /Users/adelinerobinet/Documents/Projets Python/exam-fluzz-fraud-detection/adeline/pipelines/airflow/fraud_pipeline.py
[2025-08-01T14:48:48.359+0200] {processor.py:839} INFO - DAG(s) dict_keys(['fraud_detection_pipeline']) retrieved from /Users/adelinerobinet/Documents/Projets Python/exam-fluzz-fraud-detection/adeline/pipelines/airflow/fraud_pipeline.py
[2025-08-01T14:48:48.528+0200] {logging_mixin.py:154} INFO - [2025-08-01T14:48:48.528+0200] {dag.py:2941} INFO - Sync 1 DAGs
[2025-08-01T14:48:48.536+0200] {logging_mixin.py:154} INFO - [2025-08-01T14:48:48.536+0200] {dag.py:3722} INFO - Setting next_dagrun for fraud_detection_pipeline to 2025-08-01T00:00:00+00:00, run_after=2025-08-02T00:00:00+00:00
[2025-08-01T14:48:48.559+0200] {processor.py:179} INFO - Processing /Users/adelinerobinet/Documents/Projets Python/exam-fluzz-fraud-detection/adeline/pipelines/airflow/fraud_pipeline.py took 0.246 seconds
[2025-08-01T14:49:19.844+0200] {processor.py:157} INFO - Started process (PID=9338) to work on /Users/adelinerobinet/Documents/Projets Python/exam-fluzz-fraud-detection/adeline/pipelines/airflow/fraud_pipeline.py
[2025-08-01T14:49:19.855+0200] {processor.py:829} INFO - Processing file /Users/adelinerobinet/Documents/Projets Python/exam-fluzz-fraud-detection/adeline/pipelines/airflow/fraud_pipeline.py for tasks to queue
[2025-08-01T14:49:19.855+0200] {logging_mixin.py:154} INFO - [2025-08-01T14:49:19.855+0200] {dagbag.py:536} INFO - Filling up the DagBag from /Users/adelinerobinet/Documents/Projets Python/exam-fluzz-fraud-detection/adeline/pipelines/airflow/fraud_pipeline.py
[2025-08-01T14:49:19.895+0200] {processor.py:839} INFO - DAG(s) dict_keys(['fraud_detection_pipeline']) retrieved from /Users/adelinerobinet/Documents/Projets Python/exam-fluzz-fraud-detection/adeline/pipelines/airflow/fraud_pipeline.py
[2025-08-01T14:49:20.092+0200] {logging_mixin.py:154} INFO - [2025-08-01T14:49:20.092+0200] {dag.py:2941} INFO - Sync 1 DAGs
[2025-08-01T14:49:20.099+0200] {logging_mixin.py:154} INFO - [2025-08-01T14:49:20.099+0200] {dag.py:3722} INFO - Setting next_dagrun for fraud_detection_pipeline to 2025-08-01T00:00:00+00:00, run_after=2025-08-02T00:00:00+00:00
[2025-08-01T14:49:20.118+0200] {processor.py:179} INFO - Processing /Users/adelinerobinet/Documents/Projets Python/exam-fluzz-fraud-detection/adeline/pipelines/airflow/fraud_pipeline.py took 0.275 seconds
[2025-08-01T14:49:51.342+0200] {processor.py:157} INFO - Started process (PID=9379) to work on /Users/adelinerobinet/Documents/Projets Python/exam-fluzz-fraud-detection/adeline/pipelines/airflow/fraud_pipeline.py
[2025-08-01T14:49:51.351+0200] {processor.py:829} INFO - Processing file /Users/adelinerobinet/Documents/Projets Python/exam-fluzz-fraud-detection/adeline/pipelines/airflow/fraud_pipeline.py for tasks to queue
[2025-08-01T14:49:51.351+0200] {logging_mixin.py:154} INFO - [2025-08-01T14:49:51.351+0200] {dagbag.py:536} INFO - Filling up the DagBag from /Users/adelinerobinet/Documents/Projets Python/exam-fluzz-fraud-detection/adeline/pipelines/airflow/fraud_pipeline.py
[2025-08-01T14:49:51.393+0200] {processor.py:839} INFO - DAG(s) dict_keys(['fraud_detection_pipeline']) retrieved from /Users/adelinerobinet/Documents/Projets Python/exam-fluzz-fraud-detection/adeline/pipelines/airflow/fraud_pipeline.py
[2025-08-01T14:49:51.564+0200] {logging_mixin.py:154} INFO - [2025-08-01T14:49:51.564+0200] {dag.py:2941} INFO - Sync 1 DAGs
[2025-08-01T14:49:51.571+0200] {logging_mixin.py:154} INFO - [2025-08-01T14:49:51.571+0200] {dag.py:3722} INFO - Setting next_dagrun for fraud_detection_pipeline to 2025-08-01T00:00:00+00:00, run_after=2025-08-02T00:00:00+00:00
[2025-08-01T14:49:51.620+0200] {processor.py:179} INFO - Processing /Users/adelinerobinet/Documents/Projets Python/exam-fluzz-fraud-detection/adeline/pipelines/airflow/fraud_pipeline.py took 0.278 seconds
[2025-08-01T14:50:22.804+0200] {processor.py:157} INFO - Started process (PID=9422) to work on /Users/adelinerobinet/Documents/Projets Python/exam-fluzz-fraud-detection/adeline/pipelines/airflow/fraud_pipeline.py
[2025-08-01T14:50:22.817+0200] {processor.py:829} INFO - Processing file /Users/adelinerobinet/Documents/Projets Python/exam-fluzz-fraud-detection/adeline/pipelines/airflow/fraud_pipeline.py for tasks to queue
[2025-08-01T14:50:22.817+0200] {logging_mixin.py:154} INFO - [2025-08-01T14:50:22.817+0200] {dagbag.py:536} INFO - Filling up the DagBag from /Users/adelinerobinet/Documents/Projets Python/exam-fluzz-fraud-detection/adeline/pipelines/airflow/fraud_pipeline.py
[2025-08-01T14:50:22.856+0200] {processor.py:839} INFO - DAG(s) dict_keys(['fraud_detection_pipeline']) retrieved from /Users/adelinerobinet/Documents/Projets Python/exam-fluzz-fraud-detection/adeline/pipelines/airflow/fraud_pipeline.py
[2025-08-01T14:50:23.013+0200] {logging_mixin.py:154} INFO - [2025-08-01T14:50:23.013+0200] {dag.py:2941} INFO - Sync 1 DAGs
[2025-08-01T14:50:23.020+0200] {logging_mixin.py:154} INFO - [2025-08-01T14:50:23.019+0200] {dag.py:3722} INFO - Setting next_dagrun for fraud_detection_pipeline to 2025-08-01T00:00:00+00:00, run_after=2025-08-02T00:00:00+00:00
[2025-08-01T14:50:23.064+0200] {processor.py:179} INFO - Processing /Users/adelinerobinet/Documents/Projets Python/exam-fluzz-fraud-detection/adeline/pipelines/airflow/fraud_pipeline.py took 0.261 seconds
[2025-08-01T14:50:54.192+0200] {processor.py:157} INFO - Started process (PID=9614) to work on /Users/adelinerobinet/Documents/Projets Python/exam-fluzz-fraud-detection/adeline/pipelines/airflow/fraud_pipeline.py
[2025-08-01T14:50:54.203+0200] {processor.py:829} INFO - Processing file /Users/adelinerobinet/Documents/Projets Python/exam-fluzz-fraud-detection/adeline/pipelines/airflow/fraud_pipeline.py for tasks to queue
[2025-08-01T14:50:54.203+0200] {logging_mixin.py:154} INFO - [2025-08-01T14:50:54.203+0200] {dagbag.py:536} INFO - Filling up the DagBag from /Users/adelinerobinet/Documents/Projets Python/exam-fluzz-fraud-detection/adeline/pipelines/airflow/fraud_pipeline.py
[2025-08-01T14:50:54.241+0200] {processor.py:839} INFO - DAG(s) dict_keys(['fraud_detection_pipeline']) retrieved from /Users/adelinerobinet/Documents/Projets Python/exam-fluzz-fraud-detection/adeline/pipelines/airflow/fraud_pipeline.py
[2025-08-01T14:50:54.386+0200] {logging_mixin.py:154} INFO - [2025-08-01T14:50:54.386+0200] {dag.py:2941} INFO - Sync 1 DAGs
[2025-08-01T14:50:54.393+0200] {logging_mixin.py:154} INFO - [2025-08-01T14:50:54.393+0200] {dag.py:3722} INFO - Setting next_dagrun for fraud_detection_pipeline to 2025-08-01T00:00:00+00:00, run_after=2025-08-02T00:00:00+00:00
[2025-08-01T14:50:54.410+0200] {processor.py:179} INFO - Processing /Users/adelinerobinet/Documents/Projets Python/exam-fluzz-fraud-detection/adeline/pipelines/airflow/fraud_pipeline.py took 0.218 seconds
[2025-08-01T14:51:26.042+0200] {processor.py:157} INFO - Started process (PID=9824) to work on /Users/adelinerobinet/Documents/Projets Python/exam-fluzz-fraud-detection/adeline/pipelines/airflow/fraud_pipeline.py
[2025-08-01T14:51:26.050+0200] {processor.py:829} INFO - Processing file /Users/adelinerobinet/Documents/Projets Python/exam-fluzz-fraud-detection/adeline/pipelines/airflow/fraud_pipeline.py for tasks to queue
[2025-08-01T14:51:26.051+0200] {logging_mixin.py:154} INFO - [2025-08-01T14:51:26.051+0200] {dagbag.py:536} INFO - Filling up the DagBag from /Users/adelinerobinet/Documents/Projets Python/exam-fluzz-fraud-detection/adeline/pipelines/airflow/fraud_pipeline.py
[2025-08-01T14:51:26.130+0200] {processor.py:839} INFO - DAG(s) dict_keys(['fraud_detection_pipeline']) retrieved from /Users/adelinerobinet/Documents/Projets Python/exam-fluzz-fraud-detection/adeline/pipelines/airflow/fraud_pipeline.py
[2025-08-01T15:11:19.627+0200] {processor.py:157} INFO - Started process (PID=12860) to work on /Users/adelinerobinet/Documents/Projets Python/exam-fluzz-fraud-detection/adeline/pipelines/airflow/fraud_pipeline.py
[2025-08-01T15:11:19.635+0200] {processor.py:829} INFO - Processing file /Users/adelinerobinet/Documents/Projets Python/exam-fluzz-fraud-detection/adeline/pipelines/airflow/fraud_pipeline.py for tasks to queue
[2025-08-01T15:11:19.636+0200] {logging_mixin.py:154} INFO - [2025-08-01T15:11:19.636+0200] {dagbag.py:536} INFO - Filling up the DagBag from /Users/adelinerobinet/Documents/Projets Python/exam-fluzz-fraud-detection/adeline/pipelines/airflow/fraud_pipeline.py
[2025-08-01T15:11:21.078+0200] {processor.py:839} INFO - DAG(s) dict_keys(['fraud_detection_pipeline']) retrieved from /Users/adelinerobinet/Documents/Projets Python/exam-fluzz-fraud-detection/adeline/pipelines/airflow/fraud_pipeline.py
[2025-08-01T15:11:21.867+0200] {logging_mixin.py:154} INFO - [2025-08-01T15:11:21.867+0200] {dag.py:2941} INFO - Sync 1 DAGs
[2025-08-01T15:11:21.874+0200] {logging_mixin.py:154} INFO - [2025-08-01T15:11:21.874+0200] {dag.py:3722} INFO - Setting next_dagrun for fraud_detection_pipeline to 2025-08-01T00:00:00+00:00, run_after=2025-08-02T00:00:00+00:00
[2025-08-01T15:11:21.887+0200] {processor.py:179} INFO - Processing /Users/adelinerobinet/Documents/Projets Python/exam-fluzz-fraud-detection/adeline/pipelines/airflow/fraud_pipeline.py took 2.260 seconds
[2025-08-01T15:11:53.846+0200] {processor.py:157} INFO - Started process (PID=12913) to work on /Users/adelinerobinet/Documents/Projets Python/exam-fluzz-fraud-detection/adeline/pipelines/airflow/fraud_pipeline.py
[2025-08-01T15:11:53.857+0200] {processor.py:829} INFO - Processing file /Users/adelinerobinet/Documents/Projets Python/exam-fluzz-fraud-detection/adeline/pipelines/airflow/fraud_pipeline.py for tasks to queue
[2025-08-01T15:11:53.858+0200] {logging_mixin.py:154} INFO - [2025-08-01T15:11:53.857+0200] {dagbag.py:536} INFO - Filling up the DagBag from /Users/adelinerobinet/Documents/Projets Python/exam-fluzz-fraud-detection/adeline/pipelines/airflow/fraud_pipeline.py
[2025-08-01T15:11:54.372+0200] {processor.py:839} INFO - DAG(s) dict_keys(['fraud_detection_pipeline']) retrieved from /Users/adelinerobinet/Documents/Projets Python/exam-fluzz-fraud-detection/adeline/pipelines/airflow/fraud_pipeline.py
[2025-08-01T15:11:54.564+0200] {logging_mixin.py:154} INFO - [2025-08-01T15:11:54.564+0200] {dag.py:2941} INFO - Sync 1 DAGs
[2025-08-01T15:11:54.571+0200] {logging_mixin.py:154} INFO - [2025-08-01T15:11:54.571+0200] {dag.py:3722} INFO - Setting next_dagrun for fraud_detection_pipeline to 2025-08-01T00:00:00+00:00, run_after=2025-08-02T00:00:00+00:00
[2025-08-01T15:11:54.585+0200] {processor.py:179} INFO - Processing /Users/adelinerobinet/Documents/Projets Python/exam-fluzz-fraud-detection/adeline/pipelines/airflow/fraud_pipeline.py took 0.739 seconds
[2025-08-01T15:12:25.987+0200] {processor.py:157} INFO - Started process (PID=12934) to work on /Users/adelinerobinet/Documents/Projets Python/exam-fluzz-fraud-detection/adeline/pipelines/airflow/fraud_pipeline.py
[2025-08-01T15:12:25.997+0200] {processor.py:829} INFO - Processing file /Users/adelinerobinet/Documents/Projets Python/exam-fluzz-fraud-detection/adeline/pipelines/airflow/fraud_pipeline.py for tasks to queue
[2025-08-01T15:12:25.997+0200] {logging_mixin.py:154} INFO - [2025-08-01T15:12:25.997+0200] {dagbag.py:536} INFO - Filling up the DagBag from /Users/adelinerobinet/Documents/Projets Python/exam-fluzz-fraud-detection/adeline/pipelines/airflow/fraud_pipeline.py
[2025-08-01T15:12:26.446+0200] {processor.py:839} INFO - DAG(s) dict_keys(['fraud_detection_pipeline']) retrieved from /Users/adelinerobinet/Documents/Projets Python/exam-fluzz-fraud-detection/adeline/pipelines/airflow/fraud_pipeline.py
[2025-08-01T15:12:26.617+0200] {logging_mixin.py:154} INFO - [2025-08-01T15:12:26.617+0200] {dag.py:2941} INFO - Sync 1 DAGs
[2025-08-01T15:12:26.624+0200] {logging_mixin.py:154} INFO - [2025-08-01T15:12:26.624+0200] {dag.py:3722} INFO - Setting next_dagrun for fraud_detection_pipeline to 2025-08-01T00:00:00+00:00, run_after=2025-08-02T00:00:00+00:00
[2025-08-01T15:12:26.658+0200] {processor.py:179} INFO - Processing /Users/adelinerobinet/Documents/Projets Python/exam-fluzz-fraud-detection/adeline/pipelines/airflow/fraud_pipeline.py took 0.672 seconds
[2025-08-01T15:12:58.040+0200] {processor.py:157} INFO - Started process (PID=12959) to work on /Users/adelinerobinet/Documents/Projets Python/exam-fluzz-fraud-detection/adeline/pipelines/airflow/fraud_pipeline.py
[2025-08-01T15:12:58.053+0200] {processor.py:829} INFO - Processing file /Users/adelinerobinet/Documents/Projets Python/exam-fluzz-fraud-detection/adeline/pipelines/airflow/fraud_pipeline.py for tasks to queue
[2025-08-01T15:12:58.053+0200] {logging_mixin.py:154} INFO - [2025-08-01T15:12:58.053+0200] {dagbag.py:536} INFO - Filling up the DagBag from /Users/adelinerobinet/Documents/Projets Python/exam-fluzz-fraud-detection/adeline/pipelines/airflow/fraud_pipeline.py
[2025-08-01T15:12:58.570+0200] {processor.py:839} INFO - DAG(s) dict_keys(['fraud_detection_pipeline']) retrieved from /Users/adelinerobinet/Documents/Projets Python/exam-fluzz-fraud-detection/adeline/pipelines/airflow/fraud_pipeline.py
[2025-08-01T15:12:58.784+0200] {logging_mixin.py:154} INFO - [2025-08-01T15:12:58.784+0200] {dag.py:2941} INFO - Sync 1 DAGs
[2025-08-01T15:12:58.791+0200] {logging_mixin.py:154} INFO - [2025-08-01T15:12:58.791+0200] {dag.py:3722} INFO - Setting next_dagrun for fraud_detection_pipeline to 2025-08-01T00:00:00+00:00, run_after=2025-08-02T00:00:00+00:00
[2025-08-01T15:12:58.803+0200] {processor.py:179} INFO - Processing /Users/adelinerobinet/Documents/Projets Python/exam-fluzz-fraud-detection/adeline/pipelines/airflow/fraud_pipeline.py took 0.763 seconds
[2025-08-01T16:47:47.650+0200] {processor.py:157} INFO - Started process (PID=17113) to work on /Users/adelinerobinet/Documents/Projets Python/exam-fluzz-fraud-detection/adeline/pipelines/airflow/fraud_pipeline.py
[2025-08-01T16:47:47.662+0200] {processor.py:829} INFO - Processing file /Users/adelinerobinet/Documents/Projets Python/exam-fluzz-fraud-detection/adeline/pipelines/airflow/fraud_pipeline.py for tasks to queue
[2025-08-01T16:47:47.662+0200] {logging_mixin.py:154} INFO - [2025-08-01T16:47:47.662+0200] {dagbag.py:536} INFO - Filling up the DagBag from /Users/adelinerobinet/Documents/Projets Python/exam-fluzz-fraud-detection/adeline/pipelines/airflow/fraud_pipeline.py
[2025-08-01T16:47:48.457+0200] {processor.py:839} INFO - DAG(s) dict_keys(['fraud_detection_pipeline']) retrieved from /Users/adelinerobinet/Documents/Projets Python/exam-fluzz-fraud-detection/adeline/pipelines/airflow/fraud_pipeline.py
[2025-08-01T16:47:48.666+0200] {logging_mixin.py:154} INFO - [2025-08-01T16:47:48.666+0200] {dag.py:2941} INFO - Sync 1 DAGs
[2025-08-01T16:47:48.675+0200] {logging_mixin.py:154} INFO - [2025-08-01T16:47:48.675+0200] {dag.py:3722} INFO - Setting next_dagrun for fraud_detection_pipeline to 2025-08-01T00:00:00+00:00, run_after=2025-08-02T00:00:00+00:00
[2025-08-01T16:47:48.689+0200] {processor.py:179} INFO - Processing /Users/adelinerobinet/Documents/Projets Python/exam-fluzz-fraud-detection/adeline/pipelines/airflow/fraud_pipeline.py took 1.039 seconds
[2025-08-01T16:48:20.576+0200] {processor.py:157} INFO - Started process (PID=17137) to work on /Users/adelinerobinet/Documents/Projets Python/exam-fluzz-fraud-detection/adeline/pipelines/airflow/fraud_pipeline.py
[2025-08-01T16:48:20.589+0200] {processor.py:829} INFO - Processing file /Users/adelinerobinet/Documents/Projets Python/exam-fluzz-fraud-detection/adeline/pipelines/airflow/fraud_pipeline.py for tasks to queue
[2025-08-01T16:48:20.589+0200] {logging_mixin.py:154} INFO - [2025-08-01T16:48:20.589+0200] {dagbag.py:536} INFO - Filling up the DagBag from /Users/adelinerobinet/Documents/Projets Python/exam-fluzz-fraud-detection/adeline/pipelines/airflow/fraud_pipeline.py
[2025-08-01T16:48:21.208+0200] {processor.py:839} INFO - DAG(s) dict_keys(['fraud_detection_pipeline']) retrieved from /Users/adelinerobinet/Documents/Projets Python/exam-fluzz-fraud-detection/adeline/pipelines/airflow/fraud_pipeline.py
[2025-08-01T16:48:21.402+0200] {logging_mixin.py:154} INFO - [2025-08-01T16:48:21.402+0200] {dag.py:2941} INFO - Sync 1 DAGs
[2025-08-01T16:48:21.409+0200] {logging_mixin.py:154} INFO - [2025-08-01T16:48:21.409+0200] {dag.py:3722} INFO - Setting next_dagrun for fraud_detection_pipeline to 2025-08-01T00:00:00+00:00, run_after=2025-08-02T00:00:00+00:00
[2025-08-01T16:48:21.421+0200] {processor.py:179} INFO - Processing /Users/adelinerobinet/Documents/Projets Python/exam-fluzz-fraud-detection/adeline/pipelines/airflow/fraud_pipeline.py took 0.847 seconds
[2025-08-01T16:48:52.938+0200] {processor.py:157} INFO - Started process (PID=17224) to work on /Users/adelinerobinet/Documents/Projets Python/exam-fluzz-fraud-detection/adeline/pipelines/airflow/fraud_pipeline.py
[2025-08-01T16:48:52.949+0200] {processor.py:829} INFO - Processing file /Users/adelinerobinet/Documents/Projets Python/exam-fluzz-fraud-detection/adeline/pipelines/airflow/fraud_pipeline.py for tasks to queue
[2025-08-01T16:48:52.949+0200] {logging_mixin.py:154} INFO - [2025-08-01T16:48:52.949+0200] {dagbag.py:536} INFO - Filling up the DagBag from /Users/adelinerobinet/Documents/Projets Python/exam-fluzz-fraud-detection/adeline/pipelines/airflow/fraud_pipeline.py
[2025-08-01T16:48:53.428+0200] {processor.py:839} INFO - DAG(s) dict_keys(['fraud_detection_pipeline']) retrieved from /Users/adelinerobinet/Documents/Projets Python/exam-fluzz-fraud-detection/adeline/pipelines/airflow/fraud_pipeline.py
[2025-08-01T16:48:53.613+0200] {logging_mixin.py:154} INFO - [2025-08-01T16:48:53.613+0200] {dag.py:2941} INFO - Sync 1 DAGs
[2025-08-01T16:48:53.620+0200] {logging_mixin.py:154} INFO - [2025-08-01T16:48:53.620+0200] {dag.py:3722} INFO - Setting next_dagrun for fraud_detection_pipeline to 2025-08-01T00:00:00+00:00, run_after=2025-08-02T00:00:00+00:00
[2025-08-01T16:48:53.661+0200] {processor.py:179} INFO - Processing /Users/adelinerobinet/Documents/Projets Python/exam-fluzz-fraud-detection/adeline/pipelines/airflow/fraud_pipeline.py took 0.723 seconds
