[2025-09-03T02:28:34.373+0200] {processor.py:157} INFO - Started process (PID=29138) to work on /Users/adelinerobinet/Documents/Projets Python/exam-fluzz-fraud-detection/adeline/pipelines/airflow/fraud_pipeline.py
[2025-09-03T02:28:34.379+0200] {processor.py:829} INFO - Processing file /Users/adelinerobinet/Documents/Projets Python/exam-fluzz-fraud-detection/adeline/pipelines/airflow/fraud_pipeline.py for tasks to queue
[2025-09-03T02:28:34.379+0200] {logging_mixin.py:154} INFO - [2025-09-03T02:28:34.379+0200] {dagbag.py:536} INFO - Filling up the DagBag from /Users/adelinerobinet/Documents/Projets Python/exam-fluzz-fraud-detection/adeline/pipelines/airflow/fraud_pipeline.py
[2025-09-03T02:44:41.449+0200] {processor.py:839} INFO - DAG(s) dict_keys(['fraud_detection_pipeline']) retrieved from /Users/adelinerobinet/Documents/Projets Python/exam-fluzz-fraud-detection/adeline/pipelines/airflow/fraud_pipeline.py
[2025-09-03T02:44:41.576+0200] {logging_mixin.py:154} INFO - [2025-09-03T02:44:41.576+0200] {dag.py:2941} INFO - Sync 1 DAGs
[2025-09-03T02:44:41.599+0200] {processor.py:179} INFO - Processing /Users/adelinerobinet/Documents/Projets Python/exam-fluzz-fraud-detection/adeline/pipelines/airflow/fraud_pipeline.py took 6.404 seconds
[2025-09-03T03:02:29.260+0200] {processor.py:157} INFO - Started process (PID=29228) to work on /Users/adelinerobinet/Documents/Projets Python/exam-fluzz-fraud-detection/adeline/pipelines/airflow/fraud_pipeline.py
[2025-09-03T03:02:29.264+0200] {processor.py:829} INFO - Processing file /Users/adelinerobinet/Documents/Projets Python/exam-fluzz-fraud-detection/adeline/pipelines/airflow/fraud_pipeline.py for tasks to queue
[2025-09-03T03:02:29.265+0200] {logging_mixin.py:154} INFO - [2025-09-03T03:02:29.265+0200] {dagbag.py:536} INFO - Filling up the DagBag from /Users/adelinerobinet/Documents/Projets Python/exam-fluzz-fraud-detection/adeline/pipelines/airflow/fraud_pipeline.py
[2025-09-03T03:18:46.067+0200] {processor.py:839} INFO - DAG(s) dict_keys(['fraud_detection_pipeline']) retrieved from /Users/adelinerobinet/Documents/Projets Python/exam-fluzz-fraud-detection/adeline/pipelines/airflow/fraud_pipeline.py
[2025-09-03T03:18:46.173+0200] {logging_mixin.py:154} INFO - [2025-09-03T03:18:46.173+0200] {dag.py:2941} INFO - Sync 1 DAGs
[2025-09-03T03:18:46.191+0200] {processor.py:179} INFO - Processing /Users/adelinerobinet/Documents/Projets Python/exam-fluzz-fraud-detection/adeline/pipelines/airflow/fraud_pipeline.py took 4.432 seconds
[2025-09-03T03:34:54.835+0200] {processor.py:157} INFO - Started process (PID=29289) to work on /Users/adelinerobinet/Documents/Projets Python/exam-fluzz-fraud-detection/adeline/pipelines/airflow/fraud_pipeline.py
[2025-09-03T03:34:54.839+0200] {processor.py:829} INFO - Processing file /Users/adelinerobinet/Documents/Projets Python/exam-fluzz-fraud-detection/adeline/pipelines/airflow/fraud_pipeline.py for tasks to queue
[2025-09-03T03:34:54.840+0200] {logging_mixin.py:154} INFO - [2025-09-03T03:34:54.840+0200] {dagbag.py:536} INFO - Filling up the DagBag from /Users/adelinerobinet/Documents/Projets Python/exam-fluzz-fraud-detection/adeline/pipelines/airflow/fraud_pipeline.py
[2025-09-03T03:52:20.989+0200] {processor.py:839} INFO - DAG(s) dict_keys(['fraud_detection_pipeline']) retrieved from /Users/adelinerobinet/Documents/Projets Python/exam-fluzz-fraud-detection/adeline/pipelines/airflow/fraud_pipeline.py
[2025-09-03T03:52:21.090+0200] {logging_mixin.py:154} INFO - [2025-09-03T03:52:21.089+0200] {dag.py:2941} INFO - Sync 1 DAGs
[2025-09-03T03:52:21.113+0200] {processor.py:179} INFO - Processing /Users/adelinerobinet/Documents/Projets Python/exam-fluzz-fraud-detection/adeline/pipelines/airflow/fraud_pipeline.py took 4.891 seconds
[2025-09-03T04:09:08.549+0200] {processor.py:157} INFO - Started process (PID=29351) to work on /Users/adelinerobinet/Documents/Projets Python/exam-fluzz-fraud-detection/adeline/pipelines/airflow/fraud_pipeline.py
[2025-09-03T04:09:08.551+0200] {processor.py:829} INFO - Processing file /Users/adelinerobinet/Documents/Projets Python/exam-fluzz-fraud-detection/adeline/pipelines/airflow/fraud_pipeline.py for tasks to queue
[2025-09-03T04:09:08.551+0200] {logging_mixin.py:154} INFO - [2025-09-03T04:09:08.551+0200] {dagbag.py:536} INFO - Filling up the DagBag from /Users/adelinerobinet/Documents/Projets Python/exam-fluzz-fraud-detection/adeline/pipelines/airflow/fraud_pipeline.py
[2025-09-03T04:09:12.693+0200] {processor.py:839} INFO - DAG(s) dict_keys(['fraud_detection_pipeline']) retrieved from /Users/adelinerobinet/Documents/Projets Python/exam-fluzz-fraud-detection/adeline/pipelines/airflow/fraud_pipeline.py
[2025-09-03T04:09:12.798+0200] {logging_mixin.py:154} INFO - [2025-09-03T04:09:12.798+0200] {dag.py:2941} INFO - Sync 1 DAGs
[2025-09-03T04:09:12.806+0200] {logging_mixin.py:154} INFO - [2025-09-03T04:09:12.806+0200] {dag.py:3722} INFO - Setting next_dagrun for fraud_detection_pipeline to 2025-09-03T00:00:00+00:00, run_after=2025-09-04T00:00:00+00:00
[2025-09-03T04:09:12.815+0200] {processor.py:179} INFO - Processing /Users/adelinerobinet/Documents/Projets Python/exam-fluzz-fraud-detection/adeline/pipelines/airflow/fraud_pipeline.py took 4.268 seconds
[2025-09-03T04:42:05.925+0200] {processor.py:157} INFO - Started process (PID=29403) to work on /Users/adelinerobinet/Documents/Projets Python/exam-fluzz-fraud-detection/adeline/pipelines/airflow/fraud_pipeline.py
[2025-09-03T04:42:05.930+0200] {processor.py:829} INFO - Processing file /Users/adelinerobinet/Documents/Projets Python/exam-fluzz-fraud-detection/adeline/pipelines/airflow/fraud_pipeline.py for tasks to queue
[2025-09-03T04:42:05.930+0200] {logging_mixin.py:154} INFO - [2025-09-03T04:42:05.930+0200] {dagbag.py:536} INFO - Filling up the DagBag from /Users/adelinerobinet/Documents/Projets Python/exam-fluzz-fraud-detection/adeline/pipelines/airflow/fraud_pipeline.py
[2025-09-03T04:42:09.869+0200] {processor.py:839} INFO - DAG(s) dict_keys(['fraud_detection_pipeline']) retrieved from /Users/adelinerobinet/Documents/Projets Python/exam-fluzz-fraud-detection/adeline/pipelines/airflow/fraud_pipeline.py
[2025-09-03T04:57:57.354+0200] {logging_mixin.py:154} INFO - [2025-09-03T04:57:57.354+0200] {dag.py:2941} INFO - Sync 1 DAGs
[2025-09-03T04:57:57.362+0200] {logging_mixin.py:154} INFO - [2025-09-03T04:57:57.362+0200] {dag.py:3722} INFO - Setting next_dagrun for fraud_detection_pipeline to 2025-09-03T00:00:00+00:00, run_after=2025-09-04T00:00:00+00:00
[2025-09-03T04:57:57.375+0200] {processor.py:179} INFO - Processing /Users/adelinerobinet/Documents/Projets Python/exam-fluzz-fraud-detection/adeline/pipelines/airflow/fraud_pipeline.py took 5.932 seconds
[2025-09-03T04:58:29.052+0200] {processor.py:157} INFO - Started process (PID=29474) to work on /Users/adelinerobinet/Documents/Projets Python/exam-fluzz-fraud-detection/adeline/pipelines/airflow/fraud_pipeline.py
[2025-09-03T04:58:29.057+0200] {processor.py:829} INFO - Processing file /Users/adelinerobinet/Documents/Projets Python/exam-fluzz-fraud-detection/adeline/pipelines/airflow/fraud_pipeline.py for tasks to queue
[2025-09-03T04:58:29.057+0200] {logging_mixin.py:154} INFO - [2025-09-03T04:58:29.057+0200] {dagbag.py:536} INFO - Filling up the DagBag from /Users/adelinerobinet/Documents/Projets Python/exam-fluzz-fraud-detection/adeline/pipelines/airflow/fraud_pipeline.py
[2025-09-03T04:58:33.184+0200] {processor.py:839} INFO - DAG(s) dict_keys(['fraud_detection_pipeline']) retrieved from /Users/adelinerobinet/Documents/Projets Python/exam-fluzz-fraud-detection/adeline/pipelines/airflow/fraud_pipeline.py
[2025-09-03T04:58:33.272+0200] {logging_mixin.py:154} INFO - [2025-09-03T04:58:33.272+0200] {dag.py:2941} INFO - Sync 1 DAGs
[2025-09-03T04:58:33.278+0200] {logging_mixin.py:154} INFO - [2025-09-03T04:58:33.278+0200] {dag.py:3722} INFO - Setting next_dagrun for fraud_detection_pipeline to 2025-09-03T00:00:00+00:00, run_after=2025-09-04T00:00:00+00:00
[2025-09-03T04:58:33.289+0200] {processor.py:179} INFO - Processing /Users/adelinerobinet/Documents/Projets Python/exam-fluzz-fraud-detection/adeline/pipelines/airflow/fraud_pipeline.py took 4.237 seconds
[2025-09-03T04:59:04.674+0200] {processor.py:157} INFO - Started process (PID=29491) to work on /Users/adelinerobinet/Documents/Projets Python/exam-fluzz-fraud-detection/adeline/pipelines/airflow/fraud_pipeline.py
[2025-09-03T04:59:04.680+0200] {processor.py:829} INFO - Processing file /Users/adelinerobinet/Documents/Projets Python/exam-fluzz-fraud-detection/adeline/pipelines/airflow/fraud_pipeline.py for tasks to queue
[2025-09-03T04:59:04.680+0200] {logging_mixin.py:154} INFO - [2025-09-03T04:59:04.680+0200] {dagbag.py:536} INFO - Filling up the DagBag from /Users/adelinerobinet/Documents/Projets Python/exam-fluzz-fraud-detection/adeline/pipelines/airflow/fraud_pipeline.py
[2025-09-03T04:59:08.885+0200] {processor.py:839} INFO - DAG(s) dict_keys(['fraud_detection_pipeline']) retrieved from /Users/adelinerobinet/Documents/Projets Python/exam-fluzz-fraud-detection/adeline/pipelines/airflow/fraud_pipeline.py
[2025-09-03T04:59:08.980+0200] {logging_mixin.py:154} INFO - [2025-09-03T04:59:08.979+0200] {dag.py:2941} INFO - Sync 1 DAGs
[2025-09-03T04:59:08.988+0200] {logging_mixin.py:154} INFO - [2025-09-03T04:59:08.988+0200] {dag.py:3722} INFO - Setting next_dagrun for fraud_detection_pipeline to 2025-09-03T00:00:00+00:00, run_after=2025-09-04T00:00:00+00:00
[2025-09-03T04:59:09.000+0200] {processor.py:179} INFO - Processing /Users/adelinerobinet/Documents/Projets Python/exam-fluzz-fraud-detection/adeline/pipelines/airflow/fraud_pipeline.py took 4.326 seconds
[2025-09-03T04:59:40.429+0200] {processor.py:157} INFO - Started process (PID=29533) to work on /Users/adelinerobinet/Documents/Projets Python/exam-fluzz-fraud-detection/adeline/pipelines/airflow/fraud_pipeline.py
[2025-09-03T04:59:40.434+0200] {processor.py:829} INFO - Processing file /Users/adelinerobinet/Documents/Projets Python/exam-fluzz-fraud-detection/adeline/pipelines/airflow/fraud_pipeline.py for tasks to queue
[2025-09-03T04:59:40.434+0200] {logging_mixin.py:154} INFO - [2025-09-03T04:59:40.434+0200] {dagbag.py:536} INFO - Filling up the DagBag from /Users/adelinerobinet/Documents/Projets Python/exam-fluzz-fraud-detection/adeline/pipelines/airflow/fraud_pipeline.py
[2025-09-03T04:59:44.401+0200] {processor.py:839} INFO - DAG(s) dict_keys(['fraud_detection_pipeline']) retrieved from /Users/adelinerobinet/Documents/Projets Python/exam-fluzz-fraud-detection/adeline/pipelines/airflow/fraud_pipeline.py
[2025-09-03T04:59:44.487+0200] {logging_mixin.py:154} INFO - [2025-09-03T04:59:44.487+0200] {dag.py:2941} INFO - Sync 1 DAGs
[2025-09-03T04:59:44.494+0200] {logging_mixin.py:154} INFO - [2025-09-03T04:59:44.494+0200] {dag.py:3722} INFO - Setting next_dagrun for fraud_detection_pipeline to 2025-09-03T00:00:00+00:00, run_after=2025-09-04T00:00:00+00:00
[2025-09-03T04:59:44.505+0200] {processor.py:179} INFO - Processing /Users/adelinerobinet/Documents/Projets Python/exam-fluzz-fraud-detection/adeline/pipelines/airflow/fraud_pipeline.py took 4.076 seconds
[2025-09-03T05:16:35.290+0200] {processor.py:157} INFO - Started process (PID=29543) to work on /Users/adelinerobinet/Documents/Projets Python/exam-fluzz-fraud-detection/adeline/pipelines/airflow/fraud_pipeline.py
[2025-09-03T05:16:35.296+0200] {processor.py:829} INFO - Processing file /Users/adelinerobinet/Documents/Projets Python/exam-fluzz-fraud-detection/adeline/pipelines/airflow/fraud_pipeline.py for tasks to queue
[2025-09-03T05:16:35.296+0200] {logging_mixin.py:154} INFO - [2025-09-03T05:16:35.296+0200] {dagbag.py:536} INFO - Filling up the DagBag from /Users/adelinerobinet/Documents/Projets Python/exam-fluzz-fraud-detection/adeline/pipelines/airflow/fraud_pipeline.py
[2025-09-03T05:19:46.845+0200] {processor.py:839} INFO - DAG(s) dict_keys(['fraud_detection_pipeline']) retrieved from /Users/adelinerobinet/Documents/Projets Python/exam-fluzz-fraud-detection/adeline/pipelines/airflow/fraud_pipeline.py
[2025-09-03T05:19:47.064+0200] {logging_mixin.py:154} INFO - [2025-09-03T05:19:47.063+0200] {dag.py:2941} INFO - Sync 1 DAGs
[2025-09-03T05:19:47.076+0200] {logging_mixin.py:154} INFO - [2025-09-03T05:19:47.076+0200] {dag.py:3722} INFO - Setting next_dagrun for fraud_detection_pipeline to 2025-09-03T00:00:00+00:00, run_after=2025-09-04T00:00:00+00:00
[2025-09-03T05:19:47.114+0200] {processor.py:179} INFO - Processing /Users/adelinerobinet/Documents/Projets Python/exam-fluzz-fraud-detection/adeline/pipelines/airflow/fraud_pipeline.py took 4.397 seconds
[2025-09-03T05:37:18.338+0200] {processor.py:157} INFO - Started process (PID=29577) to work on /Users/adelinerobinet/Documents/Projets Python/exam-fluzz-fraud-detection/adeline/pipelines/airflow/fraud_pipeline.py
[2025-09-03T05:37:18.344+0200] {processor.py:829} INFO - Processing file /Users/adelinerobinet/Documents/Projets Python/exam-fluzz-fraud-detection/adeline/pipelines/airflow/fraud_pipeline.py for tasks to queue
[2025-09-03T05:37:18.345+0200] {logging_mixin.py:154} INFO - [2025-09-03T05:37:18.345+0200] {dagbag.py:536} INFO - Filling up the DagBag from /Users/adelinerobinet/Documents/Projets Python/exam-fluzz-fraud-detection/adeline/pipelines/airflow/fraud_pipeline.py
[2025-09-03T05:52:54.610+0200] {processor.py:839} INFO - DAG(s) dict_keys(['fraud_detection_pipeline']) retrieved from /Users/adelinerobinet/Documents/Projets Python/exam-fluzz-fraud-detection/adeline/pipelines/airflow/fraud_pipeline.py
[2025-09-03T05:52:54.699+0200] {logging_mixin.py:154} INFO - [2025-09-03T05:52:54.698+0200] {dag.py:2941} INFO - Sync 1 DAGs
[2025-09-03T05:52:54.706+0200] {logging_mixin.py:154} INFO - [2025-09-03T05:52:54.706+0200] {dag.py:3722} INFO - Setting next_dagrun for fraud_detection_pipeline to 2025-09-03T00:00:00+00:00, run_after=2025-09-04T00:00:00+00:00
[2025-09-03T05:52:54.720+0200] {processor.py:179} INFO - Processing /Users/adelinerobinet/Documents/Projets Python/exam-fluzz-fraud-detection/adeline/pipelines/airflow/fraud_pipeline.py took 5.589 seconds
[2025-09-03T06:09:52.546+0200] {processor.py:157} INFO - Started process (PID=29630) to work on /Users/adelinerobinet/Documents/Projets Python/exam-fluzz-fraud-detection/adeline/pipelines/airflow/fraud_pipeline.py
[2025-09-03T06:09:52.551+0200] {processor.py:829} INFO - Processing file /Users/adelinerobinet/Documents/Projets Python/exam-fluzz-fraud-detection/adeline/pipelines/airflow/fraud_pipeline.py for tasks to queue
[2025-09-03T06:09:52.551+0200] {logging_mixin.py:154} INFO - [2025-09-03T06:09:52.551+0200] {dagbag.py:536} INFO - Filling up the DagBag from /Users/adelinerobinet/Documents/Projets Python/exam-fluzz-fraud-detection/adeline/pipelines/airflow/fraud_pipeline.py
[2025-09-03T06:09:58.031+0200] {processor.py:839} INFO - DAG(s) dict_keys(['fraud_detection_pipeline']) retrieved from /Users/adelinerobinet/Documents/Projets Python/exam-fluzz-fraud-detection/adeline/pipelines/airflow/fraud_pipeline.py
[2025-09-03T06:09:58.173+0200] {logging_mixin.py:154} INFO - [2025-09-03T06:09:58.173+0200] {dag.py:2941} INFO - Sync 1 DAGs
[2025-09-03T06:09:58.186+0200] {logging_mixin.py:154} INFO - [2025-09-03T06:09:58.185+0200] {dag.py:3722} INFO - Setting next_dagrun for fraud_detection_pipeline to 2025-09-03T00:00:00+00:00, run_after=2025-09-04T00:00:00+00:00
[2025-09-03T06:09:58.202+0200] {processor.py:179} INFO - Processing /Users/adelinerobinet/Documents/Projets Python/exam-fluzz-fraud-detection/adeline/pipelines/airflow/fraud_pipeline.py took 5.652 seconds
[2025-09-03T06:20:48.078+0200] {processor.py:157} INFO - Started process (PID=29689) to work on /Users/adelinerobinet/Documents/Projets Python/exam-fluzz-fraud-detection/adeline/pipelines/airflow/fraud_pipeline.py
[2025-09-03T06:20:48.084+0200] {processor.py:829} INFO - Processing file /Users/adelinerobinet/Documents/Projets Python/exam-fluzz-fraud-detection/adeline/pipelines/airflow/fraud_pipeline.py for tasks to queue
[2025-09-03T06:20:48.084+0200] {logging_mixin.py:154} INFO - [2025-09-03T06:20:48.084+0200] {dagbag.py:536} INFO - Filling up the DagBag from /Users/adelinerobinet/Documents/Projets Python/exam-fluzz-fraud-detection/adeline/pipelines/airflow/fraud_pipeline.py
[2025-09-03T06:20:51.844+0200] {processor.py:839} INFO - DAG(s) dict_keys(['fraud_detection_pipeline']) retrieved from /Users/adelinerobinet/Documents/Projets Python/exam-fluzz-fraud-detection/adeline/pipelines/airflow/fraud_pipeline.py
[2025-09-03T06:20:51.931+0200] {logging_mixin.py:154} INFO - [2025-09-03T06:20:51.931+0200] {dag.py:2941} INFO - Sync 1 DAGs
[2025-09-03T06:20:51.938+0200] {logging_mixin.py:154} INFO - [2025-09-03T06:20:51.938+0200] {dag.py:3722} INFO - Setting next_dagrun for fraud_detection_pipeline to 2025-09-03T00:00:00+00:00, run_after=2025-09-04T00:00:00+00:00
[2025-09-03T06:20:51.949+0200] {processor.py:179} INFO - Processing /Users/adelinerobinet/Documents/Projets Python/exam-fluzz-fraud-detection/adeline/pipelines/airflow/fraud_pipeline.py took 3.871 seconds
[2025-09-03T06:37:36.166+0200] {processor.py:157} INFO - Started process (PID=29700) to work on /Users/adelinerobinet/Documents/Projets Python/exam-fluzz-fraud-detection/adeline/pipelines/airflow/fraud_pipeline.py
[2025-09-03T06:37:36.173+0200] {processor.py:829} INFO - Processing file /Users/adelinerobinet/Documents/Projets Python/exam-fluzz-fraud-detection/adeline/pipelines/airflow/fraud_pipeline.py for tasks to queue
[2025-09-03T06:37:36.173+0200] {logging_mixin.py:154} INFO - [2025-09-03T06:37:36.173+0200] {dagbag.py:536} INFO - Filling up the DagBag from /Users/adelinerobinet/Documents/Projets Python/exam-fluzz-fraud-detection/adeline/pipelines/airflow/fraud_pipeline.py
[2025-09-03T06:37:39.801+0200] {processor.py:839} INFO - DAG(s) dict_keys(['fraud_detection_pipeline']) retrieved from /Users/adelinerobinet/Documents/Projets Python/exam-fluzz-fraud-detection/adeline/pipelines/airflow/fraud_pipeline.py
[2025-09-03T06:37:39.883+0200] {logging_mixin.py:154} INFO - [2025-09-03T06:37:39.883+0200] {dag.py:2941} INFO - Sync 1 DAGs
[2025-09-03T06:37:39.890+0200] {logging_mixin.py:154} INFO - [2025-09-03T06:37:39.890+0200] {dag.py:3722} INFO - Setting next_dagrun for fraud_detection_pipeline to 2025-09-03T00:00:00+00:00, run_after=2025-09-04T00:00:00+00:00
[2025-09-03T06:37:39.900+0200] {processor.py:179} INFO - Processing /Users/adelinerobinet/Documents/Projets Python/exam-fluzz-fraud-detection/adeline/pipelines/airflow/fraud_pipeline.py took 3.736 seconds
[2025-09-03T07:11:56.228+0200] {processor.py:157} INFO - Started process (PID=29757) to work on /Users/adelinerobinet/Documents/Projets Python/exam-fluzz-fraud-detection/adeline/pipelines/airflow/fraud_pipeline.py
[2025-09-03T07:11:56.233+0200] {processor.py:829} INFO - Processing file /Users/adelinerobinet/Documents/Projets Python/exam-fluzz-fraud-detection/adeline/pipelines/airflow/fraud_pipeline.py for tasks to queue
[2025-09-03T07:11:56.234+0200] {logging_mixin.py:154} INFO - [2025-09-03T07:11:56.234+0200] {dagbag.py:536} INFO - Filling up the DagBag from /Users/adelinerobinet/Documents/Projets Python/exam-fluzz-fraud-detection/adeline/pipelines/airflow/fraud_pipeline.py
[2025-09-03T07:12:00.347+0200] {processor.py:839} INFO - DAG(s) dict_keys(['fraud_detection_pipeline']) retrieved from /Users/adelinerobinet/Documents/Projets Python/exam-fluzz-fraud-detection/adeline/pipelines/airflow/fraud_pipeline.py
[2025-09-03T07:12:01.240+0200] {logging_mixin.py:154} INFO - [2025-09-03T07:12:01.240+0200] {dag.py:2941} INFO - Sync 1 DAGs
[2025-09-03T07:12:01.247+0200] {logging_mixin.py:154} INFO - [2025-09-03T07:12:01.247+0200] {dag.py:3722} INFO - Setting next_dagrun for fraud_detection_pipeline to 2025-09-03T00:00:00+00:00, run_after=2025-09-04T00:00:00+00:00
[2025-09-03T07:12:01.259+0200] {processor.py:179} INFO - Processing /Users/adelinerobinet/Documents/Projets Python/exam-fluzz-fraud-detection/adeline/pipelines/airflow/fraud_pipeline.py took 5.035 seconds
[2025-09-03T07:21:48.050+0200] {processor.py:157} INFO - Started process (PID=29779) to work on /Users/adelinerobinet/Documents/Projets Python/exam-fluzz-fraud-detection/adeline/pipelines/airflow/fraud_pipeline.py
[2025-09-03T07:21:48.057+0200] {processor.py:829} INFO - Processing file /Users/adelinerobinet/Documents/Projets Python/exam-fluzz-fraud-detection/adeline/pipelines/airflow/fraud_pipeline.py for tasks to queue
[2025-09-03T07:21:48.058+0200] {logging_mixin.py:154} INFO - [2025-09-03T07:21:48.058+0200] {dagbag.py:536} INFO - Filling up the DagBag from /Users/adelinerobinet/Documents/Projets Python/exam-fluzz-fraud-detection/adeline/pipelines/airflow/fraud_pipeline.py
[2025-09-03T07:21:51.938+0200] {processor.py:839} INFO - DAG(s) dict_keys(['fraud_detection_pipeline']) retrieved from /Users/adelinerobinet/Documents/Projets Python/exam-fluzz-fraud-detection/adeline/pipelines/airflow/fraud_pipeline.py
[2025-09-03T07:21:52.036+0200] {logging_mixin.py:154} INFO - [2025-09-03T07:21:52.036+0200] {dag.py:2941} INFO - Sync 1 DAGs
[2025-09-03T07:21:52.043+0200] {logging_mixin.py:154} INFO - [2025-09-03T07:21:52.043+0200] {dag.py:3722} INFO - Setting next_dagrun for fraud_detection_pipeline to 2025-09-03T00:00:00+00:00, run_after=2025-09-04T00:00:00+00:00
[2025-09-03T07:21:52.055+0200] {processor.py:179} INFO - Processing /Users/adelinerobinet/Documents/Projets Python/exam-fluzz-fraud-detection/adeline/pipelines/airflow/fraud_pipeline.py took 4.006 seconds
[2025-09-03T07:39:17.217+0200] {processor.py:157} INFO - Started process (PID=29795) to work on /Users/adelinerobinet/Documents/Projets Python/exam-fluzz-fraud-detection/adeline/pipelines/airflow/fraud_pipeline.py
[2025-09-03T07:39:17.223+0200] {processor.py:829} INFO - Processing file /Users/adelinerobinet/Documents/Projets Python/exam-fluzz-fraud-detection/adeline/pipelines/airflow/fraud_pipeline.py for tasks to queue
[2025-09-03T07:39:17.223+0200] {logging_mixin.py:154} INFO - [2025-09-03T07:39:17.223+0200] {dagbag.py:536} INFO - Filling up the DagBag from /Users/adelinerobinet/Documents/Projets Python/exam-fluzz-fraud-detection/adeline/pipelines/airflow/fraud_pipeline.py
[2025-09-03T07:55:49.890+0200] {processor.py:839} INFO - DAG(s) dict_keys(['fraud_detection_pipeline']) retrieved from /Users/adelinerobinet/Documents/Projets Python/exam-fluzz-fraud-detection/adeline/pipelines/airflow/fraud_pipeline.py
[2025-09-03T07:55:49.973+0200] {logging_mixin.py:154} INFO - [2025-09-03T07:55:49.972+0200] {dag.py:2941} INFO - Sync 1 DAGs
[2025-09-03T07:55:49.979+0200] {logging_mixin.py:154} INFO - [2025-09-03T07:55:49.979+0200] {dag.py:3722} INFO - Setting next_dagrun for fraud_detection_pipeline to 2025-09-03T00:00:00+00:00, run_after=2025-09-04T00:00:00+00:00
[2025-09-03T07:55:49.989+0200] {processor.py:179} INFO - Processing /Users/adelinerobinet/Documents/Projets Python/exam-fluzz-fraud-detection/adeline/pipelines/airflow/fraud_pipeline.py took 5.387 seconds
[2025-09-03T08:11:22.102+0200] {processor.py:157} INFO - Started process (PID=29844) to work on /Users/adelinerobinet/Documents/Projets Python/exam-fluzz-fraud-detection/adeline/pipelines/airflow/fraud_pipeline.py
[2025-09-03T08:11:22.112+0200] {processor.py:829} INFO - Processing file /Users/adelinerobinet/Documents/Projets Python/exam-fluzz-fraud-detection/adeline/pipelines/airflow/fraud_pipeline.py for tasks to queue
[2025-09-03T08:11:22.112+0200] {logging_mixin.py:154} INFO - [2025-09-03T08:11:22.112+0200] {dagbag.py:536} INFO - Filling up the DagBag from /Users/adelinerobinet/Documents/Projets Python/exam-fluzz-fraud-detection/adeline/pipelines/airflow/fraud_pipeline.py
[2025-09-03T08:22:46.988+0200] {processor.py:839} INFO - DAG(s) dict_keys(['fraud_detection_pipeline']) retrieved from /Users/adelinerobinet/Documents/Projets Python/exam-fluzz-fraud-detection/adeline/pipelines/airflow/fraud_pipeline.py
[2025-09-03T08:22:47.132+0200] {logging_mixin.py:154} INFO - [2025-09-03T08:22:47.132+0200] {dag.py:2941} INFO - Sync 1 DAGs
[2025-09-03T08:22:47.152+0200] {logging_mixin.py:154} INFO - [2025-09-03T08:22:47.152+0200] {dag.py:3722} INFO - Setting next_dagrun for fraud_detection_pipeline to 2025-09-03T00:00:00+00:00, run_after=2025-09-04T00:00:00+00:00
[2025-09-03T08:22:47.174+0200] {processor.py:179} INFO - Processing /Users/adelinerobinet/Documents/Projets Python/exam-fluzz-fraud-detection/adeline/pipelines/airflow/fraud_pipeline.py took 4.570 seconds
[2025-09-03T08:23:18.832+0200] {processor.py:157} INFO - Started process (PID=29980) to work on /Users/adelinerobinet/Documents/Projets Python/exam-fluzz-fraud-detection/adeline/pipelines/airflow/fraud_pipeline.py
[2025-09-03T08:23:18.839+0200] {processor.py:829} INFO - Processing file /Users/adelinerobinet/Documents/Projets Python/exam-fluzz-fraud-detection/adeline/pipelines/airflow/fraud_pipeline.py for tasks to queue
[2025-09-03T08:23:18.839+0200] {logging_mixin.py:154} INFO - [2025-09-03T08:23:18.839+0200] {dagbag.py:536} INFO - Filling up the DagBag from /Users/adelinerobinet/Documents/Projets Python/exam-fluzz-fraud-detection/adeline/pipelines/airflow/fraud_pipeline.py
[2025-09-03T08:38:29.017+0200] {processor.py:839} INFO - DAG(s) dict_keys(['fraud_detection_pipeline']) retrieved from /Users/adelinerobinet/Documents/Projets Python/exam-fluzz-fraud-detection/adeline/pipelines/airflow/fraud_pipeline.py
[2025-09-03T08:38:29.102+0200] {logging_mixin.py:154} INFO - [2025-09-03T08:38:29.101+0200] {dag.py:2941} INFO - Sync 1 DAGs
[2025-09-03T08:38:29.108+0200] {logging_mixin.py:154} INFO - [2025-09-03T08:38:29.108+0200] {dag.py:3722} INFO - Setting next_dagrun for fraud_detection_pipeline to 2025-09-03T00:00:00+00:00, run_after=2025-09-04T00:00:00+00:00
[2025-09-03T08:38:29.119+0200] {processor.py:179} INFO - Processing /Users/adelinerobinet/Documents/Projets Python/exam-fluzz-fraud-detection/adeline/pipelines/airflow/fraud_pipeline.py took 4.989 seconds
[2025-09-03T08:55:11.069+0200] {processor.py:157} INFO - Started process (PID=30001) to work on /Users/adelinerobinet/Documents/Projets Python/exam-fluzz-fraud-detection/adeline/pipelines/airflow/fraud_pipeline.py
[2025-09-03T08:55:11.075+0200] {processor.py:829} INFO - Processing file /Users/adelinerobinet/Documents/Projets Python/exam-fluzz-fraud-detection/adeline/pipelines/airflow/fraud_pipeline.py for tasks to queue
[2025-09-03T08:55:11.075+0200] {logging_mixin.py:154} INFO - [2025-09-03T08:55:11.075+0200] {dagbag.py:536} INFO - Filling up the DagBag from /Users/adelinerobinet/Documents/Projets Python/exam-fluzz-fraud-detection/adeline/pipelines/airflow/fraud_pipeline.py
[2025-09-03T09:11:17.683+0200] {processor.py:839} INFO - DAG(s) dict_keys(['fraud_detection_pipeline']) retrieved from /Users/adelinerobinet/Documents/Projets Python/exam-fluzz-fraud-detection/adeline/pipelines/airflow/fraud_pipeline.py
[2025-09-03T09:11:17.894+0200] {logging_mixin.py:154} INFO - [2025-09-03T09:11:17.893+0200] {dag.py:2941} INFO - Sync 1 DAGs
[2025-09-03T09:11:17.902+0200] {logging_mixin.py:154} INFO - [2025-09-03T09:11:17.901+0200] {dag.py:3722} INFO - Setting next_dagrun for fraud_detection_pipeline to 2025-09-03T00:00:00+00:00, run_after=2025-09-04T00:00:00+00:00
[2025-09-03T09:11:17.918+0200] {processor.py:179} INFO - Processing /Users/adelinerobinet/Documents/Projets Python/exam-fluzz-fraud-detection/adeline/pipelines/airflow/fraud_pipeline.py took 5.393 seconds
[2025-09-03T09:23:48.300+0200] {processor.py:157} INFO - Started process (PID=30059) to work on /Users/adelinerobinet/Documents/Projets Python/exam-fluzz-fraud-detection/adeline/pipelines/airflow/fraud_pipeline.py
[2025-09-03T09:23:48.305+0200] {processor.py:829} INFO - Processing file /Users/adelinerobinet/Documents/Projets Python/exam-fluzz-fraud-detection/adeline/pipelines/airflow/fraud_pipeline.py for tasks to queue
[2025-09-03T09:23:48.305+0200] {logging_mixin.py:154} INFO - [2025-09-03T09:23:48.305+0200] {dagbag.py:536} INFO - Filling up the DagBag from /Users/adelinerobinet/Documents/Projets Python/exam-fluzz-fraud-detection/adeline/pipelines/airflow/fraud_pipeline.py
[2025-09-03T09:23:52.331+0200] {processor.py:839} INFO - DAG(s) dict_keys(['fraud_detection_pipeline']) retrieved from /Users/adelinerobinet/Documents/Projets Python/exam-fluzz-fraud-detection/adeline/pipelines/airflow/fraud_pipeline.py
[2025-09-03T09:23:52.427+0200] {logging_mixin.py:154} INFO - [2025-09-03T09:23:52.427+0200] {dag.py:2941} INFO - Sync 1 DAGs
[2025-09-03T09:23:52.435+0200] {logging_mixin.py:154} INFO - [2025-09-03T09:23:52.435+0200] {dag.py:3722} INFO - Setting next_dagrun for fraud_detection_pipeline to 2025-09-03T00:00:00+00:00, run_after=2025-09-04T00:00:00+00:00
[2025-09-03T09:23:52.446+0200] {processor.py:179} INFO - Processing /Users/adelinerobinet/Documents/Projets Python/exam-fluzz-fraud-detection/adeline/pipelines/airflow/fraud_pipeline.py took 4.144 seconds
[2025-09-03T09:40:31.186+0200] {processor.py:157} INFO - Started process (PID=30087) to work on /Users/adelinerobinet/Documents/Projets Python/exam-fluzz-fraud-detection/adeline/pipelines/airflow/fraud_pipeline.py
[2025-09-03T09:40:31.188+0200] {processor.py:829} INFO - Processing file /Users/adelinerobinet/Documents/Projets Python/exam-fluzz-fraud-detection/adeline/pipelines/airflow/fraud_pipeline.py for tasks to queue
[2025-09-03T09:40:31.189+0200] {logging_mixin.py:154} INFO - [2025-09-03T09:40:31.189+0200] {dagbag.py:536} INFO - Filling up the DagBag from /Users/adelinerobinet/Documents/Projets Python/exam-fluzz-fraud-detection/adeline/pipelines/airflow/fraud_pipeline.py
[2025-09-03T09:56:42.599+0200] {processor.py:839} INFO - DAG(s) dict_keys(['fraud_detection_pipeline']) retrieved from /Users/adelinerobinet/Documents/Projets Python/exam-fluzz-fraud-detection/adeline/pipelines/airflow/fraud_pipeline.py
[2025-09-03T09:56:42.689+0200] {logging_mixin.py:154} INFO - [2025-09-03T09:56:42.689+0200] {dag.py:2941} INFO - Sync 1 DAGs
[2025-09-03T09:56:42.696+0200] {logging_mixin.py:154} INFO - [2025-09-03T09:56:42.696+0200] {dag.py:3722} INFO - Setting next_dagrun for fraud_detection_pipeline to 2025-09-03T00:00:00+00:00, run_after=2025-09-04T00:00:00+00:00
[2025-09-03T09:56:42.705+0200] {processor.py:179} INFO - Processing /Users/adelinerobinet/Documents/Projets Python/exam-fluzz-fraud-detection/adeline/pipelines/airflow/fraud_pipeline.py took 5.074 seconds
[2025-09-03T10:08:06.035+0200] {processor.py:157} INFO - Started process (PID=30159) to work on /Users/adelinerobinet/Documents/Projets Python/exam-fluzz-fraud-detection/adeline/pipelines/airflow/fraud_pipeline.py
[2025-09-03T10:08:06.039+0200] {processor.py:829} INFO - Processing file /Users/adelinerobinet/Documents/Projets Python/exam-fluzz-fraud-detection/adeline/pipelines/airflow/fraud_pipeline.py for tasks to queue
[2025-09-03T10:08:06.165+0200] {logging_mixin.py:154} INFO - [2025-09-03T10:08:06.165+0200] {dagbag.py:536} INFO - Filling up the DagBag from /Users/adelinerobinet/Documents/Projets Python/exam-fluzz-fraud-detection/adeline/pipelines/airflow/fraud_pipeline.py
[2025-09-03T10:08:15.317+0200] {processor.py:839} INFO - DAG(s) dict_keys(['fraud_detection_pipeline']) retrieved from /Users/adelinerobinet/Documents/Projets Python/exam-fluzz-fraud-detection/adeline/pipelines/airflow/fraud_pipeline.py
[2025-09-03T10:08:15.446+0200] {logging_mixin.py:154} INFO - [2025-09-03T10:08:15.445+0200] {dag.py:2941} INFO - Sync 1 DAGs
[2025-09-03T10:08:15.496+0200] {logging_mixin.py:154} INFO - [2025-09-03T10:08:15.496+0200] {dag.py:3722} INFO - Setting next_dagrun for fraud_detection_pipeline to 2025-09-03T00:00:00+00:00, run_after=2025-09-04T00:00:00+00:00
[2025-09-03T10:08:15.637+0200] {processor.py:179} INFO - Processing /Users/adelinerobinet/Documents/Projets Python/exam-fluzz-fraud-detection/adeline/pipelines/airflow/fraud_pipeline.py took 9.595 seconds
[2025-09-03T10:08:48.928+0200] {processor.py:157} INFO - Started process (PID=30236) to work on /Users/adelinerobinet/Documents/Projets Python/exam-fluzz-fraud-detection/adeline/pipelines/airflow/fraud_pipeline.py
[2025-09-03T10:08:48.937+0200] {processor.py:829} INFO - Processing file /Users/adelinerobinet/Documents/Projets Python/exam-fluzz-fraud-detection/adeline/pipelines/airflow/fraud_pipeline.py for tasks to queue
[2025-09-03T10:08:48.937+0200] {logging_mixin.py:154} INFO - [2025-09-03T10:08:48.937+0200] {dagbag.py:536} INFO - Filling up the DagBag from /Users/adelinerobinet/Documents/Projets Python/exam-fluzz-fraud-detection/adeline/pipelines/airflow/fraud_pipeline.py
[2025-09-03T10:08:55.157+0200] {processor.py:839} INFO - DAG(s) dict_keys(['fraud_detection_pipeline']) retrieved from /Users/adelinerobinet/Documents/Projets Python/exam-fluzz-fraud-detection/adeline/pipelines/airflow/fraud_pipeline.py
[2025-09-03T10:08:55.815+0200] {logging_mixin.py:154} INFO - [2025-09-03T10:08:55.814+0200] {dag.py:2941} INFO - Sync 1 DAGs
[2025-09-03T10:08:55.826+0200] {logging_mixin.py:154} INFO - [2025-09-03T10:08:55.826+0200] {dag.py:3722} INFO - Setting next_dagrun for fraud_detection_pipeline to 2025-09-03T00:00:00+00:00, run_after=2025-09-04T00:00:00+00:00
[2025-09-03T10:08:55.841+0200] {processor.py:179} INFO - Processing /Users/adelinerobinet/Documents/Projets Python/exam-fluzz-fraud-detection/adeline/pipelines/airflow/fraud_pipeline.py took 6.913 seconds
[2025-09-03T10:09:28.031+0200] {processor.py:157} INFO - Started process (PID=30317) to work on /Users/adelinerobinet/Documents/Projets Python/exam-fluzz-fraud-detection/adeline/pipelines/airflow/fraud_pipeline.py
[2025-09-03T10:09:28.039+0200] {processor.py:829} INFO - Processing file /Users/adelinerobinet/Documents/Projets Python/exam-fluzz-fraud-detection/adeline/pipelines/airflow/fraud_pipeline.py for tasks to queue
[2025-09-03T10:09:28.040+0200] {logging_mixin.py:154} INFO - [2025-09-03T10:09:28.040+0200] {dagbag.py:536} INFO - Filling up the DagBag from /Users/adelinerobinet/Documents/Projets Python/exam-fluzz-fraud-detection/adeline/pipelines/airflow/fraud_pipeline.py
[2025-09-03T10:09:34.816+0200] {processor.py:839} INFO - DAG(s) dict_keys(['fraud_detection_pipeline']) retrieved from /Users/adelinerobinet/Documents/Projets Python/exam-fluzz-fraud-detection/adeline/pipelines/airflow/fraud_pipeline.py
[2025-09-03T10:09:34.946+0200] {logging_mixin.py:154} INFO - [2025-09-03T10:09:34.946+0200] {dag.py:2941} INFO - Sync 1 DAGs
[2025-09-03T10:09:34.956+0200] {logging_mixin.py:154} INFO - [2025-09-03T10:09:34.956+0200] {dag.py:3722} INFO - Setting next_dagrun for fraud_detection_pipeline to 2025-09-03T00:00:00+00:00, run_after=2025-09-04T00:00:00+00:00
[2025-09-03T10:09:34.970+0200] {processor.py:179} INFO - Processing /Users/adelinerobinet/Documents/Projets Python/exam-fluzz-fraud-detection/adeline/pipelines/airflow/fraud_pipeline.py took 6.939 seconds
[2025-09-03T10:10:06.648+0200] {processor.py:157} INFO - Started process (PID=30390) to work on /Users/adelinerobinet/Documents/Projets Python/exam-fluzz-fraud-detection/adeline/pipelines/airflow/fraud_pipeline.py
[2025-09-03T10:10:06.659+0200] {processor.py:829} INFO - Processing file /Users/adelinerobinet/Documents/Projets Python/exam-fluzz-fraud-detection/adeline/pipelines/airflow/fraud_pipeline.py for tasks to queue
[2025-09-03T10:10:06.659+0200] {logging_mixin.py:154} INFO - [2025-09-03T10:10:06.659+0200] {dagbag.py:536} INFO - Filling up the DagBag from /Users/adelinerobinet/Documents/Projets Python/exam-fluzz-fraud-detection/adeline/pipelines/airflow/fraud_pipeline.py
[2025-09-03T10:10:11.565+0200] {processor.py:839} INFO - DAG(s) dict_keys(['fraud_detection_pipeline']) retrieved from /Users/adelinerobinet/Documents/Projets Python/exam-fluzz-fraud-detection/adeline/pipelines/airflow/fraud_pipeline.py
[2025-09-03T10:10:11.659+0200] {logging_mixin.py:154} INFO - [2025-09-03T10:10:11.659+0200] {dag.py:2941} INFO - Sync 1 DAGs
[2025-09-03T10:10:11.666+0200] {logging_mixin.py:154} INFO - [2025-09-03T10:10:11.666+0200] {dag.py:3722} INFO - Setting next_dagrun for fraud_detection_pipeline to 2025-09-03T00:00:00+00:00, run_after=2025-09-04T00:00:00+00:00
[2025-09-03T10:10:11.676+0200] {processor.py:179} INFO - Processing /Users/adelinerobinet/Documents/Projets Python/exam-fluzz-fraud-detection/adeline/pipelines/airflow/fraud_pipeline.py took 5.028 seconds
[2025-09-03T10:10:43.181+0200] {processor.py:157} INFO - Started process (PID=30412) to work on /Users/adelinerobinet/Documents/Projets Python/exam-fluzz-fraud-detection/adeline/pipelines/airflow/fraud_pipeline.py
[2025-09-03T10:10:43.187+0200] {processor.py:829} INFO - Processing file /Users/adelinerobinet/Documents/Projets Python/exam-fluzz-fraud-detection/adeline/pipelines/airflow/fraud_pipeline.py for tasks to queue
[2025-09-03T10:10:43.188+0200] {logging_mixin.py:154} INFO - [2025-09-03T10:10:43.188+0200] {dagbag.py:536} INFO - Filling up the DagBag from /Users/adelinerobinet/Documents/Projets Python/exam-fluzz-fraud-detection/adeline/pipelines/airflow/fraud_pipeline.py
[2025-09-03T10:10:47.224+0200] {processor.py:839} INFO - DAG(s) dict_keys(['fraud_detection_pipeline']) retrieved from /Users/adelinerobinet/Documents/Projets Python/exam-fluzz-fraud-detection/adeline/pipelines/airflow/fraud_pipeline.py
[2025-09-03T10:10:47.315+0200] {logging_mixin.py:154} INFO - [2025-09-03T10:10:47.315+0200] {dag.py:2941} INFO - Sync 1 DAGs
[2025-09-03T10:10:47.323+0200] {logging_mixin.py:154} INFO - [2025-09-03T10:10:47.323+0200] {dag.py:3722} INFO - Setting next_dagrun for fraud_detection_pipeline to 2025-09-03T00:00:00+00:00, run_after=2025-09-04T00:00:00+00:00
[2025-09-03T10:10:47.334+0200] {processor.py:179} INFO - Processing /Users/adelinerobinet/Documents/Projets Python/exam-fluzz-fraud-detection/adeline/pipelines/airflow/fraud_pipeline.py took 4.154 seconds
[2025-09-03T10:11:18.801+0200] {processor.py:157} INFO - Started process (PID=30442) to work on /Users/adelinerobinet/Documents/Projets Python/exam-fluzz-fraud-detection/adeline/pipelines/airflow/fraud_pipeline.py
[2025-09-03T10:11:18.807+0200] {processor.py:829} INFO - Processing file /Users/adelinerobinet/Documents/Projets Python/exam-fluzz-fraud-detection/adeline/pipelines/airflow/fraud_pipeline.py for tasks to queue
[2025-09-03T10:11:18.808+0200] {logging_mixin.py:154} INFO - [2025-09-03T10:11:18.808+0200] {dagbag.py:536} INFO - Filling up the DagBag from /Users/adelinerobinet/Documents/Projets Python/exam-fluzz-fraud-detection/adeline/pipelines/airflow/fraud_pipeline.py
[2025-09-03T10:11:22.886+0200] {processor.py:839} INFO - DAG(s) dict_keys(['fraud_detection_pipeline']) retrieved from /Users/adelinerobinet/Documents/Projets Python/exam-fluzz-fraud-detection/adeline/pipelines/airflow/fraud_pipeline.py
[2025-09-03T10:11:22.979+0200] {logging_mixin.py:154} INFO - [2025-09-03T10:11:22.979+0200] {dag.py:2941} INFO - Sync 1 DAGs
[2025-09-03T10:11:22.986+0200] {logging_mixin.py:154} INFO - [2025-09-03T10:11:22.986+0200] {dag.py:3722} INFO - Setting next_dagrun for fraud_detection_pipeline to 2025-09-03T00:00:00+00:00, run_after=2025-09-04T00:00:00+00:00
[2025-09-03T10:11:22.998+0200] {processor.py:179} INFO - Processing /Users/adelinerobinet/Documents/Projets Python/exam-fluzz-fraud-detection/adeline/pipelines/airflow/fraud_pipeline.py took 4.197 seconds
[2025-09-03T10:11:54.440+0200] {processor.py:157} INFO - Started process (PID=30453) to work on /Users/adelinerobinet/Documents/Projets Python/exam-fluzz-fraud-detection/adeline/pipelines/airflow/fraud_pipeline.py
[2025-09-03T10:11:54.445+0200] {processor.py:829} INFO - Processing file /Users/adelinerobinet/Documents/Projets Python/exam-fluzz-fraud-detection/adeline/pipelines/airflow/fraud_pipeline.py for tasks to queue
[2025-09-03T10:11:54.445+0200] {logging_mixin.py:154} INFO - [2025-09-03T10:11:54.445+0200] {dagbag.py:536} INFO - Filling up the DagBag from /Users/adelinerobinet/Documents/Projets Python/exam-fluzz-fraud-detection/adeline/pipelines/airflow/fraud_pipeline.py
[2025-09-03T10:11:58.578+0200] {processor.py:839} INFO - DAG(s) dict_keys(['fraud_detection_pipeline']) retrieved from /Users/adelinerobinet/Documents/Projets Python/exam-fluzz-fraud-detection/adeline/pipelines/airflow/fraud_pipeline.py
[2025-09-03T10:11:58.762+0200] {logging_mixin.py:154} INFO - [2025-09-03T10:11:58.762+0200] {dag.py:2941} INFO - Sync 1 DAGs
[2025-09-03T10:11:58.770+0200] {logging_mixin.py:154} INFO - [2025-09-03T10:11:58.769+0200] {dag.py:3722} INFO - Setting next_dagrun for fraud_detection_pipeline to 2025-09-03T00:00:00+00:00, run_after=2025-09-04T00:00:00+00:00
[2025-09-03T10:11:58.782+0200] {processor.py:179} INFO - Processing /Users/adelinerobinet/Documents/Projets Python/exam-fluzz-fraud-detection/adeline/pipelines/airflow/fraud_pipeline.py took 4.342 seconds
[2025-09-03T10:12:30.251+0200] {processor.py:157} INFO - Started process (PID=30465) to work on /Users/adelinerobinet/Documents/Projets Python/exam-fluzz-fraud-detection/adeline/pipelines/airflow/fraud_pipeline.py
[2025-09-03T10:12:30.257+0200] {processor.py:829} INFO - Processing file /Users/adelinerobinet/Documents/Projets Python/exam-fluzz-fraud-detection/adeline/pipelines/airflow/fraud_pipeline.py for tasks to queue
[2025-09-03T10:12:30.257+0200] {logging_mixin.py:154} INFO - [2025-09-03T10:12:30.257+0200] {dagbag.py:536} INFO - Filling up the DagBag from /Users/adelinerobinet/Documents/Projets Python/exam-fluzz-fraud-detection/adeline/pipelines/airflow/fraud_pipeline.py
[2025-09-03T10:12:34.235+0200] {processor.py:839} INFO - DAG(s) dict_keys(['fraud_detection_pipeline']) retrieved from /Users/adelinerobinet/Documents/Projets Python/exam-fluzz-fraud-detection/adeline/pipelines/airflow/fraud_pipeline.py
[2025-09-03T10:12:34.327+0200] {logging_mixin.py:154} INFO - [2025-09-03T10:12:34.326+0200] {dag.py:2941} INFO - Sync 1 DAGs
[2025-09-03T10:12:34.334+0200] {logging_mixin.py:154} INFO - [2025-09-03T10:12:34.333+0200] {dag.py:3722} INFO - Setting next_dagrun for fraud_detection_pipeline to 2025-09-03T00:00:00+00:00, run_after=2025-09-04T00:00:00+00:00
[2025-09-03T10:12:34.345+0200] {processor.py:179} INFO - Processing /Users/adelinerobinet/Documents/Projets Python/exam-fluzz-fraud-detection/adeline/pipelines/airflow/fraud_pipeline.py took 4.094 seconds
[2025-09-03T10:13:05.816+0200] {processor.py:157} INFO - Started process (PID=30474) to work on /Users/adelinerobinet/Documents/Projets Python/exam-fluzz-fraud-detection/adeline/pipelines/airflow/fraud_pipeline.py
[2025-09-03T10:13:05.822+0200] {processor.py:829} INFO - Processing file /Users/adelinerobinet/Documents/Projets Python/exam-fluzz-fraud-detection/adeline/pipelines/airflow/fraud_pipeline.py for tasks to queue
[2025-09-03T10:13:05.822+0200] {logging_mixin.py:154} INFO - [2025-09-03T10:13:05.822+0200] {dagbag.py:536} INFO - Filling up the DagBag from /Users/adelinerobinet/Documents/Projets Python/exam-fluzz-fraud-detection/adeline/pipelines/airflow/fraud_pipeline.py
[2025-09-03T10:13:10.059+0200] {processor.py:839} INFO - DAG(s) dict_keys(['fraud_detection_pipeline']) retrieved from /Users/adelinerobinet/Documents/Projets Python/exam-fluzz-fraud-detection/adeline/pipelines/airflow/fraud_pipeline.py
[2025-09-03T10:13:10.149+0200] {logging_mixin.py:154} INFO - [2025-09-03T10:13:10.149+0200] {dag.py:2941} INFO - Sync 1 DAGs
[2025-09-03T10:13:10.157+0200] {logging_mixin.py:154} INFO - [2025-09-03T10:13:10.156+0200] {dag.py:3722} INFO - Setting next_dagrun for fraud_detection_pipeline to 2025-09-03T00:00:00+00:00, run_after=2025-09-04T00:00:00+00:00
[2025-09-03T10:13:10.169+0200] {processor.py:179} INFO - Processing /Users/adelinerobinet/Documents/Projets Python/exam-fluzz-fraud-detection/adeline/pipelines/airflow/fraud_pipeline.py took 4.353 seconds
[2025-09-03T10:13:41.627+0200] {processor.py:157} INFO - Started process (PID=30493) to work on /Users/adelinerobinet/Documents/Projets Python/exam-fluzz-fraud-detection/adeline/pipelines/airflow/fraud_pipeline.py
[2025-09-03T10:13:41.631+0200] {processor.py:829} INFO - Processing file /Users/adelinerobinet/Documents/Projets Python/exam-fluzz-fraud-detection/adeline/pipelines/airflow/fraud_pipeline.py for tasks to queue
[2025-09-03T10:13:41.631+0200] {logging_mixin.py:154} INFO - [2025-09-03T10:13:41.631+0200] {dagbag.py:536} INFO - Filling up the DagBag from /Users/adelinerobinet/Documents/Projets Python/exam-fluzz-fraud-detection/adeline/pipelines/airflow/fraud_pipeline.py
[2025-09-03T10:13:45.769+0200] {processor.py:839} INFO - DAG(s) dict_keys(['fraud_detection_pipeline']) retrieved from /Users/adelinerobinet/Documents/Projets Python/exam-fluzz-fraud-detection/adeline/pipelines/airflow/fraud_pipeline.py
[2025-09-03T10:13:45.861+0200] {logging_mixin.py:154} INFO - [2025-09-03T10:13:45.860+0200] {dag.py:2941} INFO - Sync 1 DAGs
[2025-09-03T10:13:45.868+0200] {logging_mixin.py:154} INFO - [2025-09-03T10:13:45.868+0200] {dag.py:3722} INFO - Setting next_dagrun for fraud_detection_pipeline to 2025-09-03T00:00:00+00:00, run_after=2025-09-04T00:00:00+00:00
[2025-09-03T10:13:45.880+0200] {processor.py:179} INFO - Processing /Users/adelinerobinet/Documents/Projets Python/exam-fluzz-fraud-detection/adeline/pipelines/airflow/fraud_pipeline.py took 4.253 seconds
[2025-09-03T10:14:17.355+0200] {processor.py:157} INFO - Started process (PID=30507) to work on /Users/adelinerobinet/Documents/Projets Python/exam-fluzz-fraud-detection/adeline/pipelines/airflow/fraud_pipeline.py
[2025-09-03T10:14:17.361+0200] {processor.py:829} INFO - Processing file /Users/adelinerobinet/Documents/Projets Python/exam-fluzz-fraud-detection/adeline/pipelines/airflow/fraud_pipeline.py for tasks to queue
[2025-09-03T10:14:17.361+0200] {logging_mixin.py:154} INFO - [2025-09-03T10:14:17.361+0200] {dagbag.py:536} INFO - Filling up the DagBag from /Users/adelinerobinet/Documents/Projets Python/exam-fluzz-fraud-detection/adeline/pipelines/airflow/fraud_pipeline.py
[2025-09-03T10:14:21.497+0200] {processor.py:839} INFO - DAG(s) dict_keys(['fraud_detection_pipeline']) retrieved from /Users/adelinerobinet/Documents/Projets Python/exam-fluzz-fraud-detection/adeline/pipelines/airflow/fraud_pipeline.py
[2025-09-03T10:14:21.588+0200] {logging_mixin.py:154} INFO - [2025-09-03T10:14:21.587+0200] {dag.py:2941} INFO - Sync 1 DAGs
[2025-09-03T10:14:21.595+0200] {logging_mixin.py:154} INFO - [2025-09-03T10:14:21.595+0200] {dag.py:3722} INFO - Setting next_dagrun for fraud_detection_pipeline to 2025-09-03T00:00:00+00:00, run_after=2025-09-04T00:00:00+00:00
[2025-09-03T10:14:21.607+0200] {processor.py:179} INFO - Processing /Users/adelinerobinet/Documents/Projets Python/exam-fluzz-fraud-detection/adeline/pipelines/airflow/fraud_pipeline.py took 4.253 seconds
[2025-09-03T10:14:53.060+0200] {processor.py:157} INFO - Started process (PID=30529) to work on /Users/adelinerobinet/Documents/Projets Python/exam-fluzz-fraud-detection/adeline/pipelines/airflow/fraud_pipeline.py
[2025-09-03T10:14:53.068+0200] {processor.py:829} INFO - Processing file /Users/adelinerobinet/Documents/Projets Python/exam-fluzz-fraud-detection/adeline/pipelines/airflow/fraud_pipeline.py for tasks to queue
[2025-09-03T10:14:53.068+0200] {logging_mixin.py:154} INFO - [2025-09-03T10:14:53.068+0200] {dagbag.py:536} INFO - Filling up the DagBag from /Users/adelinerobinet/Documents/Projets Python/exam-fluzz-fraud-detection/adeline/pipelines/airflow/fraud_pipeline.py
[2025-09-03T10:14:57.314+0200] {processor.py:839} INFO - DAG(s) dict_keys(['fraud_detection_pipeline']) retrieved from /Users/adelinerobinet/Documents/Projets Python/exam-fluzz-fraud-detection/adeline/pipelines/airflow/fraud_pipeline.py
[2025-09-03T10:14:57.406+0200] {logging_mixin.py:154} INFO - [2025-09-03T10:14:57.406+0200] {dag.py:2941} INFO - Sync 1 DAGs
[2025-09-03T10:14:57.413+0200] {logging_mixin.py:154} INFO - [2025-09-03T10:14:57.413+0200] {dag.py:3722} INFO - Setting next_dagrun for fraud_detection_pipeline to 2025-09-03T00:00:00+00:00, run_after=2025-09-04T00:00:00+00:00
[2025-09-03T10:14:57.424+0200] {processor.py:179} INFO - Processing /Users/adelinerobinet/Documents/Projets Python/exam-fluzz-fraud-detection/adeline/pipelines/airflow/fraud_pipeline.py took 4.365 seconds
[2025-09-03T10:15:28.853+0200] {processor.py:157} INFO - Started process (PID=30539) to work on /Users/adelinerobinet/Documents/Projets Python/exam-fluzz-fraud-detection/adeline/pipelines/airflow/fraud_pipeline.py
[2025-09-03T10:15:28.859+0200] {processor.py:829} INFO - Processing file /Users/adelinerobinet/Documents/Projets Python/exam-fluzz-fraud-detection/adeline/pipelines/airflow/fraud_pipeline.py for tasks to queue
[2025-09-03T10:15:28.859+0200] {logging_mixin.py:154} INFO - [2025-09-03T10:15:28.859+0200] {dagbag.py:536} INFO - Filling up the DagBag from /Users/adelinerobinet/Documents/Projets Python/exam-fluzz-fraud-detection/adeline/pipelines/airflow/fraud_pipeline.py
[2025-09-03T10:15:32.914+0200] {processor.py:839} INFO - DAG(s) dict_keys(['fraud_detection_pipeline']) retrieved from /Users/adelinerobinet/Documents/Projets Python/exam-fluzz-fraud-detection/adeline/pipelines/airflow/fraud_pipeline.py
[2025-09-03T10:15:33.010+0200] {logging_mixin.py:154} INFO - [2025-09-03T10:15:33.010+0200] {dag.py:2941} INFO - Sync 1 DAGs
[2025-09-03T10:15:33.017+0200] {logging_mixin.py:154} INFO - [2025-09-03T10:15:33.017+0200] {dag.py:3722} INFO - Setting next_dagrun for fraud_detection_pipeline to 2025-09-03T00:00:00+00:00, run_after=2025-09-04T00:00:00+00:00
[2025-09-03T10:15:33.028+0200] {processor.py:179} INFO - Processing /Users/adelinerobinet/Documents/Projets Python/exam-fluzz-fraud-detection/adeline/pipelines/airflow/fraud_pipeline.py took 4.175 seconds
[2025-09-03T10:16:04.537+0200] {processor.py:157} INFO - Started process (PID=30576) to work on /Users/adelinerobinet/Documents/Projets Python/exam-fluzz-fraud-detection/adeline/pipelines/airflow/fraud_pipeline.py
[2025-09-03T10:16:04.545+0200] {processor.py:829} INFO - Processing file /Users/adelinerobinet/Documents/Projets Python/exam-fluzz-fraud-detection/adeline/pipelines/airflow/fraud_pipeline.py for tasks to queue
[2025-09-03T10:16:04.545+0200] {logging_mixin.py:154} INFO - [2025-09-03T10:16:04.545+0200] {dagbag.py:536} INFO - Filling up the DagBag from /Users/adelinerobinet/Documents/Projets Python/exam-fluzz-fraud-detection/adeline/pipelines/airflow/fraud_pipeline.py
[2025-09-03T10:16:08.859+0200] {processor.py:839} INFO - DAG(s) dict_keys(['fraud_detection_pipeline']) retrieved from /Users/adelinerobinet/Documents/Projets Python/exam-fluzz-fraud-detection/adeline/pipelines/airflow/fraud_pipeline.py
[2025-09-03T10:16:08.952+0200] {logging_mixin.py:154} INFO - [2025-09-03T10:16:08.952+0200] {dag.py:2941} INFO - Sync 1 DAGs
[2025-09-03T10:16:08.960+0200] {logging_mixin.py:154} INFO - [2025-09-03T10:16:08.960+0200] {dag.py:3722} INFO - Setting next_dagrun for fraud_detection_pipeline to 2025-09-03T00:00:00+00:00, run_after=2025-09-04T00:00:00+00:00
[2025-09-03T10:16:08.971+0200] {processor.py:179} INFO - Processing /Users/adelinerobinet/Documents/Projets Python/exam-fluzz-fraud-detection/adeline/pipelines/airflow/fraud_pipeline.py took 4.435 seconds
[2025-09-03T10:16:40.577+0200] {processor.py:157} INFO - Started process (PID=30633) to work on /Users/adelinerobinet/Documents/Projets Python/exam-fluzz-fraud-detection/adeline/pipelines/airflow/fraud_pipeline.py
[2025-09-03T10:16:40.579+0200] {processor.py:829} INFO - Processing file /Users/adelinerobinet/Documents/Projets Python/exam-fluzz-fraud-detection/adeline/pipelines/airflow/fraud_pipeline.py for tasks to queue
[2025-09-03T10:16:40.579+0200] {logging_mixin.py:154} INFO - [2025-09-03T10:16:40.579+0200] {dagbag.py:536} INFO - Filling up the DagBag from /Users/adelinerobinet/Documents/Projets Python/exam-fluzz-fraud-detection/adeline/pipelines/airflow/fraud_pipeline.py
[2025-09-03T10:16:45.268+0200] {processor.py:839} INFO - DAG(s) dict_keys(['fraud_detection_pipeline']) retrieved from /Users/adelinerobinet/Documents/Projets Python/exam-fluzz-fraud-detection/adeline/pipelines/airflow/fraud_pipeline.py
[2025-09-03T10:16:45.366+0200] {logging_mixin.py:154} INFO - [2025-09-03T10:16:45.366+0200] {dag.py:2941} INFO - Sync 1 DAGs
[2025-09-03T10:16:45.374+0200] {logging_mixin.py:154} INFO - [2025-09-03T10:16:45.374+0200] {dag.py:3722} INFO - Setting next_dagrun for fraud_detection_pipeline to 2025-09-03T00:00:00+00:00, run_after=2025-09-04T00:00:00+00:00
[2025-09-03T10:16:45.386+0200] {processor.py:179} INFO - Processing /Users/adelinerobinet/Documents/Projets Python/exam-fluzz-fraud-detection/adeline/pipelines/airflow/fraud_pipeline.py took 4.810 seconds
[2025-09-03T10:17:16.852+0200] {processor.py:157} INFO - Started process (PID=30645) to work on /Users/adelinerobinet/Documents/Projets Python/exam-fluzz-fraud-detection/adeline/pipelines/airflow/fraud_pipeline.py
[2025-09-03T10:17:16.863+0200] {processor.py:829} INFO - Processing file /Users/adelinerobinet/Documents/Projets Python/exam-fluzz-fraud-detection/adeline/pipelines/airflow/fraud_pipeline.py for tasks to queue
[2025-09-03T10:17:16.864+0200] {logging_mixin.py:154} INFO - [2025-09-03T10:17:16.864+0200] {dagbag.py:536} INFO - Filling up the DagBag from /Users/adelinerobinet/Documents/Projets Python/exam-fluzz-fraud-detection/adeline/pipelines/airflow/fraud_pipeline.py
[2025-09-03T10:17:20.893+0200] {processor.py:839} INFO - DAG(s) dict_keys(['fraud_detection_pipeline']) retrieved from /Users/adelinerobinet/Documents/Projets Python/exam-fluzz-fraud-detection/adeline/pipelines/airflow/fraud_pipeline.py
[2025-09-03T10:17:20.995+0200] {logging_mixin.py:154} INFO - [2025-09-03T10:17:20.995+0200] {dag.py:2941} INFO - Sync 1 DAGs
[2025-09-03T10:17:21.004+0200] {logging_mixin.py:154} INFO - [2025-09-03T10:17:21.004+0200] {dag.py:3722} INFO - Setting next_dagrun for fraud_detection_pipeline to 2025-09-03T00:00:00+00:00, run_after=2025-09-04T00:00:00+00:00
[2025-09-03T10:17:21.019+0200] {processor.py:179} INFO - Processing /Users/adelinerobinet/Documents/Projets Python/exam-fluzz-fraud-detection/adeline/pipelines/airflow/fraud_pipeline.py took 4.167 seconds
[2025-09-03T10:17:52.473+0200] {processor.py:157} INFO - Started process (PID=30658) to work on /Users/adelinerobinet/Documents/Projets Python/exam-fluzz-fraud-detection/adeline/pipelines/airflow/fraud_pipeline.py
[2025-09-03T10:17:52.478+0200] {processor.py:829} INFO - Processing file /Users/adelinerobinet/Documents/Projets Python/exam-fluzz-fraud-detection/adeline/pipelines/airflow/fraud_pipeline.py for tasks to queue
[2025-09-03T10:17:52.479+0200] {logging_mixin.py:154} INFO - [2025-09-03T10:17:52.479+0200] {dagbag.py:536} INFO - Filling up the DagBag from /Users/adelinerobinet/Documents/Projets Python/exam-fluzz-fraud-detection/adeline/pipelines/airflow/fraud_pipeline.py
[2025-09-03T10:17:56.480+0200] {processor.py:839} INFO - DAG(s) dict_keys(['fraud_detection_pipeline']) retrieved from /Users/adelinerobinet/Documents/Projets Python/exam-fluzz-fraud-detection/adeline/pipelines/airflow/fraud_pipeline.py
[2025-09-03T10:17:56.568+0200] {logging_mixin.py:154} INFO - [2025-09-03T10:17:56.567+0200] {dag.py:2941} INFO - Sync 1 DAGs
[2025-09-03T10:17:56.575+0200] {logging_mixin.py:154} INFO - [2025-09-03T10:17:56.575+0200] {dag.py:3722} INFO - Setting next_dagrun for fraud_detection_pipeline to 2025-09-03T00:00:00+00:00, run_after=2025-09-04T00:00:00+00:00
[2025-09-03T10:17:56.586+0200] {processor.py:179} INFO - Processing /Users/adelinerobinet/Documents/Projets Python/exam-fluzz-fraud-detection/adeline/pipelines/airflow/fraud_pipeline.py took 4.113 seconds
[2025-09-03T10:18:28.058+0200] {processor.py:157} INFO - Started process (PID=30672) to work on /Users/adelinerobinet/Documents/Projets Python/exam-fluzz-fraud-detection/adeline/pipelines/airflow/fraud_pipeline.py
[2025-09-03T10:18:28.064+0200] {processor.py:829} INFO - Processing file /Users/adelinerobinet/Documents/Projets Python/exam-fluzz-fraud-detection/adeline/pipelines/airflow/fraud_pipeline.py for tasks to queue
[2025-09-03T10:18:28.064+0200] {logging_mixin.py:154} INFO - [2025-09-03T10:18:28.064+0200] {dagbag.py:536} INFO - Filling up the DagBag from /Users/adelinerobinet/Documents/Projets Python/exam-fluzz-fraud-detection/adeline/pipelines/airflow/fraud_pipeline.py
[2025-09-03T10:18:32.065+0200] {processor.py:839} INFO - DAG(s) dict_keys(['fraud_detection_pipeline']) retrieved from /Users/adelinerobinet/Documents/Projets Python/exam-fluzz-fraud-detection/adeline/pipelines/airflow/fraud_pipeline.py
[2025-09-03T10:18:32.158+0200] {logging_mixin.py:154} INFO - [2025-09-03T10:18:32.157+0200] {dag.py:2941} INFO - Sync 1 DAGs
[2025-09-03T10:18:32.165+0200] {logging_mixin.py:154} INFO - [2025-09-03T10:18:32.164+0200] {dag.py:3722} INFO - Setting next_dagrun for fraud_detection_pipeline to 2025-09-03T00:00:00+00:00, run_after=2025-09-04T00:00:00+00:00
[2025-09-03T10:18:32.176+0200] {processor.py:179} INFO - Processing /Users/adelinerobinet/Documents/Projets Python/exam-fluzz-fraud-detection/adeline/pipelines/airflow/fraud_pipeline.py took 4.118 seconds
[2025-09-03T10:19:03.625+0200] {processor.py:157} INFO - Started process (PID=30716) to work on /Users/adelinerobinet/Documents/Projets Python/exam-fluzz-fraud-detection/adeline/pipelines/airflow/fraud_pipeline.py
[2025-09-03T10:19:03.634+0200] {processor.py:829} INFO - Processing file /Users/adelinerobinet/Documents/Projets Python/exam-fluzz-fraud-detection/adeline/pipelines/airflow/fraud_pipeline.py for tasks to queue
[2025-09-03T10:19:03.635+0200] {logging_mixin.py:154} INFO - [2025-09-03T10:19:03.635+0200] {dagbag.py:536} INFO - Filling up the DagBag from /Users/adelinerobinet/Documents/Projets Python/exam-fluzz-fraud-detection/adeline/pipelines/airflow/fraud_pipeline.py
[2025-09-03T10:19:07.563+0200] {processor.py:839} INFO - DAG(s) dict_keys(['fraud_detection_pipeline']) retrieved from /Users/adelinerobinet/Documents/Projets Python/exam-fluzz-fraud-detection/adeline/pipelines/airflow/fraud_pipeline.py
[2025-09-03T10:19:07.662+0200] {logging_mixin.py:154} INFO - [2025-09-03T10:19:07.662+0200] {dag.py:2941} INFO - Sync 1 DAGs
[2025-09-03T10:19:07.670+0200] {logging_mixin.py:154} INFO - [2025-09-03T10:19:07.670+0200] {dag.py:3722} INFO - Setting next_dagrun for fraud_detection_pipeline to 2025-09-03T00:00:00+00:00, run_after=2025-09-04T00:00:00+00:00
[2025-09-03T10:19:07.681+0200] {processor.py:179} INFO - Processing /Users/adelinerobinet/Documents/Projets Python/exam-fluzz-fraud-detection/adeline/pipelines/airflow/fraud_pipeline.py took 4.057 seconds
[2025-09-03T10:19:39.178+0200] {processor.py:157} INFO - Started process (PID=30753) to work on /Users/adelinerobinet/Documents/Projets Python/exam-fluzz-fraud-detection/adeline/pipelines/airflow/fraud_pipeline.py
[2025-09-03T10:19:39.183+0200] {processor.py:829} INFO - Processing file /Users/adelinerobinet/Documents/Projets Python/exam-fluzz-fraud-detection/adeline/pipelines/airflow/fraud_pipeline.py for tasks to queue
[2025-09-03T10:19:39.183+0200] {logging_mixin.py:154} INFO - [2025-09-03T10:19:39.183+0200] {dagbag.py:536} INFO - Filling up the DagBag from /Users/adelinerobinet/Documents/Projets Python/exam-fluzz-fraud-detection/adeline/pipelines/airflow/fraud_pipeline.py
[2025-09-03T10:19:43.338+0200] {processor.py:839} INFO - DAG(s) dict_keys(['fraud_detection_pipeline']) retrieved from /Users/adelinerobinet/Documents/Projets Python/exam-fluzz-fraud-detection/adeline/pipelines/airflow/fraud_pipeline.py
[2025-09-03T10:19:43.434+0200] {logging_mixin.py:154} INFO - [2025-09-03T10:19:43.434+0200] {dag.py:2941} INFO - Sync 1 DAGs
[2025-09-03T10:19:43.441+0200] {logging_mixin.py:154} INFO - [2025-09-03T10:19:43.441+0200] {dag.py:3722} INFO - Setting next_dagrun for fraud_detection_pipeline to 2025-09-03T00:00:00+00:00, run_after=2025-09-04T00:00:00+00:00
[2025-09-03T10:19:43.454+0200] {processor.py:179} INFO - Processing /Users/adelinerobinet/Documents/Projets Python/exam-fluzz-fraud-detection/adeline/pipelines/airflow/fraud_pipeline.py took 4.277 seconds
[2025-09-03T10:20:14.897+0200] {processor.py:157} INFO - Started process (PID=30771) to work on /Users/adelinerobinet/Documents/Projets Python/exam-fluzz-fraud-detection/adeline/pipelines/airflow/fraud_pipeline.py
[2025-09-03T10:20:14.903+0200] {processor.py:829} INFO - Processing file /Users/adelinerobinet/Documents/Projets Python/exam-fluzz-fraud-detection/adeline/pipelines/airflow/fraud_pipeline.py for tasks to queue
[2025-09-03T10:20:14.903+0200] {logging_mixin.py:154} INFO - [2025-09-03T10:20:14.903+0200] {dagbag.py:536} INFO - Filling up the DagBag from /Users/adelinerobinet/Documents/Projets Python/exam-fluzz-fraud-detection/adeline/pipelines/airflow/fraud_pipeline.py
[2025-09-03T10:20:18.971+0200] {processor.py:839} INFO - DAG(s) dict_keys(['fraud_detection_pipeline']) retrieved from /Users/adelinerobinet/Documents/Projets Python/exam-fluzz-fraud-detection/adeline/pipelines/airflow/fraud_pipeline.py
[2025-09-03T10:20:19.061+0200] {logging_mixin.py:154} INFO - [2025-09-03T10:20:19.060+0200] {dag.py:2941} INFO - Sync 1 DAGs
[2025-09-03T10:20:19.068+0200] {logging_mixin.py:154} INFO - [2025-09-03T10:20:19.068+0200] {dag.py:3722} INFO - Setting next_dagrun for fraud_detection_pipeline to 2025-09-03T00:00:00+00:00, run_after=2025-09-04T00:00:00+00:00
[2025-09-03T10:20:19.079+0200] {processor.py:179} INFO - Processing /Users/adelinerobinet/Documents/Projets Python/exam-fluzz-fraud-detection/adeline/pipelines/airflow/fraud_pipeline.py took 4.182 seconds
[2025-09-03T10:20:50.535+0200] {processor.py:157} INFO - Started process (PID=30779) to work on /Users/adelinerobinet/Documents/Projets Python/exam-fluzz-fraud-detection/adeline/pipelines/airflow/fraud_pipeline.py
[2025-09-03T10:20:50.541+0200] {processor.py:829} INFO - Processing file /Users/adelinerobinet/Documents/Projets Python/exam-fluzz-fraud-detection/adeline/pipelines/airflow/fraud_pipeline.py for tasks to queue
[2025-09-03T10:20:50.541+0200] {logging_mixin.py:154} INFO - [2025-09-03T10:20:50.541+0200] {dagbag.py:536} INFO - Filling up the DagBag from /Users/adelinerobinet/Documents/Projets Python/exam-fluzz-fraud-detection/adeline/pipelines/airflow/fraud_pipeline.py
[2025-09-03T10:20:54.666+0200] {processor.py:839} INFO - DAG(s) dict_keys(['fraud_detection_pipeline']) retrieved from /Users/adelinerobinet/Documents/Projets Python/exam-fluzz-fraud-detection/adeline/pipelines/airflow/fraud_pipeline.py
[2025-09-03T10:20:54.759+0200] {logging_mixin.py:154} INFO - [2025-09-03T10:20:54.759+0200] {dag.py:2941} INFO - Sync 1 DAGs
[2025-09-03T10:20:54.766+0200] {logging_mixin.py:154} INFO - [2025-09-03T10:20:54.766+0200] {dag.py:3722} INFO - Setting next_dagrun for fraud_detection_pipeline to 2025-09-03T00:00:00+00:00, run_after=2025-09-04T00:00:00+00:00
[2025-09-03T10:20:54.779+0200] {processor.py:179} INFO - Processing /Users/adelinerobinet/Documents/Projets Python/exam-fluzz-fraud-detection/adeline/pipelines/airflow/fraud_pipeline.py took 4.245 seconds
[2025-09-03T10:32:44.460+0200] {processor.py:157} INFO - Started process (PID=30848) to work on /Users/adelinerobinet/Documents/Projets Python/exam-fluzz-fraud-detection/adeline/pipelines/airflow/fraud_pipeline.py
[2025-09-03T10:32:44.475+0200] {processor.py:829} INFO - Processing file /Users/adelinerobinet/Documents/Projets Python/exam-fluzz-fraud-detection/adeline/pipelines/airflow/fraud_pipeline.py for tasks to queue
[2025-09-03T10:32:44.477+0200] {logging_mixin.py:154} INFO - [2025-09-03T10:32:44.476+0200] {dagbag.py:536} INFO - Filling up the DagBag from /Users/adelinerobinet/Documents/Projets Python/exam-fluzz-fraud-detection/adeline/pipelines/airflow/fraud_pipeline.py
[2025-09-03T10:32:49.679+0200] {processor.py:839} INFO - DAG(s) dict_keys(['fraud_detection_pipeline']) retrieved from /Users/adelinerobinet/Documents/Projets Python/exam-fluzz-fraud-detection/adeline/pipelines/airflow/fraud_pipeline.py
[2025-09-03T10:32:49.775+0200] {logging_mixin.py:154} INFO - [2025-09-03T10:32:49.775+0200] {dag.py:2941} INFO - Sync 1 DAGs
[2025-09-03T10:32:49.782+0200] {logging_mixin.py:154} INFO - [2025-09-03T10:32:49.782+0200] {dag.py:3722} INFO - Setting next_dagrun for fraud_detection_pipeline to 2025-09-03T00:00:00+00:00, run_after=2025-09-04T00:00:00+00:00
[2025-09-03T10:32:49.792+0200] {processor.py:179} INFO - Processing /Users/adelinerobinet/Documents/Projets Python/exam-fluzz-fraud-detection/adeline/pipelines/airflow/fraud_pipeline.py took 5.333 seconds
