[2025-09-01T14:11:27.275+0200] {taskinstance.py:1159} INFO - Dependencies all met for dep_context=non-requeueable deps ti=<TaskInstance: fraud_detection_pipeline.notify scheduled__2025-08-31T00:00:00+00:00 [queued]>
[2025-09-01T14:11:27.285+0200] {taskinstance.py:1159} INFO - Dependencies all met for dep_context=requeueable deps ti=<TaskInstance: fraud_detection_pipeline.notify scheduled__2025-08-31T00:00:00+00:00 [queued]>
[2025-09-01T14:11:27.285+0200] {taskinstance.py:1361} INFO - Starting attempt 1 of 3
[2025-09-01T14:11:27.299+0200] {taskinstance.py:1382} INFO - Executing <Task(PythonOperator): notify> on 2025-08-31 00:00:00+00:00
[2025-09-01T14:11:27.317+0200] {standard_task_runner.py:57} INFO - Started process 81719 to run task
[2025-09-01T14:11:27.322+0200] {standard_task_runner.py:84} INFO - Running: ['airflow', 'tasks', 'run', 'fraud_detection_pipeline', 'notify', 'scheduled__2025-08-31T00:00:00+00:00', '--job-id', '50', '--raw', '--subdir', 'DAGS_FOLDER/fraud_pipeline.py', '--cfg-path', '/var/folders/jw/3gjd6ln50hq0ww6wh8twy1780000gn/T/tmp11fmy_57']
[2025-09-01T14:11:27.324+0200] {standard_task_runner.py:85} INFO - Job 50: Subtask notify
[2025-09-01T14:11:27.379+0200] {task_command.py:416} INFO - Running <TaskInstance: fraud_detection_pipeline.notify scheduled__2025-08-31T00:00:00+00:00 [running]> on host pc-481.home
[2025-09-01T14:11:27.421+0200] {taskinstance.py:1662} INFO - Exporting env vars: AIRFLOW_CTX_DAG_OWNER='data-science-team' AIRFLOW_CTX_DAG_ID='fraud_detection_pipeline' AIRFLOW_CTX_TASK_ID='notify' AIRFLOW_CTX_EXECUTION_DATE='2025-08-31T00:00:00+00:00' AIRFLOW_CTX_TRY_NUMBER='1' AIRFLOW_CTX_DAG_RUN_ID='scheduled__2025-08-31T00:00:00+00:00'
[2025-09-01T14:11:27.423+0200] {logging_mixin.py:154} WARNING - 2025-09-01 14:11:27,423 - fraud_detection - INFO - 📧 Préparation des notifications...
[2025-09-01T14:11:27.423+0200] {fraud_pipeline.py:341} INFO - 📧 Préparation des notifications...
[2025-09-01T14:11:27.436+0200] {logging_mixin.py:154} WARNING - 2025-09-01 14:11:27,435 - fraud_detection - INFO - ✅ Rapport généré: /Users/adelinerobinet/Documents/Projets Python/exam-fluzz-fraud-detection/adeline/reports/pipeline_report_20250901_141127.md
[2025-09-01T14:11:27.435+0200] {fraud_pipeline.py:386} INFO - ✅ Rapport généré: /Users/adelinerobinet/Documents/Projets Python/exam-fluzz-fraud-detection/adeline/reports/pipeline_report_20250901_141127.md
[2025-09-01T14:11:27.438+0200] {logging_mixin.py:154} WARNING - 2025-09-01 14:11:27,437 - fraud_detection - INFO - 📊 Statut global: success
[2025-09-01T14:11:27.437+0200] {fraud_pipeline.py:387} INFO - 📊 Statut global: success
[2025-09-01T14:11:27.440+0200] {logging_mixin.py:154} WARNING - 2025-09-01 14:11:27,439 - fraud_detection - INFO - 📧 Destinataires configurés: ['data-science@fluzz.com']
[2025-09-01T14:11:27.439+0200] {fraud_pipeline.py:388} INFO - 📧 Destinataires configurés: ['data-science@fluzz.com']
[2025-09-01T14:11:27.441+0200] {python.py:194} INFO - Done. Returned value was: {'status': 'success', 'notifications_sent': True, 'global_pipeline_status': 'success', 'report_path': '/Users/adelinerobinet/Documents/Projets Python/exam-fluzz-fraud-detection/adeline/reports/pipeline_report_20250901_141127.md', 'recipients': ['data-science@fluzz.com'], 'results_summary': {'data_validation': 'success', 'preprocessing': 'success', 'sdv_generation': 'success', 'smote_generation': 'success', 'best_selection': 'success'}}
[2025-09-01T14:11:27.450+0200] {taskinstance.py:1400} INFO - Marking task as SUCCESS. dag_id=fraud_detection_pipeline, task_id=notify, execution_date=20250831T000000, start_date=20250901T121127, end_date=20250901T121127
[2025-09-01T14:11:27.471+0200] {local_task_job_runner.py:228} INFO - Task exited with return code 0
[2025-09-01T14:11:27.480+0200] {taskinstance.py:2778} INFO - 0 downstream tasks scheduled from follow-on schedule check
